<?xml version="1.0" encoding="UTF-8"?>
<testsuites name="VBZ0021-Executive" time="71" tests="6" failures="1" errors="0">
   <testsuite name="VBZ0021-Executive" tests="6" failures="1" errors="0" time="71" timestamp="2018-11-29 15:28:41" hostname="sebastian - Vofox-Sebastian.vofox.com" id="Test Suites/VBZ0021-Executive">
      <properties>
         <property name="deviceName" value=""/>
         <property name="devicePlatform" value=""/>
         <property name="logFolder" value="E:\\Bonanzha\\katalon Bonanzha\\Reports\\VBZ0021-Executive\\20181129_152838"/>
         <property name="logFiles" value="E:\\Bonanzha\\katalon Bonanzha\\Reports\\VBZ0021-Executive\\20181129_152838\\execution0.log"/>
         <property name="attachments" value="E:\\Bonanzha\\katalon Bonanzha\\Reports\\VBZ0021-Executive\\20181129_152838\\1543485588862.png, E:\\Bonanzha\\katalon Bonanzha\\Reports\\VBZ0021-Executive\\20181129_152838\\1543485589211.png"/>
         <property name="hostName" value="sebastian - Vofox-Sebastian.vofox.com"/>
         <property name="os" value="Windows 10 64bit"/>
         <property name="katalonVersion" value="5.8.6.1"/>
         <property name="browser" value="Chrome 70.0.3538.110"/>
         <property name="hostAddress" value="192.168.10.130"/>
         <property name="sessionId" value="b0ac5e72ac603a558e66e98349d1b371"/>
         <property name="seleniumVersion" value="3.7.1"/>
         <property name="proxyInformation" value="ProxyInformation{proxyOption=NO_PROXY, proxyServerType=HTTP, password=, proxyServerAddress=, proxyServerPort=0}"/>
         <property name="platform" value="Windows 10"/>
      </properties>
      <testcase name="Test Cases/Associate Application/Executive/TCBA02301" classname="Test Cases/Associate Application/Executive/TCBA02301" status="PASSED">
         <system-out><![CDATA[2018-11-29 15:28:42 - [TEST_CASE][PASSED] - Test Cases/Associate Application/Executive/TCBA02301: Test Cases/Associate Application/Executive/TCBA02301

2018-11-29 15:28:42 - [TEST_STEP][PASSED] - callTestCase: Call Test Case 'Test Cases/Associate Application/Associate Prod Login/Login' successfully

2018-11-29 15:28:42 - [TEST_CASE][PASSED] - Test Cases/Associate Application/Associate Prod Login/Login: Test Cases/Associate Application/Associate Prod Login/Login

2018-11-29 15:28:43 - [TEST_STEP][PASSED] - openBrowser: Browser is opened with url: ''

2018-11-29 15:28:47 - [MESSAGE][PASSED] - Browser is opened with url: ''

2018-11-29 15:28:47 - [TEST_STEP][PASSED] - maximizeWindow: Current window maximized

2018-11-29 15:28:48 - [MESSAGE][PASSED] - Current window maximized

2018-11-29 15:28:48 - [TEST_STEP][PASSED] - navigateToUrl: Navigate to 'https://192.168.10.72:449/' successfully

2018-11-29 15:28:51 - [MESSAGE][PASSED] - Navigate to 'https://192.168.10.72:449/' successfully

2018-11-29 15:28:51 - [TEST_STEP][PASSED] - setText: Text 'Shinto-Test' is set on object 'Object Repository/Page_Log In  5-15/input_txtUserName'

2018-11-29 15:28:52 - [MESSAGE][PASSED] - Text 'Shinto-Test' is set on object 'Object Repository/Page_Log In  5-15/input_txtUserName'

2018-11-29 15:28:52 - [TEST_STEP][PASSED] - setEncryptedText: Text ****** has been set on object 'Object Repository/Page_Log In  5-15/input_txtPassword'

2018-11-29 15:28:52 - [MESSAGE][PASSED] - Text ****** has been set on object 'Object Repository/Page_Log In  5-15/input_txtPassword'

2018-11-29 15:28:52 - [TEST_STEP][PASSED] - click: Object: 'Object Repository/Page_Log In  5-15/button_Log in' is clicked on

2018-11-29 15:28:52 - [MESSAGE][PASSED] - Object: 'Object Repository/Page_Log In  5-15/button_Log in' is clicked on

2018-11-29 15:28:52 - [TEST_STEP][PASSED] - verifyElementText: Actual text and expected text of test object 'Object Repository/Change Password/Page_Home  5-15/span_My Title' are matched.

2018-11-29 15:28:55 - [MESSAGE][PASSED] - Actual text and expected text of test object 'Object Repository/Change Password/Page_Home  5-15/span_My Title' are matched.

2018-11-29 15:28:55 - [MESSAGE][PASSED] - Call Test Case 'Test Cases/Associate Application/Associate Prod Login/Login' successfully

2018-11-29 15:28:55 - [TEST_STEP][PASSED] - verifyElementText: Actual text and expected text of test object 'Object Repository/Executive/Page_Executive  5-15/Executive Menu' are matched.

2018-11-29 15:28:55 - [MESSAGE][PASSED] - Actual text and expected text of test object 'Object Repository/Executive/Page_Executive  5-15/Executive Menu' are matched.]]></system-out>
         <system-err><![CDATA[]]></system-err>
      </testcase>
      <testcase name="Test Cases/Associate Application/Executive/TCBA02302" classname="Test Cases/Associate Application/Executive/TCBA02302" status="PASSED">
         <system-out><![CDATA[2018-11-29 15:28:55 - [TEST_CASE][PASSED] - Test Cases/Associate Application/Executive/TCBA02302: Test Cases/Associate Application/Executive/TCBA02302

2018-11-29 15:28:55 - [TEST_STEP][PASSED] - waitForElementClickable: Object 'Object Repository/Executive/Page_Home  5-15/a_Executive' is clickable

2018-11-29 15:28:55 - [MESSAGE][PASSED] - Object 'Object Repository/Executive/Page_Home  5-15/a_Executive' is clickable

2018-11-29 15:28:55 - [TEST_STEP][PASSED] - click: Object: 'Object Repository/Executive/Page_Home  5-15/a_Executive' is clicked on

2018-11-29 15:28:56 - [MESSAGE][PASSED] - Object: 'Object Repository/Executive/Page_Home  5-15/a_Executive' is clicked on

2018-11-29 15:28:56 - [TEST_STEP][PASSED] - verifyElementText: Actual text and expected text of test object 'Object Repository/Executive/Page_Executive  5-15/span_Executive' are matched.

2018-11-29 15:28:56 - [MESSAGE][PASSED] - Actual text and expected text of test object 'Object Repository/Executive/Page_Executive  5-15/span_Executive' are matched.

2018-11-29 15:28:56 - [TEST_STEP][PASSED] - verifyElementText: Actual text and expected text of test object 'Object Repository/Executive/Page_Executive  5-15/label_Sponsor' are matched.

2018-11-29 15:28:56 - [MESSAGE][PASSED] - Actual text and expected text of test object 'Object Repository/Executive/Page_Executive  5-15/label_Sponsor' are matched.

2018-11-29 15:28:56 - [TEST_STEP][PASSED] - verifyElementText: Actual text and expected text of test object 'Object Repository/Executive/Page_Executive  5-15/button_FILTER' are matched.

2018-11-29 15:28:56 - [MESSAGE][PASSED] - Actual text and expected text of test object 'Object Repository/Executive/Page_Executive  5-15/button_FILTER' are matched.

2018-11-29 15:28:56 - [TEST_STEP][PASSED] - verifyElementText: Actual text and expected text of test object 'Object Repository/Executive/Page_Executive  5-15/h3_Energy Accounts' are matched.

2018-11-29 15:28:56 - [MESSAGE][PASSED] - Actual text and expected text of test object 'Object Repository/Executive/Page_Executive  5-15/h3_Energy Accounts' are matched.

2018-11-29 15:28:56 - [TEST_STEP][PASSED] - verifyElementText: Actual text and expected text of test object 'Object Repository/Executive/Page_Executive  5-15/div_Status' are matched.

2018-11-29 15:28:56 - [MESSAGE][PASSED] - Actual text and expected text of test object 'Object Repository/Executive/Page_Executive  5-15/div_Status' are matched.

2018-11-29 15:28:56 - [TEST_STEP][PASSED] - verifyElementText: Actual text and expected text of test object 'Object Repository/Executive/Page_Executive  5-15/div_Count' are matched.

2018-11-29 15:28:56 - [MESSAGE][PASSED] - Actual text and expected text of test object 'Object Repository/Executive/Page_Executive  5-15/div_Count' are matched.

2018-11-29 15:28:56 - [TEST_STEP][PASSED] - verifyElementText: Actual text and expected text of test object 'Object Repository/Executive/Page_Executive  5-15/h3_Associates' are matched.

2018-11-29 15:28:56 - [MESSAGE][PASSED] - Actual text and expected text of test object 'Object Repository/Executive/Page_Executive  5-15/h3_Associates' are matched.

2018-11-29 15:28:56 - [TEST_STEP][PASSED] - verifyElementText: Actual text and expected text of test object 'Object Repository/Executive/Page_Executive  5-15/div_Status' are matched.

2018-11-29 15:28:56 - [MESSAGE][PASSED] - Actual text and expected text of test object 'Object Repository/Executive/Page_Executive  5-15/div_Status' are matched.

2018-11-29 15:28:56 - [TEST_STEP][PASSED] - verifyElementText: Actual text and expected text of test object 'Object Repository/Executive/Page_Executive  5-15/div_Count' are matched.

2018-11-29 15:28:56 - [MESSAGE][PASSED] - Actual text and expected text of test object 'Object Repository/Executive/Page_Executive  5-15/div_Count' are matched.]]></system-out>
         <system-err><![CDATA[]]></system-err>
      </testcase>
      <testcase name="Test Cases/Associate Application/Executive/TCBA02303" classname="Test Cases/Associate Application/Executive/TCBA02303" status="PASSED">
         <system-out><![CDATA[2018-11-29 15:28:56 - [TEST_CASE][PASSED] - Test Cases/Associate Application/Executive/TCBA02303: Test Cases/Associate Application/Executive/TCBA02303

2018-11-29 15:28:56 - [TEST_STEP][PASSED] - verifyElementText: Actual text and expected text of test object 'Object Repository/Executive/Page_Executive  5-15/label_Sponsor' are matched.

2018-11-29 15:28:56 - [MESSAGE][PASSED] - Actual text and expected text of test object 'Object Repository/Executive/Page_Executive  5-15/label_Sponsor' are matched.

2018-11-29 15:28:56 - [TEST_STEP][PASSED] - verifyOptionPresentByLabel: 1 option(s) with label 'Select Sponsor' is/are present in object 'Object Repository/Executive/Page_Executive  5-15/select_Select Sponsor' 

2018-11-29 15:28:56 - [MESSAGE][WARNING] - Timeout '0' is invalid. Using default page load timeout: '30'

2018-11-29 15:28:57 - [MESSAGE][PASSED] - 1 option(s) with label 'Select Sponsor' is/are present in object 'Object Repository/Executive/Page_Executive  5-15/select_Select Sponsor' 

2018-11-29 15:28:57 - [TEST_STEP][PASSED] - delay: Delayed 3 second(s)

2018-11-29 15:29:00 - [MESSAGE][PASSED] - Delayed 3 second(s)

2018-11-29 15:29:00 - [TEST_STEP][PASSED] - selectOptionByLabel: All options with label 'Select Sponsor' are selected in object 'Object Repository/Executive/Page_Executive  5-15/select_Select Sponsor' 

2018-11-29 15:29:00 - [MESSAGE][PASSED] - All options with label 'Select Sponsor' are selected in object 'Object Repository/Executive/Page_Executive  5-15/select_Select Sponsor' 

2018-11-29 15:29:00 - [TEST_STEP][PASSED] - delay: Delayed 3 second(s)

2018-11-29 15:29:03 - [MESSAGE][PASSED] - Delayed 3 second(s)

2018-11-29 15:29:03 - [TEST_STEP][PASSED] - verifyElementText: Actual text and expected text of test object 'Object Repository/Executive/Page_Executive  5-15/button_FILTER' are matched.

2018-11-29 15:29:03 - [MESSAGE][PASSED] - Actual text and expected text of test object 'Object Repository/Executive/Page_Executive  5-15/button_FILTER' are matched.

2018-11-29 15:29:03 - [TEST_STEP][PASSED] - click: Object: 'Object Repository/Executive/Page_Executive  5-15/button_FILTER' is clicked on

2018-11-29 15:29:03 - [MESSAGE][PASSED] - Object: 'Object Repository/Executive/Page_Executive  5-15/button_FILTER' is clicked on]]></system-out>
         <system-err><![CDATA[]]></system-err>
      </testcase>
      <testcase name="Test Cases/Associate Application/Executive/TCBA02304" classname="Test Cases/Associate Application/Executive/TCBA02304" status="PASSED">
         <system-out><![CDATA[2018-11-29 15:29:03 - [TEST_CASE][PASSED] - Test Cases/Associate Application/Executive/TCBA02304: Test Cases/Associate Application/Executive/TCBA02304

2018-11-29 15:29:03 - [TEST_STEP][PASSED] - selectOptionByLabel: All options with label 'Select Sponsor' are selected in object 'Object Repository/Executive/Page_Executive  5-15/select_Select Sponsor' 

2018-11-29 15:29:03 - [MESSAGE][PASSED] - All options with label 'Select Sponsor' are selected in object 'Object Repository/Executive/Page_Executive  5-15/select_Select Sponsor' 

2018-11-29 15:29:03 - [TEST_STEP][PASSED] - delay: Delayed 3 second(s)

2018-11-29 15:29:06 - [MESSAGE][PASSED] - Delayed 3 second(s)

2018-11-29 15:29:06 - [TEST_STEP][PASSED] - click: Object: 'Object Repository/Executive/Page_Executive  5-15/button_FILTER' is clicked on

2018-11-29 15:29:06 - [MESSAGE][PASSED] - Object: 'Object Repository/Executive/Page_Executive  5-15/button_FILTER' is clicked on

2018-11-29 15:29:06 - [TEST_STEP][PASSED] - verifyElementText: Actual text and expected text of test object 'Object Repository/Executive/Page_Executive  5-15/h3_Energy Accounts' are matched.

2018-11-29 15:29:06 - [MESSAGE][PASSED] - Actual text and expected text of test object 'Object Repository/Executive/Page_Executive  5-15/h3_Energy Accounts' are matched.

2018-11-29 15:29:06 - [TEST_STEP][PASSED] - click: Object: 'Object Repository/Executive/Page_Executive  5-15/span_472' is clicked on

2018-11-29 15:29:06 - [MESSAGE][PASSED] - Object: 'Object Repository/Executive/Page_Executive  5-15/span_472' is clicked on

2018-11-29 15:29:06 - [TEST_STEP][PASSED] - waitForElementPresent: Object 'Object Repository/Executive/Page_Executive  5-15/h3_Contract Not Signed' is present

2018-11-29 15:29:08 - [MESSAGE][PASSED] - Object 'Object Repository/Executive/Page_Executive  5-15/h3_Contract Not Signed' is present

2018-11-29 15:29:08 - [TEST_STEP][PASSED] - verifyElementText: Actual text and expected text of test object 'Object Repository/Executive/Page_Executive  5-15/h3_Contract Not Signed' are matched.

2018-11-29 15:29:08 - [MESSAGE][PASSED] - Actual text and expected text of test object 'Object Repository/Executive/Page_Executive  5-15/h3_Contract Not Signed' are matched.

2018-11-29 15:29:08 - [TEST_STEP][PASSED] - verifyElementText: Actual text and expected text of test object 'Object Repository/Executive/Page_Executive  5-15/div_Level' are matched.

2018-11-29 15:29:08 - [MESSAGE][PASSED] - Actual text and expected text of test object 'Object Repository/Executive/Page_Executive  5-15/div_Level' are matched.

2018-11-29 15:29:08 - [TEST_STEP][PASSED] - verifyElementText: Actual text and expected text of test object 'Object Repository/Executive/Page_Executive  5-15/div_Count' are matched.

2018-11-29 15:29:08 - [MESSAGE][PASSED] - Actual text and expected text of test object 'Object Repository/Executive/Page_Executive  5-15/div_Count' are matched.]]></system-out>
         <system-err><![CDATA[]]></system-err>
      </testcase>
      <testcase name="Test Cases/Associate Application/Executive/TCBA02305" classname="Test Cases/Associate Application/Executive/TCBA02305" status="PASSED">
         <system-out><![CDATA[2018-11-29 15:29:08 - [TEST_CASE][PASSED] - Test Cases/Associate Application/Executive/TCBA02305: Test Cases/Associate Application/Executive/TCBA02305

2018-11-29 15:29:08 - [TEST_STEP][PASSED] - click: Object: 'Object Repository/Executive/Page_Executive  5-15/span_14' is clicked on

2018-11-29 15:29:08 - [MESSAGE][PASSED] - Object: 'Object Repository/Executive/Page_Executive  5-15/span_14' is clicked on

2018-11-29 15:29:08 - [TEST_STEP][PASSED] - scrollToElement: Scroll to object 'Object Repository/Executive/Page_Executive  5-15/h3_Energy Accounts Details' successfully

2018-11-29 15:29:08 - [MESSAGE][WARNING] - Timeout '0' is invalid. Using default page load timeout: '30'

2018-11-29 15:29:08 - [MESSAGE][PASSED] - Scroll to object 'Object Repository/Executive/Page_Executive  5-15/h3_Energy Accounts Details' successfully

2018-11-29 15:29:08 - [TEST_STEP][PASSED] - verifyElementText: Actual text and expected text of test object 'Object Repository/Executive/Page_Executive  5-15/h3_Energy Accounts Details' are matched.

2018-11-29 15:29:08 - [MESSAGE][PASSED] - Actual text and expected text of test object 'Object Repository/Executive/Page_Executive  5-15/h3_Energy Accounts Details' are matched.

2018-11-29 15:29:08 - [TEST_STEP][PASSED] - verifyElementText: Actual text and expected text of test object 'Object Repository/Executive/Page_Executive  5-15/th_Sponsor' are matched.

2018-11-29 15:29:09 - [MESSAGE][PASSED] - Actual text and expected text of test object 'Object Repository/Executive/Page_Executive  5-15/th_Sponsor' are matched.

2018-11-29 15:29:09 - [TEST_STEP][PASSED] - verifyElementText: Actual text and expected text of test object 'Object Repository/Executive/Page_Executive  5-15/th_Associate' are matched.

2018-11-29 15:29:09 - [MESSAGE][PASSED] - Actual text and expected text of test object 'Object Repository/Executive/Page_Executive  5-15/th_Associate' are matched.

2018-11-29 15:29:09 - [TEST_STEP][PASSED] - verifyElementText: Actual text and expected text of test object 'Object Repository/Executive/Page_Executive  5-15/th_Customer Energy Accounts' are matched.

2018-11-29 15:29:09 - [MESSAGE][PASSED] - Actual text and expected text of test object 'Object Repository/Executive/Page_Executive  5-15/th_Customer Energy Accounts' are matched.

2018-11-29 15:29:09 - [TEST_STEP][PASSED] - verifyElementText: Actual text and expected text of test object 'Object Repository/Executive/Page_Executive  5-15/div_Level' are matched.

2018-11-29 15:29:09 - [MESSAGE][PASSED] - Actual text and expected text of test object 'Object Repository/Executive/Page_Executive  5-15/div_Level' are matched.

2018-11-29 15:29:09 - [TEST_STEP][PASSED] - verifyElementText: Actual text and expected text of test object 'Object Repository/Executive/Page_Executive  5-15/div_Sponsor' are matched.

2018-11-29 15:29:09 - [MESSAGE][PASSED] - Actual text and expected text of test object 'Object Repository/Executive/Page_Executive  5-15/div_Sponsor' are matched.

2018-11-29 15:29:09 - [TEST_STEP][PASSED] - verifyElementText: Actual text and expected text of test object 'Object Repository/Executive/Page_Executive  5-15/div_Sponsor Email' are matched.

2018-11-29 15:29:09 - [MESSAGE][PASSED] - Actual text and expected text of test object 'Object Repository/Executive/Page_Executive  5-15/div_Sponsor Email' are matched.

2018-11-29 15:29:09 - [TEST_STEP][PASSED] - verifyElementText: Actual text and expected text of test object 'Object Repository/Executive/Page_Executive  5-15/div_Sponsor Mobile Phone' are matched.

2018-11-29 15:29:09 - [MESSAGE][PASSED] - Actual text and expected text of test object 'Object Repository/Executive/Page_Executive  5-15/div_Sponsor Mobile Phone' are matched.

2018-11-29 15:29:09 - [TEST_STEP][PASSED] - verifyElementText: Actual text and expected text of test object 'Object Repository/Executive/Page_Executive  5-15/div_Associate' are matched.

2018-11-29 15:29:09 - [MESSAGE][PASSED] - Actual text and expected text of test object 'Object Repository/Executive/Page_Executive  5-15/div_Associate' are matched.

2018-11-29 15:29:09 - [TEST_STEP][PASSED] - verifyElementText: Actual text and expected text of test object 'Object Repository/Executive/Page_Executive  5-15/div_Email' are matched.

2018-11-29 15:29:09 - [MESSAGE][PASSED] - Actual text and expected text of test object 'Object Repository/Executive/Page_Executive  5-15/div_Email' are matched.

2018-11-29 15:29:09 - [TEST_STEP][PASSED] - verifyElementText: Actual text and expected text of test object 'Object Repository/Executive/Page_Executive  5-15/div_Mobile Phone' are matched.

2018-11-29 15:29:09 - [MESSAGE][PASSED] - Actual text and expected text of test object 'Object Repository/Executive/Page_Executive  5-15/div_Mobile Phone' are matched.

2018-11-29 15:29:09 - [TEST_STEP][PASSED] - verifyElementText: Actual text and expected text of test object 'Object Repository/Executive/Page_Executive  5-15/div_Inactive Date' are matched.

2018-11-29 15:29:09 - [MESSAGE][PASSED] - Actual text and expected text of test object 'Object Repository/Executive/Page_Executive  5-15/div_Inactive Date' are matched.

2018-11-29 15:29:09 - [TEST_STEP][PASSED] - verifyElementText: Actual text and expected text of test object 'Object Repository/Executive/Page_Executive  5-15/div_Submitted Date' are matched.

2018-11-29 15:29:09 - [MESSAGE][PASSED] - Actual text and expected text of test object 'Object Repository/Executive/Page_Executive  5-15/div_Submitted Date' are matched.

2018-11-29 15:29:09 - [TEST_STEP][PASSED] - verifyElementText: Actual text and expected text of test object 'Object Repository/Executive/Page_Executive  5-15/div_Account Name' are matched.

2018-11-29 15:29:09 - [MESSAGE][PASSED] - Actual text and expected text of test object 'Object Repository/Executive/Page_Executive  5-15/div_Account Name' are matched.

2018-11-29 15:29:09 - [TEST_STEP][PASSED] - verifyElementText: Actual text and expected text of test object 'Object Repository/Executive/Page_Executive  5-15/div_Account Number' are matched.

2018-11-29 15:29:09 - [MESSAGE][PASSED] - Actual text and expected text of test object 'Object Repository/Executive/Page_Executive  5-15/div_Account Number' are matched.

2018-11-29 15:29:09 - [TEST_STEP][PASSED] - verifyElementText: Actual text and expected text of test object 'Object Repository/Executive/Page_Executive  5-15/div_Account Status' are matched.

2018-11-29 15:29:09 - [MESSAGE][PASSED] - Actual text and expected text of test object 'Object Repository/Executive/Page_Executive  5-15/div_Account Status' are matched.]]></system-out>
         <system-err><![CDATA[]]></system-err>
      </testcase>
      <testcase name="Test Cases/Associate Application/Executive/TCBA02306" classname="Test Cases/Associate Application/Executive/TCBA02306" status="FAILED">
         <failure type="FAILED" message="(Stack trace: com.kms.katalon.core.exception.StepFailedException: Verify element text of test object 'Object Repository/Executive/Page_Executive  5-15/div_Associate' FAILED. (Root cause: com.kms.katalon.core.webui.exception.WebElementNotFoundException: Web element with id: 'Object Repository/Executive/Page_Executive  5-15/div_Associate' located by 'By.xpath: //ej-grid[@id='gvEnergyAccountsDetails']/div[2]/div/table/thead/tr[2]/th[5]/div' not found)
	at com.kms.katalon.core.keyword.internal.KeywordMain.stepFailed(KeywordMain.groovy:36)
	at com.kms.katalon.core.webui.keyword.internal.WebUIKeywordMain.stepFailed(WebUIKeywordMain.groovy:65)
	at com.kms.katalon.core.webui.keyword.internal.WebUIKeywordMain.runKeyword(WebUIKeywordMain.groovy:27)
	at com.kms.katalon.core.webui.keyword.builtin.VerifyElementTextKeyword.verifyElementText(VerifyElementTextKeyword.groovy:72)
	at com.kms.katalon.core.webui.keyword.builtin.VerifyElementTextKeyword.execute(VerifyElementTextKeyword.groovy:40)
	at com.kms.katalon.core.keyword.internal.KeywordExecutor.executeKeywordForPlatform(KeywordExecutor.groovy:53)
	at com.kms.katalon.core.webui.keyword.WebUiBuiltInKeywords.verifyElementText(WebUiBuiltInKeywords.groovy:3663)
	at com.kms.katalon.core.webui.keyword.WebUiBuiltInKeywords$verifyElementText$5.call(Unknown Source)
	at org.codehaus.groovy.runtime.callsite.CallSiteArray.defaultCall(CallSiteArray.java:48)
	at org.codehaus.groovy.runtime.callsite.AbstractCallSite.call(AbstractCallSite.java:113)
	at org.codehaus.groovy.runtime.callsite.AbstractCallSite.call(AbstractCallSite.java:133)
	at Script1540794486663.run(Script1540794486663.groovy:51)
	at com.kms.katalon.core.main.ScriptEngine.run(ScriptEngine.java:183)
	at com.kms.katalon.core.main.ScriptEngine.runScriptAsRawText(ScriptEngine.java:108)
	at com.kms.katalon.core.main.TestCaseExecutor.runScript(TestCaseExecutor.java:294)
	at com.kms.katalon.core.main.TestCaseExecutor.doExecute(TestCaseExecutor.java:285)
	at com.kms.katalon.core.main.TestCaseExecutor.processExecutionPhase(TestCaseExecutor.java:264)
	at com.kms.katalon.core.main.TestCaseExecutor.accessMainPhase(TestCaseExecutor.java:256)
	at com.kms.katalon.core.main.TestCaseExecutor.execute(TestCaseExecutor.java:200)
	at com.kms.katalon.core.main.TestSuiteExecutor.accessTestCaseMainPhase(TestSuiteExecutor.java:129)
	at com.kms.katalon.core.main.TestSuiteExecutor.accessTestSuiteMainPhase(TestSuiteExecutor.java:112)
	at com.kms.katalon.core.main.TestSuiteExecutor.execute(TestSuiteExecutor.java:81)
	at com.kms.katalon.core.main.TestCaseMain.startTestSuite(TestCaseMain.java:142)
	at com.kms.katalon.core.main.TestCaseMain$startTestSuite$0.call(Unknown Source)
	at org.codehaus.groovy.runtime.callsite.CallSiteArray.defaultCall(CallSiteArray.java:48)
	at org.codehaus.groovy.runtime.callsite.AbstractCallSite.call(AbstractCallSite.java:113)
	at org.codehaus.groovy.runtime.callsite.AbstractCallSite.call(AbstractCallSite.java:141)
	at TempTestSuite1543485518063.run(TempTestSuite1543485518063.groovy:36)
	at groovy.lang.GroovyShell.runScriptOrMainOrTestOrRunnable(GroovyShell.java:263)
	at groovy.lang.GroovyShell.run(GroovyShell.java:518)
	at groovy.lang.GroovyShell.run(GroovyShell.java:507)
	at groovy.ui.GroovyMain.processOnce(GroovyMain.java:653)
	at groovy.ui.GroovyMain.run(GroovyMain.java:384)
	at groovy.ui.GroovyMain.process(GroovyMain.java:370)
	at groovy.ui.GroovyMain.processArgs(GroovyMain.java:129)
	at groovy.ui.GroovyMain.main(GroovyMain.java:109)
	at sun.reflect.NativeMethodAccessorImpl.invoke0(Native Method)
	at sun.reflect.NativeMethodAccessorImpl.invoke(NativeMethodAccessorImpl.java:62)
	at sun.reflect.DelegatingMethodAccessorImpl.invoke(DelegatingMethodAccessorImpl.java:43)
	at java.lang.reflect.Method.invoke(Method.java:498)
	at org.codehaus.groovy.tools.GroovyStarter.rootLoader(GroovyStarter.java:109)
	at org.codehaus.groovy.tools.GroovyStarter.main(GroovyStarter.java:131)
)"/>
         <system-out><![CDATA[2018-11-29 15:29:09 - [TEST_CASE][FAILED] - Test Cases/Associate Application/Executive/TCBA02306: Test Cases/Associate Application/Executive/TCBA02306 FAILED because (of) (Stack trace: com.kms.katalon.core.exception.StepFailedException: Verify element text of test object 'Object Repository/Executive/Page_Executive  5-15/div_Associate' FAILED. (Root cause: com.kms.katalon.core.webui.exception.WebElementNotFoundException: Web element with id: 'Object Repository/Executive/Page_Executive  5-15/div_Associate' located by 'By.xpath: //ej-grid[@id='gvEnergyAccountsDetails']/div[2]/div/table/thead/tr[2]/th[5]/div' not found)
	at com.kms.katalon.core.keyword.internal.KeywordMain.stepFailed(KeywordMain.groovy:36)
	at com.kms.katalon.core.webui.keyword.internal.WebUIKeywordMain.stepFailed(WebUIKeywordMain.groovy:65)
	at com.kms.katalon.core.webui.keyword.internal.WebUIKeywordMain.runKeyword(WebUIKeywordMain.groovy:27)
	at com.kms.katalon.core.webui.keyword.builtin.VerifyElementTextKeyword.verifyElementText(VerifyElementTextKeyword.groovy:72)
	at com.kms.katalon.core.webui.keyword.builtin.VerifyElementTextKeyword.execute(VerifyElementTextKeyword.groovy:40)
	at com.kms.katalon.core.keyword.internal.KeywordExecutor.executeKeywordForPlatform(KeywordExecutor.groovy:53)
	at com.kms.katalon.core.webui.keyword.WebUiBuiltInKeywords.verifyElementText(WebUiBuiltInKeywords.groovy:3663)
	at com.kms.katalon.core.webui.keyword.WebUiBuiltInKeywords$verifyElementText$5.call(Unknown Source)
	at org.codehaus.groovy.runtime.callsite.CallSiteArray.defaultCall(CallSiteArray.java:48)
	at org.codehaus.groovy.runtime.callsite.AbstractCallSite.call(AbstractCallSite.java:113)
	at org.codehaus.groovy.runtime.callsite.AbstractCallSite.call(AbstractCallSite.java:133)
	at Script1540794486663.run(Script1540794486663.groovy:51)
	at com.kms.katalon.core.main.ScriptEngine.run(ScriptEngine.java:183)
	at com.kms.katalon.core.main.ScriptEngine.runScriptAsRawText(ScriptEngine.java:108)
	at com.kms.katalon.core.main.TestCaseExecutor.runScript(TestCaseExecutor.java:294)
	at com.kms.katalon.core.main.TestCaseExecutor.doExecute(TestCaseExecutor.java:285)
	at com.kms.katalon.core.main.TestCaseExecutor.processExecutionPhase(TestCaseExecutor.java:264)
	at com.kms.katalon.core.main.TestCaseExecutor.accessMainPhase(TestCaseExecutor.java:256)
	at com.kms.katalon.core.main.TestCaseExecutor.execute(TestCaseExecutor.java:200)
	at com.kms.katalon.core.main.TestSuiteExecutor.accessTestCaseMainPhase(TestSuiteExecutor.java:129)
	at com.kms.katalon.core.main.TestSuiteExecutor.accessTestSuiteMainPhase(TestSuiteExecutor.java:112)
	at com.kms.katalon.core.main.TestSuiteExecutor.execute(TestSuiteExecutor.java:81)
	at com.kms.katalon.core.main.TestCaseMain.startTestSuite(TestCaseMain.java:142)
	at com.kms.katalon.core.main.TestCaseMain$startTestSuite$0.call(Unknown Source)
	at org.codehaus.groovy.runtime.callsite.CallSiteArray.defaultCall(CallSiteArray.java:48)
	at org.codehaus.groovy.runtime.callsite.AbstractCallSite.call(AbstractCallSite.java:113)
	at org.codehaus.groovy.runtime.callsite.AbstractCallSite.call(AbstractCallSite.java:141)
	at TempTestSuite1543485518063.run(TempTestSuite1543485518063.groovy:36)
	at groovy.lang.GroovyShell.runScriptOrMainOrTestOrRunnable(GroovyShell.java:263)
	at groovy.lang.GroovyShell.run(GroovyShell.java:518)
	at groovy.lang.GroovyShell.run(GroovyShell.java:507)
	at groovy.ui.GroovyMain.processOnce(GroovyMain.java:653)
	at groovy.ui.GroovyMain.run(GroovyMain.java:384)
	at groovy.ui.GroovyMain.process(GroovyMain.java:370)
	at groovy.ui.GroovyMain.processArgs(GroovyMain.java:129)
	at groovy.ui.GroovyMain.main(GroovyMain.java:109)
	at sun.reflect.NativeMethodAccessorImpl.invoke0(Native Method)
	at sun.reflect.NativeMethodAccessorImpl.invoke(NativeMethodAccessorImpl.java:62)
	at sun.reflect.DelegatingMethodAccessorImpl.invoke(DelegatingMethodAccessorImpl.java:43)
	at java.lang.reflect.Method.invoke(Method.java:498)
	at org.codehaus.groovy.tools.GroovyStarter.rootLoader(GroovyStarter.java:109)
	at org.codehaus.groovy.tools.GroovyStarter.main(GroovyStarter.java:131)
)

2018-11-29 15:29:10 - [TEST_STEP][PASSED] - scrollToElement: Scroll to object 'Object Repository/Executive/Page_Executive  5-15/h3_Associates' successfully

2018-11-29 15:29:10 - [MESSAGE][WARNING] - Timeout '0' is invalid. Using default page load timeout: '30'

2018-11-29 15:29:10 - [MESSAGE][PASSED] - Scroll to object 'Object Repository/Executive/Page_Executive  5-15/h3_Associates' successfully

2018-11-29 15:29:10 - [TEST_STEP][PASSED] - waitForElementPresent: Object 'Object Repository/Executive/Page_Executive  5-15/h3_Associates' is present

2018-11-29 15:29:10 - [MESSAGE][WARNING] - Timeout '0' is invalid. Using default page load timeout: '30'

2018-11-29 15:29:10 - [MESSAGE][PASSED] - Object 'Object Repository/Executive/Page_Executive  5-15/h3_Associates' is present

2018-11-29 15:29:10 - [TEST_STEP][PASSED] - verifyElementText: Actual text and expected text of test object 'Object Repository/Executive/Page_Executive  5-15/h3_Associates' are matched.

2018-11-29 15:29:10 - [MESSAGE][PASSED] - Actual text and expected text of test object 'Object Repository/Executive/Page_Executive  5-15/h3_Associates' are matched.

2018-11-29 15:29:10 - [TEST_STEP][PASSED] - click: Object: 'Object Repository/Executive/Page_Executive  5-15/span_359' is clicked on

2018-11-29 15:29:10 - [MESSAGE][PASSED] - Object: 'Object Repository/Executive/Page_Executive  5-15/span_359' is clicked on

2018-11-29 15:29:10 - [TEST_STEP][PASSED] - verifyElementText: Actual text and expected text of test object 'Object Repository/Executive/Page_Executive  5-15/h3_Contract Not Signed' are matched.

2018-11-29 15:29:11 - [MESSAGE][PASSED] - Actual text and expected text of test object 'Object Repository/Executive/Page_Executive  5-15/h3_Contract Not Signed' are matched.

2018-11-29 15:29:11 - [TEST_STEP][PASSED] - verifyElementText: Actual text and expected text of test object 'Object Repository/Executive/Page_Executive  5-15/div_Level' are matched.

2018-11-29 15:29:11 - [MESSAGE][PASSED] - Actual text and expected text of test object 'Object Repository/Executive/Page_Executive  5-15/div_Level' are matched.

2018-11-29 15:29:11 - [TEST_STEP][PASSED] - verifyElementText: Actual text and expected text of test object 'Object Repository/Executive/Page_Executive  5-15/div_Count' are matched.

2018-11-29 15:29:11 - [MESSAGE][PASSED] - Actual text and expected text of test object 'Object Repository/Executive/Page_Executive  5-15/div_Count' are matched.

2018-11-29 15:29:11 - [TEST_STEP][PASSED] - click: Object: 'Object Repository/Executive/Page_Executive  5-15/span_41' is clicked on

2018-11-29 15:29:11 - [MESSAGE][PASSED] - Object: 'Object Repository/Executive/Page_Executive  5-15/span_41' is clicked on

2018-11-29 15:29:11 - [TEST_STEP][PASSED] - scrollToElement: Scroll to object 'Object Repository/Executive/Page_Executive  5-15/h3_Associate Details' successfully

2018-11-29 15:29:11 - [MESSAGE][WARNING] - Timeout '0' is invalid. Using default page load timeout: '30'

2018-11-29 15:29:11 - [MESSAGE][PASSED] - Scroll to object 'Object Repository/Executive/Page_Executive  5-15/h3_Associate Details' successfully

2018-11-29 15:29:11 - [TEST_STEP][PASSED] - verifyElementText: Actual text and expected text of test object 'Object Repository/Executive/Page_Executive  5-15/h3_Associate Details' are matched.

2018-11-29 15:29:11 - [MESSAGE][PASSED] - Actual text and expected text of test object 'Object Repository/Executive/Page_Executive  5-15/h3_Associate Details' are matched.

2018-11-29 15:29:11 - [TEST_STEP][PASSED] - verifyElementText: Actual text and expected text of test object 'Object Repository/Executive/Page_Executive  5-15/th_Sponsor' are matched.

2018-11-29 15:29:12 - [MESSAGE][PASSED] - Actual text and expected text of test object 'Object Repository/Executive/Page_Executive  5-15/th_Sponsor' are matched.

2018-11-29 15:29:12 - [TEST_STEP][PASSED] - verifyElementText: Actual text and expected text of test object 'Object Repository/Executive/Page_Executive  5-15/th_Associate' are matched.

2018-11-29 15:29:12 - [MESSAGE][PASSED] - Actual text and expected text of test object 'Object Repository/Executive/Page_Executive  5-15/th_Associate' are matched.

2018-11-29 15:29:12 - [TEST_STEP][PASSED] - verifyElementText: Actual text and expected text of test object 'Object Repository/Executive/Page_Executive  5-15/th_Customer Energy Accounts' are matched.

2018-11-29 15:29:12 - [MESSAGE][PASSED] - Actual text and expected text of test object 'Object Repository/Executive/Page_Executive  5-15/th_Customer Energy Accounts' are matched.

2018-11-29 15:29:12 - [TEST_STEP][PASSED] - verifyElementText: Actual text and expected text of test object 'Object Repository/Executive/Page_Executive  5-15/div_Level' are matched.

2018-11-29 15:29:12 - [MESSAGE][PASSED] - Actual text and expected text of test object 'Object Repository/Executive/Page_Executive  5-15/div_Level' are matched.

2018-11-29 15:29:12 - [TEST_STEP][PASSED] - verifyElementText: Actual text and expected text of test object 'Object Repository/Executive/Page_Executive  5-15/div_Sponsor' are matched.

2018-11-29 15:29:12 - [MESSAGE][PASSED] - Actual text and expected text of test object 'Object Repository/Executive/Page_Executive  5-15/div_Sponsor' are matched.

2018-11-29 15:29:12 - [TEST_STEP][PASSED] - verifyElementText: Actual text and expected text of test object 'Object Repository/Executive/Page_Executive  5-15/div_Sponsor Email' are matched.

2018-11-29 15:29:12 - [MESSAGE][PASSED] - Actual text and expected text of test object 'Object Repository/Executive/Page_Executive  5-15/div_Sponsor Email' are matched.

2018-11-29 15:29:12 - [TEST_STEP][PASSED] - verifyElementText: Actual text and expected text of test object 'Object Repository/Executive/Page_Executive  5-15/div_Sponsor Mobile Phone' are matched.

2018-11-29 15:29:12 - [MESSAGE][PASSED] - Actual text and expected text of test object 'Object Repository/Executive/Page_Executive  5-15/div_Sponsor Mobile Phone' are matched.

2018-11-29 15:29:12 - [TEST_STEP][FAILED] - verifyElementText: Verify element text of test object 'Object Repository/Executive/Page_Executive  5-15/div_Associate' FAILED. (Root cause: com.kms.katalon.core.webui.exception.WebElementNotFoundException: Web element with id: 'Object Repository/Executive/Page_Executive  5-15/div_Associate' located by 'By.xpath: //ej-grid[@id='gvEnergyAccountsDetails']/div[2]/div/table/thead/tr[2]/th[5]/div' not found)

2018-11-29 15:29:49 - [MESSAGE][FAILED] - com.kms.katalon.core.webui.exception.WebElementNotFoundException: Web element with id: 'Object Repository/Executive/Page_Executive  5-15/div_Associate' located by 'By.xpath: //ej-grid[@id='gvEnergyAccountsDetails']/div[2]/div/table/thead/tr[2]/th[5]/div' not found
[[ATTACHMENT|E:\\Bonanzha\\katalon Bonanzha\\Reports\\VBZ0021-Executive\\20181129_152838\\1543485588862.png]]

2018-11-29 15:29:49 - [MESSAGE][FAILED] - Verify element text of test object 'Object Repository/Executive/Page_Executive  5-15/div_Associate' FAILED. (Root cause: com.kms.katalon.core.webui.exception.WebElementNotFoundException: Web element with id: 'Object Repository/Executive/Page_Executive  5-15/div_Associate' located by 'By.xpath: //ej-grid[@id='gvEnergyAccountsDetails']/div[2]/div/table/thead/tr[2]/th[5]/div' not found)
[[ATTACHMENT|E:\\Bonanzha\\katalon Bonanzha\\Reports\\VBZ0021-Executive\\20181129_152838\\1543485589211.png]]]]></system-out>
         <system-err><![CDATA[2018-11-29 15:29:09 - [TEST_CASE][FAILED] - Test Cases/Associate Application/Executive/TCBA02306: Test Cases/Associate Application/Executive/TCBA02306 FAILED because (of) (Stack trace: com.kms.katalon.core.exception.StepFailedException: Verify element text of test object 'Object Repository/Executive/Page_Executive  5-15/div_Associate' FAILED. (Root cause: com.kms.katalon.core.webui.exception.WebElementNotFoundException: Web element with id: 'Object Repository/Executive/Page_Executive  5-15/div_Associate' located by 'By.xpath: //ej-grid[@id='gvEnergyAccountsDetails']/div[2]/div/table/thead/tr[2]/th[5]/div' not found)
	at com.kms.katalon.core.keyword.internal.KeywordMain.stepFailed(KeywordMain.groovy:36)
	at com.kms.katalon.core.webui.keyword.internal.WebUIKeywordMain.stepFailed(WebUIKeywordMain.groovy:65)
	at com.kms.katalon.core.webui.keyword.internal.WebUIKeywordMain.runKeyword(WebUIKeywordMain.groovy:27)
	at com.kms.katalon.core.webui.keyword.builtin.VerifyElementTextKeyword.verifyElementText(VerifyElementTextKeyword.groovy:72)
	at com.kms.katalon.core.webui.keyword.builtin.VerifyElementTextKeyword.execute(VerifyElementTextKeyword.groovy:40)
	at com.kms.katalon.core.keyword.internal.KeywordExecutor.executeKeywordForPlatform(KeywordExecutor.groovy:53)
	at com.kms.katalon.core.webui.keyword.WebUiBuiltInKeywords.verifyElementText(WebUiBuiltInKeywords.groovy:3663)
	at com.kms.katalon.core.webui.keyword.WebUiBuiltInKeywords$verifyElementText$5.call(Unknown Source)
	at org.codehaus.groovy.runtime.callsite.CallSiteArray.defaultCall(CallSiteArray.java:48)
	at org.codehaus.groovy.runtime.callsite.AbstractCallSite.call(AbstractCallSite.java:113)
	at org.codehaus.groovy.runtime.callsite.AbstractCallSite.call(AbstractCallSite.java:133)
	at Script1540794486663.run(Script1540794486663.groovy:51)
	at com.kms.katalon.core.main.ScriptEngine.run(ScriptEngine.java:183)
	at com.kms.katalon.core.main.ScriptEngine.runScriptAsRawText(ScriptEngine.java:108)
	at com.kms.katalon.core.main.TestCaseExecutor.runScript(TestCaseExecutor.java:294)
	at com.kms.katalon.core.main.TestCaseExecutor.doExecute(TestCaseExecutor.java:285)
	at com.kms.katalon.core.main.TestCaseExecutor.processExecutionPhase(TestCaseExecutor.java:264)
	at com.kms.katalon.core.main.TestCaseExecutor.accessMainPhase(TestCaseExecutor.java:256)
	at com.kms.katalon.core.main.TestCaseExecutor.execute(TestCaseExecutor.java:200)
	at com.kms.katalon.core.main.TestSuiteExecutor.accessTestCaseMainPhase(TestSuiteExecutor.java:129)
	at com.kms.katalon.core.main.TestSuiteExecutor.accessTestSuiteMainPhase(TestSuiteExecutor.java:112)
	at com.kms.katalon.core.main.TestSuiteExecutor.execute(TestSuiteExecutor.java:81)
	at com.kms.katalon.core.main.TestCaseMain.startTestSuite(TestCaseMain.java:142)
	at com.kms.katalon.core.main.TestCaseMain$startTestSuite$0.call(Unknown Source)
	at org.codehaus.groovy.runtime.callsite.CallSiteArray.defaultCall(CallSiteArray.java:48)
	at org.codehaus.groovy.runtime.callsite.AbstractCallSite.call(AbstractCallSite.java:113)
	at org.codehaus.groovy.runtime.callsite.AbstractCallSite.call(AbstractCallSite.java:141)
	at TempTestSuite1543485518063.run(TempTestSuite1543485518063.groovy:36)
	at groovy.lang.GroovyShell.runScriptOrMainOrTestOrRunnable(GroovyShell.java:263)
	at groovy.lang.GroovyShell.run(GroovyShell.java:518)
	at groovy.lang.GroovyShell.run(GroovyShell.java:507)
	at groovy.ui.GroovyMain.processOnce(GroovyMain.java:653)
	at groovy.ui.GroovyMain.run(GroovyMain.java:384)
	at groovy.ui.GroovyMain.process(GroovyMain.java:370)
	at groovy.ui.GroovyMain.processArgs(GroovyMain.java:129)
	at groovy.ui.GroovyMain.main(GroovyMain.java:109)
	at sun.reflect.NativeMethodAccessorImpl.invoke0(Native Method)
	at sun.reflect.NativeMethodAccessorImpl.invoke(NativeMethodAccessorImpl.java:62)
	at sun.reflect.DelegatingMethodAccessorImpl.invoke(DelegatingMethodAccessorImpl.java:43)
	at java.lang.reflect.Method.invoke(Method.java:498)
	at org.codehaus.groovy.tools.GroovyStarter.rootLoader(GroovyStarter.java:109)
	at org.codehaus.groovy.tools.GroovyStarter.main(GroovyStarter.java:131)
)]]></system-err>
      </testcase>
      <testcase name="Test Cases/Associate Application/Executive/TCBA02307" classname="Test Cases/Associate Application/Executive/TCBA02307" status="PASSED">
         <system-out><![CDATA[2018-11-29 15:29:49 - [TEST_CASE][PASSED] - Test Cases/Associate Application/Executive/TCBA02307: Test Cases/Associate Application/Executive/TCBA02307

2018-11-29 15:29:49 - [TEST_STEP][PASSED] - click: Object: 'Object Repository/Edit Profile/Page_Home  5-15/span_Shinto-Test' is clicked on

2018-11-29 15:29:50 - [MESSAGE][PASSED] - Object: 'Object Repository/Edit Profile/Page_Home  5-15/span_Shinto-Test' is clicked on

2018-11-29 15:29:50 - [TEST_STEP][PASSED] - verifyElementText: Actual text and expected text of test object 'Object Repository/Edit Profile/Page_Home  5-15/span_Log Off' are matched.

2018-11-29 15:29:50 - [MESSAGE][PASSED] - Actual text and expected text of test object 'Object Repository/Edit Profile/Page_Home  5-15/span_Log Off' are matched.

2018-11-29 15:29:50 - [TEST_STEP][PASSED] - click: Object: 'Object Repository/Edit Profile/Page_Home  5-15/span_Log Off' is clicked on

2018-11-29 15:29:50 - [MESSAGE][PASSED] - Object: 'Object Repository/Edit Profile/Page_Home  5-15/span_Log Off' is clicked on

2018-11-29 15:29:50 - [TEST_STEP][PASSED] - verifyElementText: Actual text and expected text of test object 'Object Repository/Edit Profile/Page_Log In  5-15/h1_Log In' are matched.

2018-11-29 15:29:50 - [MESSAGE][PASSED] - Actual text and expected text of test object 'Object Repository/Edit Profile/Page_Log In  5-15/h1_Log In' are matched.]]></system-out>
         <system-err><![CDATA[]]></system-err>
      </testcase>
      <system-out><![CDATA[2018-11-29 15:28:41 - [TEST_SUITE][FAILED] - VBZ0021-Executive: Test Cases/Associate Application/Executive/TCBA02306 FAILED because (of) (Stack trace: com.kms.katalon.core.exception.StepFailedException: Verify element text of test object 'Object Repository/Executive/Page_Executive  5-15/div_Associate' FAILED. (Root cause: com.kms.katalon.core.webui.exception.WebElementNotFoundException: Web element with id: 'Object Repository/Executive/Page_Executive  5-15/div_Associate' located by 'By.xpath: //ej-grid[@id='gvEnergyAccountsDetails']/div[2]/div/table/thead/tr[2]/th[5]/div' not found)
	at com.kms.katalon.core.keyword.internal.KeywordMain.stepFailed(KeywordMain.groovy:36)
	at com.kms.katalon.core.webui.keyword.internal.WebUIKeywordMain.stepFailed(WebUIKeywordMain.groovy:65)
	at com.kms.katalon.core.webui.keyword.internal.WebUIKeywordMain.runKeyword(WebUIKeywordMain.groovy:27)
	at com.kms.katalon.core.webui.keyword.builtin.VerifyElementTextKeyword.verifyElementText(VerifyElementTextKeyword.groovy:72)
	at com.kms.katalon.core.webui.keyword.builtin.VerifyElementTextKeyword.execute(VerifyElementTextKeyword.groovy:40)
	at com.kms.katalon.core.keyword.internal.KeywordExecutor.executeKeywordForPlatform(KeywordExecutor.groovy:53)
	at com.kms.katalon.core.webui.keyword.WebUiBuiltInKeywords.verifyElementText(WebUiBuiltInKeywords.groovy:3663)
	at com.kms.katalon.core.webui.keyword.WebUiBuiltInKeywords$verifyElementText$5.call(Unknown Source)
	at org.codehaus.groovy.runtime.callsite.CallSiteArray.defaultCall(CallSiteArray.java:48)
	at org.codehaus.groovy.runtime.callsite.AbstractCallSite.call(AbstractCallSite.java:113)
	at org.codehaus.groovy.runtime.callsite.AbstractCallSite.call(AbstractCallSite.java:133)
	at Script1540794486663.run(Script1540794486663.groovy:51)
	at com.kms.katalon.core.main.ScriptEngine.run(ScriptEngine.java:183)
	at com.kms.katalon.core.main.ScriptEngine.runScriptAsRawText(ScriptEngine.java:108)
	at com.kms.katalon.core.main.TestCaseExecutor.runScript(TestCaseExecutor.java:294)
	at com.kms.katalon.core.main.TestCaseExecutor.doExecute(TestCaseExecutor.java:285)
	at com.kms.katalon.core.main.TestCaseExecutor.processExecutionPhase(TestCaseExecutor.java:264)
	at com.kms.katalon.core.main.TestCaseExecutor.accessMainPhase(TestCaseExecutor.java:256)
	at com.kms.katalon.core.main.TestCaseExecutor.execute(TestCaseExecutor.java:200)
	at com.kms.katalon.core.main.TestSuiteExecutor.accessTestCaseMainPhase(TestSuiteExecutor.java:129)
	at com.kms.katalon.core.main.TestSuiteExecutor.accessTestSuiteMainPhase(TestSuiteExecutor.java:112)
	at com.kms.katalon.core.main.TestSuiteExecutor.execute(TestSuiteExecutor.java:81)
	at com.kms.katalon.core.main.TestCaseMain.startTestSuite(TestCaseMain.java:142)
	at com.kms.katalon.core.main.TestCaseMain$startTestSuite$0.call(Unknown Source)
	at org.codehaus.groovy.runtime.callsite.CallSiteArray.defaultCall(CallSiteArray.java:48)
	at org.codehaus.groovy.runtime.callsite.AbstractCallSite.call(AbstractCallSite.java:113)
	at org.codehaus.groovy.runtime.callsite.AbstractCallSite.call(AbstractCallSite.java:141)
	at TempTestSuite1543485518063.run(TempTestSuite1543485518063.groovy:36)
	at groovy.lang.GroovyShell.runScriptOrMainOrTestOrRunnable(GroovyShell.java:263)
	at groovy.lang.GroovyShell.run(GroovyShell.java:518)
	at groovy.lang.GroovyShell.run(GroovyShell.java:507)
	at groovy.ui.GroovyMain.processOnce(GroovyMain.java:653)
	at groovy.ui.GroovyMain.run(GroovyMain.java:384)
	at groovy.ui.GroovyMain.process(GroovyMain.java:370)
	at groovy.ui.GroovyMain.processArgs(GroovyMain.java:129)
	at groovy.ui.GroovyMain.main(GroovyMain.java:109)
	at sun.reflect.NativeMethodAccessorImpl.invoke0(Native Method)
	at sun.reflect.NativeMethodAccessorImpl.invoke(NativeMethodAccessorImpl.java:62)
	at sun.reflect.DelegatingMethodAccessorImpl.invoke(DelegatingMethodAccessorImpl.java:43)
	at java.lang.reflect.Method.invoke(Method.java:498)
	at org.codehaus.groovy.tools.GroovyStarter.rootLoader(GroovyStarter.java:109)
	at org.codehaus.groovy.tools.GroovyStarter.main(GroovyStarter.java:131)
)]]></system-out>
      <system-err><![CDATA[2018-11-29 15:28:41 - [TEST_SUITE][FAILED] - VBZ0021-Executive: Test Cases/Associate Application/Executive/TCBA02306 FAILED because (of) (Stack trace: com.kms.katalon.core.exception.StepFailedException: Verify element text of test object 'Object Repository/Executive/Page_Executive  5-15/div_Associate' FAILED. (Root cause: com.kms.katalon.core.webui.exception.WebElementNotFoundException: Web element with id: 'Object Repository/Executive/Page_Executive  5-15/div_Associate' located by 'By.xpath: //ej-grid[@id='gvEnergyAccountsDetails']/div[2]/div/table/thead/tr[2]/th[5]/div' not found)
	at com.kms.katalon.core.keyword.internal.KeywordMain.stepFailed(KeywordMain.groovy:36)
	at com.kms.katalon.core.webui.keyword.internal.WebUIKeywordMain.stepFailed(WebUIKeywordMain.groovy:65)
	at com.kms.katalon.core.webui.keyword.internal.WebUIKeywordMain.runKeyword(WebUIKeywordMain.groovy:27)
	at com.kms.katalon.core.webui.keyword.builtin.VerifyElementTextKeyword.verifyElementText(VerifyElementTextKeyword.groovy:72)
	at com.kms.katalon.core.webui.keyword.builtin.VerifyElementTextKeyword.execute(VerifyElementTextKeyword.groovy:40)
	at com.kms.katalon.core.keyword.internal.KeywordExecutor.executeKeywordForPlatform(KeywordExecutor.groovy:53)
	at com.kms.katalon.core.webui.keyword.WebUiBuiltInKeywords.verifyElementText(WebUiBuiltInKeywords.groovy:3663)
	at com.kms.katalon.core.webui.keyword.WebUiBuiltInKeywords$verifyElementText$5.call(Unknown Source)
	at org.codehaus.groovy.runtime.callsite.CallSiteArray.defaultCall(CallSiteArray.java:48)
	at org.codehaus.groovy.runtime.callsite.AbstractCallSite.call(AbstractCallSite.java:113)
	at org.codehaus.groovy.runtime.callsite.AbstractCallSite.call(AbstractCallSite.java:133)
	at Script1540794486663.run(Script1540794486663.groovy:51)
	at com.kms.katalon.core.main.ScriptEngine.run(ScriptEngine.java:183)
	at com.kms.katalon.core.main.ScriptEngine.runScriptAsRawText(ScriptEngine.java:108)
	at com.kms.katalon.core.main.TestCaseExecutor.runScript(TestCaseExecutor.java:294)
	at com.kms.katalon.core.main.TestCaseExecutor.doExecute(TestCaseExecutor.java:285)
	at com.kms.katalon.core.main.TestCaseExecutor.processExecutionPhase(TestCaseExecutor.java:264)
	at com.kms.katalon.core.main.TestCaseExecutor.accessMainPhase(TestCaseExecutor.java:256)
	at com.kms.katalon.core.main.TestCaseExecutor.execute(TestCaseExecutor.java:200)
	at com.kms.katalon.core.main.TestSuiteExecutor.accessTestCaseMainPhase(TestSuiteExecutor.java:129)
	at com.kms.katalon.core.main.TestSuiteExecutor.accessTestSuiteMainPhase(TestSuiteExecutor.java:112)
	at com.kms.katalon.core.main.TestSuiteExecutor.execute(TestSuiteExecutor.java:81)
	at com.kms.katalon.core.main.TestCaseMain.startTestSuite(TestCaseMain.java:142)
	at com.kms.katalon.core.main.TestCaseMain$startTestSuite$0.call(Unknown Source)
	at org.codehaus.groovy.runtime.callsite.CallSiteArray.defaultCall(CallSiteArray.java:48)
	at org.codehaus.groovy.runtime.callsite.AbstractCallSite.call(AbstractCallSite.java:113)
	at org.codehaus.groovy.runtime.callsite.AbstractCallSite.call(AbstractCallSite.java:141)
	at TempTestSuite1543485518063.run(TempTestSuite1543485518063.groovy:36)
	at groovy.lang.GroovyShell.runScriptOrMainOrTestOrRunnable(GroovyShell.java:263)
	at groovy.lang.GroovyShell.run(GroovyShell.java:518)
	at groovy.lang.GroovyShell.run(GroovyShell.java:507)
	at groovy.ui.GroovyMain.processOnce(GroovyMain.java:653)
	at groovy.ui.GroovyMain.run(GroovyMain.java:384)
	at groovy.ui.GroovyMain.process(GroovyMain.java:370)
	at groovy.ui.GroovyMain.processArgs(GroovyMain.java:129)
	at groovy.ui.GroovyMain.main(GroovyMain.java:109)
	at sun.reflect.NativeMethodAccessorImpl.invoke0(Native Method)
	at sun.reflect.NativeMethodAccessorImpl.invoke(NativeMethodAccessorImpl.java:62)
	at sun.reflect.DelegatingMethodAccessorImpl.invoke(DelegatingMethodAccessorImpl.java:43)
	at java.lang.reflect.Method.invoke(Method.java:498)
	at org.codehaus.groovy.tools.GroovyStarter.rootLoader(GroovyStarter.java:109)
	at org.codehaus.groovy.tools.GroovyStarter.main(GroovyStarter.java:131)
)]]></system-err>
   </testsuite>
</testsuites>
