<?xml version="1.0" encoding="UTF-8"?>
<testsuites name="VBZ0016-My Downline" time="565" tests="10" failures="1" errors="0">
   <testsuite name="VBZ0016-My Downline" tests="10" failures="1" errors="0" time="565" timestamp="2018-12-10 11:31:00" hostname="shinto - Vofox-Shinto.vofox.com" id="Test Suites/VBZ0016-My Downline">
      <properties>
         <property name="deviceName" value=""/>
         <property name="devicePlatform" value=""/>
         <property name="logFolder" value="F:\\VofoxQA\\Bonanza\\BonanzaKatalon\\Reports\\VBZ0016-My Downline\\20181210_113058"/>
         <property name="logFiles" value="F:\\VofoxQA\\Bonanza\\BonanzaKatalon\\Reports\\VBZ0016-My Downline\\20181210_113058\\execution0.log"/>
         <property name="attachments" value="F:\\VofoxQA\\Bonanza\\BonanzaKatalon\\Reports\\VBZ0016-My Downline\\20181210_113058\\1544421910353.png"/>
         <property name="hostName" value="shinto - Vofox-Shinto.vofox.com"/>
         <property name="os" value="Windows 10 32bit"/>
         <property name="katalonVersion" value="5.8.0.1"/>
         <property name="browser" value="Chrome 70.0.3538.110"/>
         <property name="hostAddress" value="192.168.10.134"/>
         <property name="sessionId" value="eadf7e3a6a1309936705d429a84bcf91"/>
         <property name="seleniumVersion" value="3.7.1"/>
         <property name="proxyInformation" value="ProxyInformation{proxyOption=NO_PROXY, proxyServerType=HTTP, password=, proxyServerAddress=, proxyServerPort=0}"/>
         <property name="platform" value="Windows 10"/>
      </properties>
      <testcase name="Test Cases/Associate Application/My Downline/TCBA01601" classname="Test Cases/Associate Application/My Downline/TCBA01601" status="PASSED">
         <system-out><![CDATA[2018-12-10 11:31:01 - [TEST_CASE][PASSED] - Test Cases/Associate Application/My Downline/TCBA01601: Test Cases/Associate Application/My Downline/TCBA01601

2018-12-10 11:31:01 - [TEST_STEP][PASSED] - callTestCase: Call Test Case 'Test Cases/Associate Application/Associate Prod Login/Login' successfully

2018-12-10 11:31:01 - [TEST_CASE][PASSED] - Test Cases/Associate Application/Associate Prod Login/Login: Test Cases/Associate Application/Associate Prod Login/Login

2018-12-10 11:31:02 - [TEST_STEP][PASSED] - openBrowser: Browser is opened with url: ''

2018-12-10 11:31:05 - [MESSAGE][PASSED] - Browser is opened with url: ''

2018-12-10 11:31:05 - [TEST_STEP][PASSED] - maximizeWindow: Current window maximized

2018-12-10 11:31:06 - [MESSAGE][PASSED] - Current window maximized

2018-12-10 11:31:06 - [TEST_STEP][PASSED] - navigateToUrl: Navigate to 'https://192.168.10.72:449/' successfully

2018-12-10 11:31:10 - [MESSAGE][PASSED] - Navigate to 'https://192.168.10.72:449/' successfully

2018-12-10 11:31:10 - [TEST_STEP][PASSED] - setText: Text 'Shinto-Test' is set on object 'Object Repository/Page_Log In  5-15/input_txtUserName'

2018-12-10 11:31:12 - [MESSAGE][PASSED] - Text 'Shinto-Test' is set on object 'Object Repository/Page_Log In  5-15/input_txtUserName'

2018-12-10 11:31:12 - [TEST_STEP][PASSED] - setEncryptedText: Text ****** has been set on object 'Object Repository/Page_Log In  5-15/input_txtPassword'

2018-12-10 11:31:12 - [MESSAGE][PASSED] - Text ****** has been set on object 'Object Repository/Page_Log In  5-15/input_txtPassword'

2018-12-10 11:31:12 - [TEST_STEP][PASSED] - click: Object: 'Object Repository/Page_Log In  5-15/button_Log in' is clicked on

2018-12-10 11:31:12 - [MESSAGE][PASSED] - Object: 'Object Repository/Page_Log In  5-15/button_Log in' is clicked on

2018-12-10 11:31:12 - [TEST_STEP][PASSED] - verifyElementText: Actual text and expected text of test object 'Object Repository/Change Password/Page_Home  5-15/span_My Title' are matched.

2018-12-10 11:31:16 - [MESSAGE][PASSED] - Actual text and expected text of test object 'Object Repository/Change Password/Page_Home  5-15/span_My Title' are matched.

2018-12-10 11:31:16 - [MESSAGE][PASSED] - Call Test Case 'Test Cases/Associate Application/Associate Prod Login/Login' successfully

2018-12-10 11:31:16 - [TEST_STEP][PASSED] - verifyElementText: Actual text and expected text of test object 'Object Repository/My Downline/Page_Home  5-15/a_My Downline' are matched.

2018-12-10 11:31:17 - [MESSAGE][PASSED] - Actual text and expected text of test object 'Object Repository/My Downline/Page_Home  5-15/a_My Downline' are matched.]]></system-out>
         <system-err><![CDATA[]]></system-err>
      </testcase>
      <testcase name="Test Cases/Associate Application/My Downline/TCBA01602" classname="Test Cases/Associate Application/My Downline/TCBA01602" status="PASSED">
         <system-out><![CDATA[2018-12-10 11:31:17 - [TEST_CASE][PASSED] - Test Cases/Associate Application/My Downline/TCBA01602: Test Cases/Associate Application/My Downline/TCBA01602

2018-12-10 11:31:17 - [TEST_STEP][PASSED] - click: Object: 'Object Repository/My Downline/Page_Home  5-15/a_My Downline' is clicked on

2018-12-10 11:31:18 - [MESSAGE][PASSED] - Object: 'Object Repository/My Downline/Page_Home  5-15/a_My Downline' is clicked on

2018-12-10 11:31:18 - [TEST_STEP][PASSED] - verifyElementText: Actual text and expected text of test object 'Object Repository/My Downline/Page_My Downline  5-15/span_My Downline' are matched.

2018-12-10 11:31:18 - [MESSAGE][PASSED] - Actual text and expected text of test object 'Object Repository/My Downline/Page_My Downline  5-15/span_My Downline' are matched.

2018-12-10 11:31:18 - [TEST_STEP][PASSED] - verifyElementText: Actual text and expected text of test object 'Object Repository/My Downline/Page_My Downline  5-15/span_List View' are matched.

2018-12-10 11:31:18 - [MESSAGE][PASSED] - Actual text and expected text of test object 'Object Repository/My Downline/Page_My Downline  5-15/span_List View' are matched.

2018-12-10 11:31:18 - [TEST_STEP][PASSED] - verifyElementText: Actual text and expected text of test object 'Object Repository/My Downline/Page_My Downline  5-15/span_Summary' are matched.

2018-12-10 11:31:21 - [MESSAGE][PASSED] - Actual text and expected text of test object 'Object Repository/My Downline/Page_My Downline  5-15/span_Summary' are matched.

2018-12-10 11:31:21 - [TEST_STEP][PASSED] - verifyElementText: Actual text and expected text of test object 'Object Repository/My Downline/Page_My Downline  5-15/span_List View with Forced Mat' are matched.

2018-12-10 11:31:21 - [MESSAGE][PASSED] - Actual text and expected text of test object 'Object Repository/My Downline/Page_My Downline  5-15/span_List View with Forced Mat' are matched.

2018-12-10 11:31:21 - [TEST_STEP][PASSED] - verifyElementText: Actual text and expected text of test object 'Object Repository/My Downline/Page_My Downline  5-15/span_Tree View with Forced Mat' are matched.

2018-12-10 11:31:21 - [MESSAGE][PASSED] - Actual text and expected text of test object 'Object Repository/My Downline/Page_My Downline  5-15/span_Tree View with Forced Mat' are matched.

2018-12-10 11:31:21 - [TEST_STEP][PASSED] - verifyElementText: Actual text and expected text of test object 'Object Repository/My Downline/Page_My Downline  5-15/button_Update Matrix' are matched.

2018-12-10 11:31:21 - [MESSAGE][PASSED] - Actual text and expected text of test object 'Object Repository/My Downline/Page_My Downline  5-15/button_Update Matrix' are matched.

2018-12-10 11:31:21 - [TEST_STEP][PASSED] - verifyElementText: Actual text and expected text of test object 'Object Repository/My Downline/Page_My Downline  5-15/span_Tree View' are matched.

2018-12-10 11:31:22 - [MESSAGE][PASSED] - Actual text and expected text of test object 'Object Repository/My Downline/Page_My Downline  5-15/span_Tree View' are matched.

2018-12-10 11:31:22 - [TEST_STEP][PASSED] - verifyElementText: Actual text and expected text of test object 'Object Repository/My Downline/Page_My Downline  5-15/h3_Tree View' are matched.

2018-12-10 11:31:22 - [MESSAGE][PASSED] - Actual text and expected text of test object 'Object Repository/My Downline/Page_My Downline  5-15/h3_Tree View' are matched.

2018-12-10 11:31:22 - [TEST_STEP][PASSED] - verifyElementText: Actual text and expected text of test object 'Object Repository/My Downline/Page_My Downline  5-15/label_End Level' are matched.

2018-12-10 11:31:22 - [MESSAGE][PASSED] - Actual text and expected text of test object 'Object Repository/My Downline/Page_My Downline  5-15/label_End Level' are matched.

2018-12-10 11:31:22 - [TEST_STEP][PASSED] - verifyElementText: Actual text and expected text of test object 'Object Repository/My Downline/Page_My Downline  5-15/label_Sponsor' are matched.

2018-12-10 11:31:22 - [MESSAGE][PASSED] - Actual text and expected text of test object 'Object Repository/My Downline/Page_My Downline  5-15/label_Sponsor' are matched.

2018-12-10 11:31:22 - [TEST_STEP][PASSED] - verifyOptionPresentByLabel: 1 option(s) with label 'Level 0' is/are present in object 'Object Repository/My Downline/Page_My Downline  5-15/Start_Level_Treeview' 

2018-12-10 11:31:22 - [MESSAGE][WARNING] - Timeout '0' is invalid. Using default page load timeout: '30'

2018-12-10 11:31:22 - [MESSAGE][PASSED] - 1 option(s) with label 'Level 0' is/are present in object 'Object Repository/My Downline/Page_My Downline  5-15/Start_Level_Treeview' 

2018-12-10 11:31:22 - [TEST_STEP][PASSED] - delay: Delayed 3 second(s)

2018-12-10 11:31:25 - [MESSAGE][PASSED] - Delayed 3 second(s)

2018-12-10 11:31:25 - [TEST_STEP][PASSED] - verifyOptionPresentByLabel: 1 option(s) with label 'Level 1' is/are present in object 'Object Repository/My Downline/Page_My Downline  5-15/Start_Level_Treeview' 

2018-12-10 11:31:25 - [MESSAGE][WARNING] - Timeout '0' is invalid. Using default page load timeout: '30'

2018-12-10 11:31:25 - [MESSAGE][PASSED] - 1 option(s) with label 'Level 1' is/are present in object 'Object Repository/My Downline/Page_My Downline  5-15/Start_Level_Treeview' 

2018-12-10 11:31:25 - [TEST_STEP][PASSED] - delay: Delayed 3 second(s)

2018-12-10 11:31:28 - [MESSAGE][PASSED] - Delayed 3 second(s)

2018-12-10 11:31:28 - [TEST_STEP][PASSED] - verifyOptionPresentByLabel: 1 option(s) with label 'Level 2' is/are present in object 'Object Repository/My Downline/Page_My Downline  5-15/Start_Level_Treeview' 

2018-12-10 11:31:28 - [MESSAGE][WARNING] - Timeout '0' is invalid. Using default page load timeout: '30'

2018-12-10 11:31:29 - [MESSAGE][PASSED] - 1 option(s) with label 'Level 2' is/are present in object 'Object Repository/My Downline/Page_My Downline  5-15/Start_Level_Treeview' 

2018-12-10 11:31:29 - [TEST_STEP][PASSED] - delay: Delayed 3 second(s)

2018-12-10 11:31:32 - [MESSAGE][PASSED] - Delayed 3 second(s)

2018-12-10 11:31:32 - [TEST_STEP][PASSED] - verifyOptionPresentByLabel: 1 option(s) with label 'Level 3' is/are present in object 'Object Repository/My Downline/Page_My Downline  5-15/Start_Level_Treeview' 

2018-12-10 11:31:32 - [MESSAGE][WARNING] - Timeout '0' is invalid. Using default page load timeout: '30'

2018-12-10 11:31:32 - [MESSAGE][PASSED] - 1 option(s) with label 'Level 3' is/are present in object 'Object Repository/My Downline/Page_My Downline  5-15/Start_Level_Treeview' 

2018-12-10 11:31:32 - [TEST_STEP][PASSED] - delay: Delayed 3 second(s)

2018-12-10 11:31:35 - [MESSAGE][PASSED] - Delayed 3 second(s)

2018-12-10 11:31:35 - [TEST_STEP][PASSED] - verifyOptionPresentByLabel: 1 option(s) with label 'Level 4' is/are present in object 'Object Repository/My Downline/Page_My Downline  5-15/Start_Level_Treeview' 

2018-12-10 11:31:35 - [MESSAGE][WARNING] - Timeout '0' is invalid. Using default page load timeout: '30'

2018-12-10 11:31:35 - [MESSAGE][PASSED] - 1 option(s) with label 'Level 4' is/are present in object 'Object Repository/My Downline/Page_My Downline  5-15/Start_Level_Treeview' 

2018-12-10 11:31:35 - [TEST_STEP][PASSED] - delay: Delayed 3 second(s)

2018-12-10 11:31:38 - [MESSAGE][PASSED] - Delayed 3 second(s)

2018-12-10 11:31:38 - [TEST_STEP][PASSED] - verifyOptionPresentByLabel: 1 option(s) with label 'Level 5' is/are present in object 'Object Repository/My Downline/Page_My Downline  5-15/Start_Level_Treeview' 

2018-12-10 11:31:38 - [MESSAGE][WARNING] - Timeout '0' is invalid. Using default page load timeout: '30'

2018-12-10 11:31:38 - [MESSAGE][PASSED] - 1 option(s) with label 'Level 5' is/are present in object 'Object Repository/My Downline/Page_My Downline  5-15/Start_Level_Treeview' 

2018-12-10 11:31:38 - [TEST_STEP][PASSED] - delay: Delayed 3 second(s)

2018-12-10 11:31:41 - [MESSAGE][PASSED] - Delayed 3 second(s)

2018-12-10 11:31:41 - [TEST_STEP][PASSED] - verifyOptionPresentByLabel: 1 option(s) with label 'Level 6' is/are present in object 'Object Repository/My Downline/Page_My Downline  5-15/Start_Level_Treeview' 

2018-12-10 11:31:41 - [MESSAGE][WARNING] - Timeout '0' is invalid. Using default page load timeout: '30'

2018-12-10 11:31:41 - [MESSAGE][PASSED] - 1 option(s) with label 'Level 6' is/are present in object 'Object Repository/My Downline/Page_My Downline  5-15/Start_Level_Treeview' 

2018-12-10 11:31:41 - [TEST_STEP][PASSED] - delay: Delayed 3 second(s)

2018-12-10 11:31:44 - [MESSAGE][PASSED] - Delayed 3 second(s)

2018-12-10 11:31:44 - [TEST_STEP][PASSED] - verifyOptionPresentByLabel: 1 option(s) with label 'Level 7' is/are present in object 'Object Repository/My Downline/Page_My Downline  5-15/Start_Level_Treeview' 

2018-12-10 11:31:44 - [MESSAGE][WARNING] - Timeout '0' is invalid. Using default page load timeout: '30'

2018-12-10 11:31:45 - [MESSAGE][PASSED] - 1 option(s) with label 'Level 7' is/are present in object 'Object Repository/My Downline/Page_My Downline  5-15/Start_Level_Treeview' 

2018-12-10 11:31:45 - [TEST_STEP][PASSED] - delay: Delayed 3 second(s)

2018-12-10 11:31:48 - [MESSAGE][PASSED] - Delayed 3 second(s)

2018-12-10 11:31:48 - [TEST_STEP][PASSED] - selectOptionByLabel: All options with label 'Level 5' are selected in object 'Object Repository/My Downline/Page_My Downline  5-15/Tree view End Level' 

2018-12-10 11:31:48 - [MESSAGE][PASSED] - All options with label 'Level 5' are selected in object 'Object Repository/My Downline/Page_My Downline  5-15/Tree view End Level' 

2018-12-10 11:31:48 - [TEST_STEP][PASSED] - delay: Delayed 3 second(s)

2018-12-10 11:31:51 - [MESSAGE][PASSED] - Delayed 3 second(s)

2018-12-10 11:31:51 - [TEST_STEP][PASSED] - verifyOptionPresentByLabel: 1 option(s) with label 'Select Sponsor' is/are present in object 'Object Repository/My Downline/Page_My Downline  5-15/Sponsor_Treeview' 

2018-12-10 11:31:51 - [MESSAGE][WARNING] - Timeout '0' is invalid. Using default page load timeout: '30'

2018-12-10 11:33:30 - [MESSAGE][PASSED] - 1 option(s) with label 'Select Sponsor' is/are present in object 'Object Repository/My Downline/Page_My Downline  5-15/Sponsor_Treeview' 

2018-12-10 11:33:30 - [TEST_STEP][PASSED] - delay: Delayed 3 second(s)

2018-12-10 11:33:33 - [MESSAGE][PASSED] - Delayed 3 second(s)

2018-12-10 11:33:33 - [TEST_STEP][PASSED] - selectOptionByLabel: All options with label 'Select Sponsor' are selected in object 'Object Repository/My Downline/Page_My Downline  5-15/Sponsor_Treeview' 

2018-12-10 11:33:34 - [MESSAGE][PASSED] - All options with label 'Select Sponsor' are selected in object 'Object Repository/My Downline/Page_My Downline  5-15/Sponsor_Treeview' 

2018-12-10 11:33:34 - [TEST_STEP][PASSED] - click: Object: 'Object Repository/My Downline/Page_My Downline  5-15/button_Update Matrix' is clicked on

2018-12-10 11:33:34 - [MESSAGE][PASSED] - Object: 'Object Repository/My Downline/Page_My Downline  5-15/button_Update Matrix' is clicked on

2018-12-10 11:33:34 - [TEST_STEP][PASSED] - delay: Delayed 5 second(s)

2018-12-10 11:33:39 - [MESSAGE][PASSED] - Delayed 5 second(s)

2018-12-10 11:33:39 - [TEST_STEP][PASSED] - verifyElementText: Actual text and expected text of test object 'Object Repository/My Downline/Page_My Downline  5-15/button_Update Matrix' are matched.

2018-12-10 11:33:39 - [MESSAGE][PASSED] - Actual text and expected text of test object 'Object Repository/My Downline/Page_My Downline  5-15/button_Update Matrix' are matched.]]></system-out>
         <system-err><![CDATA[]]></system-err>
      </testcase>
      <testcase name="Test Cases/Associate Application/My Downline/TCBA01603" classname="Test Cases/Associate Application/My Downline/TCBA01603" status="PASSED">
         <system-out><![CDATA[2018-12-10 11:33:39 - [TEST_CASE][PASSED] - Test Cases/Associate Application/My Downline/TCBA01603: Test Cases/Associate Application/My Downline/TCBA01603

2018-12-10 11:33:39 - [TEST_STEP][PASSED] - click: Object: 'Object Repository/My Downline/Page_My Downline  5-15/span_List View' is clicked on

2018-12-10 11:33:39 - [MESSAGE][PASSED] - Object: 'Object Repository/My Downline/Page_My Downline  5-15/span_List View' is clicked on

2018-12-10 11:33:39 - [TEST_STEP][PASSED] - verifyElementText: Actual text and expected text of test object 'Object Repository/My Downline/Page_My Downline  5-15/span_My Downline' are matched.

2018-12-10 11:33:40 - [MESSAGE][PASSED] - Actual text and expected text of test object 'Object Repository/My Downline/Page_My Downline  5-15/span_My Downline' are matched.

2018-12-10 11:33:40 - [TEST_STEP][PASSED] - verifyElementText: Actual text and expected text of test object 'Object Repository/My Downline/Page_My Downline  5-15/span_List View' are matched.

2018-12-10 11:33:40 - [MESSAGE][PASSED] - Actual text and expected text of test object 'Object Repository/My Downline/Page_My Downline  5-15/span_List View' are matched.

2018-12-10 11:33:40 - [TEST_STEP][PASSED] - verifyElementText: Actual text and expected text of test object 'Object Repository/My Downline/Page_My Downline  5-15/span_Summary' are matched.

2018-12-10 11:33:40 - [MESSAGE][PASSED] - Actual text and expected text of test object 'Object Repository/My Downline/Page_My Downline  5-15/span_Summary' are matched.

2018-12-10 11:33:40 - [TEST_STEP][PASSED] - verifyElementText: Actual text and expected text of test object 'Object Repository/My Downline/Page_My Downline  5-15/span_List View with Forced Mat' are matched.

2018-12-10 11:33:40 - [MESSAGE][PASSED] - Actual text and expected text of test object 'Object Repository/My Downline/Page_My Downline  5-15/span_List View with Forced Mat' are matched.

2018-12-10 11:33:40 - [TEST_STEP][PASSED] - verifyElementText: Actual text and expected text of test object 'Object Repository/My Downline/Page_My Downline  5-15/span_Tree View with Forced Mat' are matched.

2018-12-10 11:33:40 - [MESSAGE][PASSED] - Actual text and expected text of test object 'Object Repository/My Downline/Page_My Downline  5-15/span_Tree View with Forced Mat' are matched.

2018-12-10 11:33:40 - [TEST_STEP][PASSED] - verifyElementText: Actual text and expected text of test object 'Object Repository/My Downline/Page_My Downline  5-15/span_Tree View' are matched.

2018-12-10 11:33:40 - [MESSAGE][PASSED] - Actual text and expected text of test object 'Object Repository/My Downline/Page_My Downline  5-15/span_Tree View' are matched.

2018-12-10 11:33:40 - [TEST_STEP][PASSED] - verifyElementText: Actual text and expected text of test object 'Object Repository/My Downline/Page_My Downline  5-15/h3_List view' are matched.

2018-12-10 11:33:40 - [MESSAGE][PASSED] - Actual text and expected text of test object 'Object Repository/My Downline/Page_My Downline  5-15/h3_List view' are matched.

2018-12-10 11:33:40 - [TEST_STEP][PASSED] - verifyElementText: Actual text and expected text of test object 'Object Repository/My Downline/Page_My Downline  5-15/button_FILTER' are matched.

2018-12-10 11:33:41 - [MESSAGE][PASSED] - Actual text and expected text of test object 'Object Repository/My Downline/Page_My Downline  5-15/button_FILTER' are matched.

2018-12-10 11:33:41 - [TEST_STEP][PASSED] - verifyElementText: Actual text and expected text of test object 'Object Repository/My Downline/Page_My Downline  5-15/label_Start Level' are matched.

2018-12-10 11:33:42 - [MESSAGE][PASSED] - Actual text and expected text of test object 'Object Repository/My Downline/Page_My Downline  5-15/label_Start Level' are matched.

2018-12-10 11:33:42 - [TEST_STEP][PASSED] - verifyElementText: Actual text and expected text of test object 'Object Repository/My Downline/Page_My Downline  5-15/label_End Level' are matched.

2018-12-10 11:33:42 - [MESSAGE][PASSED] - Actual text and expected text of test object 'Object Repository/My Downline/Page_My Downline  5-15/label_End Level' are matched.

2018-12-10 11:33:42 - [TEST_STEP][PASSED] - verifyElementText: Actual text and expected text of test object 'Object Repository/My Downline/Page_My Downline  5-15/label_Sponsor' are matched.

2018-12-10 11:33:42 - [MESSAGE][PASSED] - Actual text and expected text of test object 'Object Repository/My Downline/Page_My Downline  5-15/label_Sponsor' are matched.

2018-12-10 11:33:42 - [TEST_STEP][PASSED] - verifyElementText: Actual text and expected text of test object 'Object Repository/My Downline/Page_My Downline  5-15/label_Contract Not Signed' are matched.

2018-12-10 11:33:42 - [MESSAGE][PASSED] - Actual text and expected text of test object 'Object Repository/My Downline/Page_My Downline  5-15/label_Contract Not Signed' are matched.]]></system-out>
         <system-err><![CDATA[]]></system-err>
      </testcase>
      <testcase name="Test Cases/Associate Application/My Downline/TCBA01604" classname="Test Cases/Associate Application/My Downline/TCBA01604" status="PASSED">
         <system-out><![CDATA[2018-12-10 11:33:42 - [TEST_CASE][PASSED] - Test Cases/Associate Application/My Downline/TCBA01604: Test Cases/Associate Application/My Downline/TCBA01604

2018-12-10 11:33:42 - [TEST_STEP][PASSED] - verifyElementText: Actual text and expected text of test object 'Object Repository/My Downline/Page_My Downline  5-15/th_Sponsor' are matched.

2018-12-10 11:33:42 - [MESSAGE][PASSED] - Actual text and expected text of test object 'Object Repository/My Downline/Page_My Downline  5-15/th_Sponsor' are matched.

2018-12-10 11:33:42 - [TEST_STEP][PASSED] - verifyElementText: Actual text and expected text of test object 'Object Repository/My Downline/Page_My Downline  5-15/th_Associate' are matched.

2018-12-10 11:33:42 - [MESSAGE][PASSED] - Actual text and expected text of test object 'Object Repository/My Downline/Page_My Downline  5-15/th_Associate' are matched.

2018-12-10 11:33:42 - [TEST_STEP][PASSED] - verifyElementText: Actual text and expected text of test object 'Object Repository/My Downline/Page_My Downline  5-15/th_Customer Energy Accounts' are matched.

2018-12-10 11:33:42 - [MESSAGE][PASSED] - Actual text and expected text of test object 'Object Repository/My Downline/Page_My Downline  5-15/th_Customer Energy Accounts' are matched.

2018-12-10 11:33:42 - [TEST_STEP][PASSED] - verifyElementText: Actual text and expected text of test object 'Object Repository/My Downline/Page_My Downline  5-15/div_Level' are matched.

2018-12-10 11:33:43 - [MESSAGE][PASSED] - Actual text and expected text of test object 'Object Repository/My Downline/Page_My Downline  5-15/div_Level' are matched.

2018-12-10 11:33:43 - [TEST_STEP][PASSED] - verifyElementText: Actual text and expected text of test object 'Object Repository/My Downline/Page_My Downline  5-15/div_Sponsor' are matched.

2018-12-10 11:33:43 - [MESSAGE][PASSED] - Actual text and expected text of test object 'Object Repository/My Downline/Page_My Downline  5-15/div_Sponsor' are matched.

2018-12-10 11:33:43 - [TEST_STEP][PASSED] - verifyElementText: Actual text and expected text of test object 'Object Repository/My Downline/Page_My Downline  5-15/div_Sponsor Email' are matched.

2018-12-10 11:33:43 - [MESSAGE][PASSED] - Actual text and expected text of test object 'Object Repository/My Downline/Page_My Downline  5-15/div_Sponsor Email' are matched.

2018-12-10 11:33:43 - [TEST_STEP][PASSED] - verifyElementText: Actual text and expected text of test object 'Object Repository/My Downline/Page_My Downline  5-15/div_Sponsor Mobile Phone' are matched.

2018-12-10 11:33:43 - [MESSAGE][PASSED] - Actual text and expected text of test object 'Object Repository/My Downline/Page_My Downline  5-15/div_Sponsor Mobile Phone' are matched.

2018-12-10 11:33:43 - [TEST_STEP][PASSED] - verifyElementText: Actual text and expected text of test object 'Object Repository/My Downline/Page_My Downline  5-15/div_Associate' are matched.

2018-12-10 11:33:43 - [MESSAGE][PASSED] - Actual text and expected text of test object 'Object Repository/My Downline/Page_My Downline  5-15/div_Associate' are matched.

2018-12-10 11:33:43 - [TEST_STEP][PASSED] - verifyElementText: Actual text and expected text of test object 'Object Repository/My Downline/Page_My Downline  5-15/div_Email' are matched.

2018-12-10 11:33:43 - [MESSAGE][PASSED] - Actual text and expected text of test object 'Object Repository/My Downline/Page_My Downline  5-15/div_Email' are matched.

2018-12-10 11:33:43 - [TEST_STEP][PASSED] - verifyElementText: Actual text and expected text of test object 'Object Repository/My Downline/Page_My Downline  5-15/div_Mobile Phone' are matched.

2018-12-10 11:33:43 - [MESSAGE][PASSED] - Actual text and expected text of test object 'Object Repository/My Downline/Page_My Downline  5-15/div_Mobile Phone' are matched.

2018-12-10 11:33:43 - [TEST_STEP][PASSED] - verifyElementText: Actual text and expected text of test object 'Object Repository/My Downline/Page_My Downline  5-15/div_Inactive Date' are matched.

2018-12-10 11:33:43 - [MESSAGE][PASSED] - Actual text and expected text of test object 'Object Repository/My Downline/Page_My Downline  5-15/div_Inactive Date' are matched.

2018-12-10 11:33:43 - [TEST_STEP][PASSED] - verifyElementText: Actual text and expected text of test object 'Object Repository/My Downline/Page_My Downline  5-15/div_Csr Status' are matched.

2018-12-10 11:33:43 - [MESSAGE][PASSED] - Actual text and expected text of test object 'Object Repository/My Downline/Page_My Downline  5-15/div_Csr Status' are matched.

2018-12-10 11:33:43 - [TEST_STEP][PASSED] - verifyElementText: Actual text and expected text of test object 'Object Repository/My Downline/Page_My Downline  5-15/div_Contract Signed Date' are matched.

2018-12-10 11:33:43 - [MESSAGE][PASSED] - Actual text and expected text of test object 'Object Repository/My Downline/Page_My Downline  5-15/div_Contract Signed Date' are matched.

2018-12-10 11:33:43 - [TEST_STEP][PASSED] - verifyElementText: Actual text and expected text of test object 'Object Repository/My Downline/Page_My Downline  5-15/div_CSR Title' are matched.

2018-12-10 11:33:43 - [MESSAGE][PASSED] - Actual text and expected text of test object 'Object Repository/My Downline/Page_My Downline  5-15/div_CSR Title' are matched.

2018-12-10 11:33:43 - [TEST_STEP][PASSED] - verifyElementText: Actual text and expected text of test object 'Object Repository/My Downline/Page_My Downline  5-15/div_Associate Count' are matched.

2018-12-10 11:33:44 - [MESSAGE][PASSED] - Actual text and expected text of test object 'Object Repository/My Downline/Page_My Downline  5-15/div_Associate Count' are matched.

2018-12-10 11:33:44 - [TEST_STEP][PASSED] - verifyElementText: Actual text and expected text of test object 'Object Repository/My Downline/Page_My Downline  5-15/div_Contract Count' are matched.

2018-12-10 11:33:44 - [MESSAGE][PASSED] - Actual text and expected text of test object 'Object Repository/My Downline/Page_My Downline  5-15/div_Contract Count' are matched.

2018-12-10 11:33:44 - [TEST_STEP][PASSED] - verifyElementText: Actual text and expected text of test object 'Object Repository/My Downline/Page_My Downline  5-15/div_Validated Contract Count' are matched.

2018-12-10 11:33:44 - [MESSAGE][PASSED] - Actual text and expected text of test object 'Object Repository/My Downline/Page_My Downline  5-15/div_Validated Contract Count' are matched.

2018-12-10 11:33:44 - [TEST_STEP][PASSED] - verifyOptionPresentByLabel: 1 option(s) with label 'Level 0' is/are present in object 'Object Repository/My Downline/Page_My Downline  5-15/Start Level' 

2018-12-10 11:33:44 - [MESSAGE][WARNING] - Timeout '0' is invalid. Using default page load timeout: '30'

2018-12-10 11:33:44 - [MESSAGE][PASSED] - 1 option(s) with label 'Level 0' is/are present in object 'Object Repository/My Downline/Page_My Downline  5-15/Start Level' 

2018-12-10 11:33:44 - [TEST_STEP][PASSED] - delay: Delayed 3 second(s)

2018-12-10 11:33:47 - [MESSAGE][PASSED] - Delayed 3 second(s)

2018-12-10 11:33:47 - [TEST_STEP][PASSED] - verifyOptionPresentByLabel: 1 option(s) with label 'Level 1' is/are present in object 'Object Repository/My Downline/Page_My Downline  5-15/Start Level' 

2018-12-10 11:33:47 - [MESSAGE][WARNING] - Timeout '0' is invalid. Using default page load timeout: '30'

2018-12-10 11:33:47 - [MESSAGE][PASSED] - 1 option(s) with label 'Level 1' is/are present in object 'Object Repository/My Downline/Page_My Downline  5-15/Start Level' 

2018-12-10 11:33:47 - [TEST_STEP][PASSED] - delay: Delayed 3 second(s)

2018-12-10 11:33:50 - [MESSAGE][PASSED] - Delayed 3 second(s)

2018-12-10 11:33:50 - [TEST_STEP][PASSED] - verifyOptionPresentByLabel: 1 option(s) with label 'Level 2' is/are present in object 'Object Repository/My Downline/Page_My Downline  5-15/Start Level' 

2018-12-10 11:33:50 - [MESSAGE][WARNING] - Timeout '0' is invalid. Using default page load timeout: '30'

2018-12-10 11:33:51 - [MESSAGE][PASSED] - 1 option(s) with label 'Level 2' is/are present in object 'Object Repository/My Downline/Page_My Downline  5-15/Start Level' 

2018-12-10 11:33:51 - [TEST_STEP][PASSED] - delay: Delayed 3 second(s)

2018-12-10 11:33:54 - [MESSAGE][PASSED] - Delayed 3 second(s)

2018-12-10 11:33:54 - [TEST_STEP][PASSED] - verifyOptionPresentByLabel: 1 option(s) with label 'Level 3' is/are present in object 'Object Repository/My Downline/Page_My Downline  5-15/Start Level' 

2018-12-10 11:33:54 - [MESSAGE][WARNING] - Timeout '0' is invalid. Using default page load timeout: '30'

2018-12-10 11:33:54 - [MESSAGE][PASSED] - 1 option(s) with label 'Level 3' is/are present in object 'Object Repository/My Downline/Page_My Downline  5-15/Start Level' 

2018-12-10 11:33:54 - [TEST_STEP][PASSED] - delay: Delayed 3 second(s)

2018-12-10 11:33:57 - [MESSAGE][PASSED] - Delayed 3 second(s)

2018-12-10 11:33:57 - [TEST_STEP][PASSED] - verifyOptionPresentByLabel: 1 option(s) with label 'Level 4' is/are present in object 'Object Repository/My Downline/Page_My Downline  5-15/Start Level' 

2018-12-10 11:33:57 - [MESSAGE][WARNING] - Timeout '0' is invalid. Using default page load timeout: '30'

2018-12-10 11:33:57 - [MESSAGE][PASSED] - 1 option(s) with label 'Level 4' is/are present in object 'Object Repository/My Downline/Page_My Downline  5-15/Start Level' 

2018-12-10 11:33:57 - [TEST_STEP][PASSED] - delay: Delayed 3 second(s)

2018-12-10 11:34:00 - [MESSAGE][PASSED] - Delayed 3 second(s)

2018-12-10 11:34:00 - [TEST_STEP][PASSED] - verifyOptionPresentByLabel: 1 option(s) with label 'Level 5' is/are present in object 'Object Repository/My Downline/Page_My Downline  5-15/Start Level' 

2018-12-10 11:34:00 - [MESSAGE][WARNING] - Timeout '0' is invalid. Using default page load timeout: '30'

2018-12-10 11:34:00 - [MESSAGE][PASSED] - 1 option(s) with label 'Level 5' is/are present in object 'Object Repository/My Downline/Page_My Downline  5-15/Start Level' 

2018-12-10 11:34:00 - [TEST_STEP][PASSED] - delay: Delayed 3 second(s)

2018-12-10 11:34:03 - [MESSAGE][PASSED] - Delayed 3 second(s)

2018-12-10 11:34:03 - [TEST_STEP][PASSED] - verifyOptionPresentByLabel: 1 option(s) with label 'Level 6' is/are present in object 'Object Repository/My Downline/Page_My Downline  5-15/Start Level' 

2018-12-10 11:34:03 - [MESSAGE][WARNING] - Timeout '0' is invalid. Using default page load timeout: '30'

2018-12-10 11:34:04 - [MESSAGE][PASSED] - 1 option(s) with label 'Level 6' is/are present in object 'Object Repository/My Downline/Page_My Downline  5-15/Start Level' 

2018-12-10 11:34:04 - [TEST_STEP][PASSED] - delay: Delayed 3 second(s)

2018-12-10 11:34:07 - [MESSAGE][PASSED] - Delayed 3 second(s)

2018-12-10 11:34:07 - [TEST_STEP][PASSED] - verifyOptionPresentByLabel: 1 option(s) with label 'Level 7' is/are present in object 'Object Repository/My Downline/Page_My Downline  5-15/Start Level' 

2018-12-10 11:34:07 - [MESSAGE][WARNING] - Timeout '0' is invalid. Using default page load timeout: '30'

2018-12-10 11:34:07 - [MESSAGE][PASSED] - 1 option(s) with label 'Level 7' is/are present in object 'Object Repository/My Downline/Page_My Downline  5-15/Start Level' 

2018-12-10 11:34:07 - [TEST_STEP][PASSED] - delay: Delayed 3 second(s)

2018-12-10 11:34:10 - [MESSAGE][PASSED] - Delayed 3 second(s)

2018-12-10 11:34:10 - [TEST_STEP][PASSED] - selectOptionByLabel: All options with label 'Level 3' are selected in object 'Object Repository/My Downline/Page_My Downline  5-15/Start Level' 

2018-12-10 11:34:10 - [MESSAGE][PASSED] - All options with label 'Level 3' are selected in object 'Object Repository/My Downline/Page_My Downline  5-15/Start Level' 

2018-12-10 11:34:10 - [TEST_STEP][PASSED] - delay: Delayed 3 second(s)

2018-12-10 11:34:13 - [MESSAGE][PASSED] - Delayed 3 second(s)

2018-12-10 11:34:13 - [TEST_STEP][PASSED] - verifyOptionPresentByLabel: 1 option(s) with label 'Level 0' is/are present in object 'Object Repository/My Downline/Page_My Downline  5-15/select_Level 0            Leve' 

2018-12-10 11:34:13 - [MESSAGE][WARNING] - Timeout '0' is invalid. Using default page load timeout: '30'

2018-12-10 11:34:13 - [MESSAGE][PASSED] - 1 option(s) with label 'Level 0' is/are present in object 'Object Repository/My Downline/Page_My Downline  5-15/select_Level 0            Leve' 

2018-12-10 11:34:13 - [TEST_STEP][PASSED] - delay: Delayed 3 second(s)

2018-12-10 11:34:16 - [MESSAGE][PASSED] - Delayed 3 second(s)

2018-12-10 11:34:16 - [TEST_STEP][PASSED] - verifyOptionPresentByLabel: 1 option(s) with label 'Level 1' is/are present in object 'Object Repository/My Downline/Page_My Downline  5-15/select_Level 0            Leve' 

2018-12-10 11:34:16 - [MESSAGE][WARNING] - Timeout '0' is invalid. Using default page load timeout: '30'

2018-12-10 11:34:16 - [MESSAGE][PASSED] - 1 option(s) with label 'Level 1' is/are present in object 'Object Repository/My Downline/Page_My Downline  5-15/select_Level 0            Leve' 

2018-12-10 11:34:16 - [TEST_STEP][PASSED] - delay: Delayed 3 second(s)

2018-12-10 11:34:19 - [MESSAGE][PASSED] - Delayed 3 second(s)

2018-12-10 11:34:19 - [TEST_STEP][PASSED] - verifyOptionPresentByLabel: 1 option(s) with label 'Level 2' is/are present in object 'Object Repository/My Downline/Page_My Downline  5-15/select_Level 0            Leve' 

2018-12-10 11:34:20 - [MESSAGE][WARNING] - Timeout '0' is invalid. Using default page load timeout: '30'

2018-12-10 11:34:20 - [MESSAGE][PASSED] - 1 option(s) with label 'Level 2' is/are present in object 'Object Repository/My Downline/Page_My Downline  5-15/select_Level 0            Leve' 

2018-12-10 11:34:20 - [TEST_STEP][PASSED] - delay: Delayed 3 second(s)

2018-12-10 11:34:23 - [MESSAGE][PASSED] - Delayed 3 second(s)

2018-12-10 11:34:23 - [TEST_STEP][PASSED] - verifyOptionPresentByLabel: 1 option(s) with label 'Level 3' is/are present in object 'Object Repository/My Downline/Page_My Downline  5-15/select_Level 0            Leve' 

2018-12-10 11:34:23 - [MESSAGE][WARNING] - Timeout '0' is invalid. Using default page load timeout: '30'

2018-12-10 11:34:23 - [MESSAGE][PASSED] - 1 option(s) with label 'Level 3' is/are present in object 'Object Repository/My Downline/Page_My Downline  5-15/select_Level 0            Leve' 

2018-12-10 11:34:23 - [TEST_STEP][PASSED] - delay: Delayed 3 second(s)

2018-12-10 11:34:26 - [MESSAGE][PASSED] - Delayed 3 second(s)

2018-12-10 11:34:26 - [TEST_STEP][PASSED] - verifyOptionPresentByLabel: 1 option(s) with label 'Level 4' is/are present in object 'Object Repository/My Downline/Page_My Downline  5-15/select_Level 0            Leve' 

2018-12-10 11:34:26 - [MESSAGE][WARNING] - Timeout '0' is invalid. Using default page load timeout: '30'

2018-12-10 11:34:26 - [MESSAGE][PASSED] - 1 option(s) with label 'Level 4' is/are present in object 'Object Repository/My Downline/Page_My Downline  5-15/select_Level 0            Leve' 

2018-12-10 11:34:26 - [TEST_STEP][PASSED] - delay: Delayed 3 second(s)

2018-12-10 11:34:29 - [MESSAGE][PASSED] - Delayed 3 second(s)

2018-12-10 11:34:29 - [TEST_STEP][PASSED] - verifyOptionPresentByLabel: 1 option(s) with label 'Level 5' is/are present in object 'Object Repository/My Downline/Page_My Downline  5-15/select_Level 0            Leve' 

2018-12-10 11:34:29 - [MESSAGE][WARNING] - Timeout '0' is invalid. Using default page load timeout: '30'

2018-12-10 11:34:29 - [MESSAGE][PASSED] - 1 option(s) with label 'Level 5' is/are present in object 'Object Repository/My Downline/Page_My Downline  5-15/select_Level 0            Leve' 

2018-12-10 11:34:29 - [TEST_STEP][PASSED] - delay: Delayed 3 second(s)

2018-12-10 11:34:32 - [MESSAGE][PASSED] - Delayed 3 second(s)

2018-12-10 11:34:32 - [TEST_STEP][PASSED] - verifyOptionPresentByLabel: 1 option(s) with label 'Level 6' is/are present in object 'Object Repository/My Downline/Page_My Downline  5-15/select_Level 0            Leve' 

2018-12-10 11:34:32 - [MESSAGE][WARNING] - Timeout '0' is invalid. Using default page load timeout: '30'

2018-12-10 11:34:33 - [MESSAGE][PASSED] - 1 option(s) with label 'Level 6' is/are present in object 'Object Repository/My Downline/Page_My Downline  5-15/select_Level 0            Leve' 

2018-12-10 11:34:33 - [TEST_STEP][PASSED] - delay: Delayed 3 second(s)

2018-12-10 11:34:36 - [MESSAGE][PASSED] - Delayed 3 second(s)

2018-12-10 11:34:36 - [TEST_STEP][PASSED] - verifyOptionPresentByLabel: 1 option(s) with label 'Level 7' is/are present in object 'Object Repository/My Downline/Page_My Downline  5-15/select_Level 0            Leve' 

2018-12-10 11:34:36 - [MESSAGE][WARNING] - Timeout '0' is invalid. Using default page load timeout: '30'

2018-12-10 11:34:36 - [MESSAGE][PASSED] - 1 option(s) with label 'Level 7' is/are present in object 'Object Repository/My Downline/Page_My Downline  5-15/select_Level 0            Leve' 

2018-12-10 11:34:36 - [TEST_STEP][PASSED] - delay: Delayed 3 second(s)

2018-12-10 11:34:39 - [MESSAGE][PASSED] - Delayed 3 second(s)

2018-12-10 11:34:39 - [TEST_STEP][PASSED] - selectOptionByLabel: All options with label 'Level 4' are selected in object 'Object Repository/My Downline/Page_My Downline  5-15/select_Level 0            Leve' 

2018-12-10 11:34:39 - [MESSAGE][PASSED] - All options with label 'Level 4' are selected in object 'Object Repository/My Downline/Page_My Downline  5-15/select_Level 0            Leve' 

2018-12-10 11:34:39 - [TEST_STEP][PASSED] - delay: Delayed 3 second(s)

2018-12-10 11:34:42 - [MESSAGE][PASSED] - Delayed 3 second(s)

2018-12-10 11:34:42 - [TEST_STEP][PASSED] - selectOptionByLabel: All options with label 'Select Sponsor' are selected in object 'Object Repository/My Downline/Page_My Downline  5-15/select_Select Sponsor' 

2018-12-10 11:34:42 - [MESSAGE][PASSED] - All options with label 'Select Sponsor' are selected in object 'Object Repository/My Downline/Page_My Downline  5-15/select_Select Sponsor' 

2018-12-10 11:34:42 - [TEST_STEP][PASSED] - delay: Delayed 3 second(s)

2018-12-10 11:34:45 - [MESSAGE][PASSED] - Delayed 3 second(s)

2018-12-10 11:34:45 - [TEST_STEP][PASSED] - verifyElementText: Actual text and expected text of test object 'Object Repository/My Downline/Page_My Downline  5-15/button_FILTER' are matched.

2018-12-10 11:34:45 - [MESSAGE][PASSED] - Actual text and expected text of test object 'Object Repository/My Downline/Page_My Downline  5-15/button_FILTER' are matched.

2018-12-10 11:34:45 - [TEST_STEP][PASSED] - click: Object: 'Object Repository/My Downline/Page_My Downline  5-15/button_FILTER' is clicked on

2018-12-10 11:34:45 - [MESSAGE][PASSED] - Object: 'Object Repository/My Downline/Page_My Downline  5-15/button_FILTER' is clicked on

2018-12-10 11:34:45 - [TEST_STEP][PASSED] - selectOptionByLabel: All options with label 'Level 6' are selected in object 'Object Repository/My Downline/Page_My Downline  5-15/Start Level' 

2018-12-10 11:34:46 - [MESSAGE][PASSED] - All options with label 'Level 6' are selected in object 'Object Repository/My Downline/Page_My Downline  5-15/Start Level' 

2018-12-10 11:34:46 - [TEST_STEP][PASSED] - delay: Delayed 3 second(s)

2018-12-10 11:34:49 - [MESSAGE][PASSED] - Delayed 3 second(s)

2018-12-10 11:34:49 - [TEST_STEP][PASSED] - selectOptionByLabel: All options with label 'Level 3' are selected in object 'Object Repository/My Downline/Page_My Downline  5-15/select_Level 0            Leve' 

2018-12-10 11:34:49 - [MESSAGE][PASSED] - All options with label 'Level 3' are selected in object 'Object Repository/My Downline/Page_My Downline  5-15/select_Level 0            Leve' 

2018-12-10 11:34:49 - [TEST_STEP][PASSED] - delay: Delayed 3 second(s)

2018-12-10 11:34:52 - [MESSAGE][PASSED] - Delayed 3 second(s)

2018-12-10 11:34:52 - [TEST_STEP][PASSED] - verifyElementText: Actual text and expected text of test object 'Object Repository/My Downline/Page_My Downline  5-15/div_The End Level should be  g' are matched.

2018-12-10 11:34:52 - [MESSAGE][PASSED] - Actual text and expected text of test object 'Object Repository/My Downline/Page_My Downline  5-15/div_The End Level should be  g' are matched.]]></system-out>
         <system-err><![CDATA[]]></system-err>
      </testcase>
      <testcase name="Test Cases/Associate Application/My Downline/TCBA01605" classname="Test Cases/Associate Application/My Downline/TCBA01605" status="PASSED">
         <system-out><![CDATA[2018-12-10 11:34:52 - [TEST_CASE][PASSED] - Test Cases/Associate Application/My Downline/TCBA01605: Test Cases/Associate Application/My Downline/TCBA01605

2018-12-10 11:34:52 - [TEST_STEP][PASSED] - selectOptionByLabel: All options with label 'Level 3' are selected in object 'Object Repository/My Downline/Page_My Downline  5-15/Start Level' 

2018-12-10 11:34:52 - [MESSAGE][PASSED] - All options with label 'Level 3' are selected in object 'Object Repository/My Downline/Page_My Downline  5-15/Start Level' 

2018-12-10 11:34:52 - [TEST_STEP][PASSED] - delay: Delayed 3 second(s)

2018-12-10 11:34:55 - [MESSAGE][PASSED] - Delayed 3 second(s)

2018-12-10 11:34:55 - [TEST_STEP][PASSED] - selectOptionByLabel: All options with label 'Level 6' are selected in object 'Object Repository/My Downline/Page_My Downline  5-15/select_Level 0            Leve' 

2018-12-10 11:34:56 - [MESSAGE][PASSED] - All options with label 'Level 6' are selected in object 'Object Repository/My Downline/Page_My Downline  5-15/select_Level 0            Leve' 

2018-12-10 11:34:56 - [TEST_STEP][PASSED] - delay: Delayed 3 second(s)

2018-12-10 11:34:59 - [MESSAGE][PASSED] - Delayed 3 second(s)

2018-12-10 11:34:59 - [TEST_STEP][PASSED] - selectOptionByLabel: All options with label 'Select Sponsor' are selected in object 'Object Repository/My Downline/Page_My Downline  5-15/select_Select Sponsor' 

2018-12-10 11:34:59 - [MESSAGE][PASSED] - All options with label 'Select Sponsor' are selected in object 'Object Repository/My Downline/Page_My Downline  5-15/select_Select Sponsor' 

2018-12-10 11:34:59 - [TEST_STEP][PASSED] - delay: Delayed 3 second(s)

2018-12-10 11:35:02 - [MESSAGE][PASSED] - Delayed 3 second(s)

2018-12-10 11:35:02 - [TEST_STEP][PASSED] - click: Object: 'Object Repository/My Downline/Page_My Downline  5-15/button_FILTER' is clicked on

2018-12-10 11:35:02 - [MESSAGE][PASSED] - Object: 'Object Repository/My Downline/Page_My Downline  5-15/button_FILTER' is clicked on

2018-12-10 11:35:02 - [TEST_STEP][PASSED] - verifyElementPresent: Object 'Object Repository/My Downline/Page_My Downline  5-15/div_...12345678...' is present

2018-12-10 11:35:02 - [MESSAGE][WARNING] - Timeout '0' is invalid. Using default page load timeout: '30'

2018-12-10 11:35:02 - [MESSAGE][PASSED] - Object 'Object Repository/My Downline/Page_My Downline  5-15/div_...12345678...' is present

2018-12-10 11:35:02 - [TEST_STEP][PASSED] - verifyElementPresent: Object 'Object Repository/My Downline/Page_My Downline  5-15/div_1 of 1 pages (4 items)' is present

2018-12-10 11:35:02 - [MESSAGE][WARNING] - Timeout '0' is invalid. Using default page load timeout: '30'

2018-12-10 11:35:02 - [MESSAGE][PASSED] - Object 'Object Repository/My Downline/Page_My Downline  5-15/div_1 of 1 pages (4 items)' is present]]></system-out>
         <system-err><![CDATA[]]></system-err>
      </testcase>
      <testcase name="Test Cases/Associate Application/My Downline/TCBA01606" classname="Test Cases/Associate Application/My Downline/TCBA01606" status="FAILED">
         <failure type="FAILED" message="(Stack trace: com.kms.katalon.core.exception.StepFailedException: Verify element text of test object 'Object Repository/My Downline/Page_My Downline  5-15/div_Email' FAILED. (Root cause: org.openqa.selenium.StaleElementReferenceException: stale element reference: element is not attached to the page document
  (Session info: chrome=70.0.3538.110)
  (Driver info: chromedriver=2.35.528161 (5b82f2d2aae0ca24b877009200ced9065a772e73),platform=Windows NT 10.0.14393 x86) (WARNING: The server did not provide any stacktrace information)
Command duration or timeout: 0 milliseconds
For documentation on this error, please visit: http://seleniumhq.org/exceptions/stale_element_reference.html
Build info: version: '3.7.1', revision: '8a0099a', time: '2017-11-06T21:07:36.161Z'
System info: host: 'VOFOX-SHINTO', ip: '192.168.10.134', os.name: 'Windows 10', os.arch: 'x86', os.version: '10.0', java.version: '1.8.0_181'
Driver info: com.kms.katalon.selenium.driver.CChromeDriver
Capabilities {acceptInsecureCerts: false, acceptSslCerts: false, applicationCacheEnabled: false, browserConnectionEnabled: false, browserName: chrome, chrome: {chromedriverVersion: 2.35.528161 (5b82f2d2aae0ca..., userDataDir: C:\Users\shinto\AppData\Loc...}, cssSelectorsEnabled: true, databaseEnabled: false, handlesAlerts: true, hasTouchScreen: false, javascriptEnabled: true, locationContextEnabled: true, mobileEmulationEnabled: false, nativeEvents: true, networkConnectionEnabled: false, pageLoadStrategy: normal, platform: XP, platformName: XP, rotatable: false, setWindowRect: true, takesHeapSnapshot: true, takesScreenshot: true, unexpectedAlertBehaviour: , unhandledPromptBehavior: , version: 70.0.3538.110, webStorageEnabled: true}
Session ID: eadf7e3a6a1309936705d429a84bcf91)
	at com.kms.katalon.core.keyword.internal.KeywordMain.stepFailed(KeywordMain.groovy:36)
	at com.kms.katalon.core.webui.keyword.internal.WebUIKeywordMain.stepFailed(WebUIKeywordMain.groovy:65)
	at com.kms.katalon.core.webui.keyword.internal.WebUIKeywordMain.runKeyword(WebUIKeywordMain.groovy:27)
	at com.kms.katalon.core.webui.keyword.builtin.VerifyElementTextKeyword.verifyElementText(VerifyElementTextKeyword.groovy:72)
	at com.kms.katalon.core.webui.keyword.builtin.VerifyElementTextKeyword.execute(VerifyElementTextKeyword.groovy:40)
	at com.kms.katalon.core.keyword.internal.KeywordExecutor.executeKeywordForPlatform(KeywordExecutor.groovy:53)
	at com.kms.katalon.core.webui.keyword.WebUiBuiltInKeywords.verifyElementText(WebUiBuiltInKeywords.groovy:3663)
	at com.kms.katalon.core.webui.keyword.WebUiBuiltInKeywords$verifyElementText$5.call(Unknown Source)
	at org.codehaus.groovy.runtime.callsite.CallSiteArray.defaultCall(CallSiteArray.java:48)
	at org.codehaus.groovy.runtime.callsite.AbstractCallSite.call(AbstractCallSite.java:113)
	at org.codehaus.groovy.runtime.callsite.AbstractCallSite.call(AbstractCallSite.java:133)
	at Script1540451419881.run(Script1540451419881.groovy:87)
	at com.kms.katalon.core.main.ScriptEngine.run(ScriptEngine.java:183)
	at com.kms.katalon.core.main.ScriptEngine.runScriptAsRawText(ScriptEngine.java:108)
	at com.kms.katalon.core.main.TestCaseExecutor.runScript(TestCaseExecutor.java:294)
	at com.kms.katalon.core.main.TestCaseExecutor.doExecute(TestCaseExecutor.java:285)
	at com.kms.katalon.core.main.TestCaseExecutor.processExecutionPhase(TestCaseExecutor.java:264)
	at com.kms.katalon.core.main.TestCaseExecutor.accessMainPhase(TestCaseExecutor.java:256)
	at com.kms.katalon.core.main.TestCaseExecutor.execute(TestCaseExecutor.java:200)
	at com.kms.katalon.core.main.TestSuiteExecutor.accessTestCaseMainPhase(TestSuiteExecutor.java:129)
	at com.kms.katalon.core.main.TestSuiteExecutor.accessTestSuiteMainPhase(TestSuiteExecutor.java:112)
	at com.kms.katalon.core.main.TestSuiteExecutor.execute(TestSuiteExecutor.java:81)
	at com.kms.katalon.core.main.TestCaseMain.startTestSuite(TestCaseMain.java:142)
	at com.kms.katalon.core.main.TestCaseMain$startTestSuite$0.call(Unknown Source)
	at org.codehaus.groovy.runtime.callsite.CallSiteArray.defaultCall(CallSiteArray.java:48)
	at org.codehaus.groovy.runtime.callsite.AbstractCallSite.call(AbstractCallSite.java:113)
	at org.codehaus.groovy.runtime.callsite.AbstractCallSite.call(AbstractCallSite.java:141)
	at TempTestSuite1544421658505.run(TempTestSuite1544421658505.groovy:36)
	at groovy.lang.GroovyShell.runScriptOrMainOrTestOrRunnable(GroovyShell.java:263)
	at groovy.lang.GroovyShell.run(GroovyShell.java:518)
	at groovy.lang.GroovyShell.run(GroovyShell.java:507)
	at groovy.ui.GroovyMain.processOnce(GroovyMain.java:653)
	at groovy.ui.GroovyMain.run(GroovyMain.java:384)
	at groovy.ui.GroovyMain.process(GroovyMain.java:370)
	at groovy.ui.GroovyMain.processArgs(GroovyMain.java:129)
	at groovy.ui.GroovyMain.main(GroovyMain.java:109)
	at sun.reflect.NativeMethodAccessorImpl.invoke0(Native Method)
	at sun.reflect.NativeMethodAccessorImpl.invoke(NativeMethodAccessorImpl.java:62)
	at sun.reflect.DelegatingMethodAccessorImpl.invoke(DelegatingMethodAccessorImpl.java:43)
	at java.lang.reflect.Method.invoke(Method.java:498)
	at org.codehaus.groovy.tools.GroovyStarter.rootLoader(GroovyStarter.java:109)
	at org.codehaus.groovy.tools.GroovyStarter.main(GroovyStarter.java:131)
)"/>
         <system-out><![CDATA[2018-12-10 11:35:02 - [TEST_CASE][FAILED] - Test Cases/Associate Application/My Downline/TCBA01606: Test Cases/Associate Application/My Downline/TCBA01606 FAILED because (of) (Stack trace: com.kms.katalon.core.exception.StepFailedException: Verify element text of test object 'Object Repository/My Downline/Page_My Downline  5-15/div_Email' FAILED. (Root cause: org.openqa.selenium.StaleElementReferenceException: stale element reference: element is not attached to the page document
  (Session info: chrome=70.0.3538.110)
  (Driver info: chromedriver=2.35.528161 (5b82f2d2aae0ca24b877009200ced9065a772e73),platform=Windows NT 10.0.14393 x86) (WARNING: The server did not provide any stacktrace information)
Command duration or timeout: 0 milliseconds
For documentation on this error, please visit: http://seleniumhq.org/exceptions/stale_element_reference.html
Build info: version: '3.7.1', revision: '8a0099a', time: '2017-11-06T21:07:36.161Z'
System info: host: 'VOFOX-SHINTO', ip: '192.168.10.134', os.name: 'Windows 10', os.arch: 'x86', os.version: '10.0', java.version: '1.8.0_181'
Driver info: com.kms.katalon.selenium.driver.CChromeDriver
Capabilities {acceptInsecureCerts: false, acceptSslCerts: false, applicationCacheEnabled: false, browserConnectionEnabled: false, browserName: chrome, chrome: {chromedriverVersion: 2.35.528161 (5b82f2d2aae0ca..., userDataDir: C:\Users\shinto\AppData\Loc...}, cssSelectorsEnabled: true, databaseEnabled: false, handlesAlerts: true, hasTouchScreen: false, javascriptEnabled: true, locationContextEnabled: true, mobileEmulationEnabled: false, nativeEvents: true, networkConnectionEnabled: false, pageLoadStrategy: normal, platform: XP, platformName: XP, rotatable: false, setWindowRect: true, takesHeapSnapshot: true, takesScreenshot: true, unexpectedAlertBehaviour: , unhandledPromptBehavior: , version: 70.0.3538.110, webStorageEnabled: true}
Session ID: eadf7e3a6a1309936705d429a84bcf91)
	at com.kms.katalon.core.keyword.internal.KeywordMain.stepFailed(KeywordMain.groovy:36)
	at com.kms.katalon.core.webui.keyword.internal.WebUIKeywordMain.stepFailed(WebUIKeywordMain.groovy:65)
	at com.kms.katalon.core.webui.keyword.internal.WebUIKeywordMain.runKeyword(WebUIKeywordMain.groovy:27)
	at com.kms.katalon.core.webui.keyword.builtin.VerifyElementTextKeyword.verifyElementText(VerifyElementTextKeyword.groovy:72)
	at com.kms.katalon.core.webui.keyword.builtin.VerifyElementTextKeyword.execute(VerifyElementTextKeyword.groovy:40)
	at com.kms.katalon.core.keyword.internal.KeywordExecutor.executeKeywordForPlatform(KeywordExecutor.groovy:53)
	at com.kms.katalon.core.webui.keyword.WebUiBuiltInKeywords.verifyElementText(WebUiBuiltInKeywords.groovy:3663)
	at com.kms.katalon.core.webui.keyword.WebUiBuiltInKeywords$verifyElementText$5.call(Unknown Source)
	at org.codehaus.groovy.runtime.callsite.CallSiteArray.defaultCall(CallSiteArray.java:48)
	at org.codehaus.groovy.runtime.callsite.AbstractCallSite.call(AbstractCallSite.java:113)
	at org.codehaus.groovy.runtime.callsite.AbstractCallSite.call(AbstractCallSite.java:133)
	at Script1540451419881.run(Script1540451419881.groovy:87)
	at com.kms.katalon.core.main.ScriptEngine.run(ScriptEngine.java:183)
	at com.kms.katalon.core.main.ScriptEngine.runScriptAsRawText(ScriptEngine.java:108)
	at com.kms.katalon.core.main.TestCaseExecutor.runScript(TestCaseExecutor.java:294)
	at com.kms.katalon.core.main.TestCaseExecutor.doExecute(TestCaseExecutor.java:285)
	at com.kms.katalon.core.main.TestCaseExecutor.processExecutionPhase(TestCaseExecutor.java:264)
	at com.kms.katalon.core.main.TestCaseExecutor.accessMainPhase(TestCaseExecutor.java:256)
	at com.kms.katalon.core.main.TestCaseExecutor.execute(TestCaseExecutor.java:200)
	at com.kms.katalon.core.main.TestSuiteExecutor.accessTestCaseMainPhase(TestSuiteExecutor.java:129)
	at com.kms.katalon.core.main.TestSuiteExecutor.accessTestSuiteMainPhase(TestSuiteExecutor.java:112)
	at com.kms.katalon.core.main.TestSuiteExecutor.execute(TestSuiteExecutor.java:81)
	at com.kms.katalon.core.main.TestCaseMain.startTestSuite(TestCaseMain.java:142)
	at com.kms.katalon.core.main.TestCaseMain$startTestSuite$0.call(Unknown Source)
	at org.codehaus.groovy.runtime.callsite.CallSiteArray.defaultCall(CallSiteArray.java:48)
	at org.codehaus.groovy.runtime.callsite.AbstractCallSite.call(AbstractCallSite.java:113)
	at org.codehaus.groovy.runtime.callsite.AbstractCallSite.call(AbstractCallSite.java:141)
	at TempTestSuite1544421658505.run(TempTestSuite1544421658505.groovy:36)
	at groovy.lang.GroovyShell.runScriptOrMainOrTestOrRunnable(GroovyShell.java:263)
	at groovy.lang.GroovyShell.run(GroovyShell.java:518)
	at groovy.lang.GroovyShell.run(GroovyShell.java:507)
	at groovy.ui.GroovyMain.processOnce(GroovyMain.java:653)
	at groovy.ui.GroovyMain.run(GroovyMain.java:384)
	at groovy.ui.GroovyMain.process(GroovyMain.java:370)
	at groovy.ui.GroovyMain.processArgs(GroovyMain.java:129)
	at groovy.ui.GroovyMain.main(GroovyMain.java:109)
	at sun.reflect.NativeMethodAccessorImpl.invoke0(Native Method)
	at sun.reflect.NativeMethodAccessorImpl.invoke(NativeMethodAccessorImpl.java:62)
	at sun.reflect.DelegatingMethodAccessorImpl.invoke(DelegatingMethodAccessorImpl.java:43)
	at java.lang.reflect.Method.invoke(Method.java:498)
	at org.codehaus.groovy.tools.GroovyStarter.rootLoader(GroovyStarter.java:109)
	at org.codehaus.groovy.tools.GroovyStarter.main(GroovyStarter.java:131)
)

2018-12-10 11:35:02 - [TEST_STEP][PASSED] - click: Object: 'Object Repository/My Downline/Page_My Downline  5-15/span_Summary' is clicked on

2018-12-10 11:35:03 - [MESSAGE][PASSED] - Object: 'Object Repository/My Downline/Page_My Downline  5-15/span_Summary' is clicked on

2018-12-10 11:35:03 - [TEST_STEP][PASSED] - verifyElementText: Actual text and expected text of test object 'Object Repository/My Downline/Page_My Downline  5-15/h3_Summary' are matched.

2018-12-10 11:35:03 - [MESSAGE][PASSED] - Actual text and expected text of test object 'Object Repository/My Downline/Page_My Downline  5-15/h3_Summary' are matched.

2018-12-10 11:35:03 - [TEST_STEP][PASSED] - verifyElementText: Actual text and expected text of test object 'Object Repository/My Downline/Page_My Downline  5-15/label_Sponsor' are matched.

2018-12-10 11:35:03 - [MESSAGE][PASSED] - Actual text and expected text of test object 'Object Repository/My Downline/Page_My Downline  5-15/label_Sponsor' are matched.

2018-12-10 11:35:03 - [TEST_STEP][PASSED] - verifyElementText: Actual text and expected text of test object 'Object Repository/My Downline/Page_My Downline  5-15/Summary Filter button' are matched.

2018-12-10 11:35:03 - [MESSAGE][PASSED] - Actual text and expected text of test object 'Object Repository/My Downline/Page_My Downline  5-15/Summary Filter button' are matched.

2018-12-10 11:35:03 - [TEST_STEP][PASSED] - verifyElementText: Actual text and expected text of test object 'Object Repository/My Downline/Page_My Downline  5-15/h3_Energy Accounts' are matched.

2018-12-10 11:35:03 - [MESSAGE][PASSED] - Actual text and expected text of test object 'Object Repository/My Downline/Page_My Downline  5-15/h3_Energy Accounts' are matched.

2018-12-10 11:35:03 - [TEST_STEP][PASSED] - verifyElementText: Actual text and expected text of test object 'Object Repository/My Downline/Page_My Downline  5-15/h3_Associates' are matched.

2018-12-10 11:35:03 - [MESSAGE][PASSED] - Actual text and expected text of test object 'Object Repository/My Downline/Page_My Downline  5-15/h3_Associates' are matched.

2018-12-10 11:35:03 - [TEST_STEP][PASSED] - verifyElementText: Actual text and expected text of test object 'Object Repository/My Downline/Page_My Downline  5-15/Level1Energy' are matched.

2018-12-10 11:35:03 - [MESSAGE][PASSED] - Actual text and expected text of test object 'Object Repository/My Downline/Page_My Downline  5-15/Level1Energy' are matched.

2018-12-10 11:35:03 - [TEST_STEP][PASSED] - selectOptionByLabel: All options with label 'Select Sponsor' are selected in object 'Object Repository/My Downline/Page_My Downline  5-15/Summary_Sponsor' 

2018-12-10 11:35:03 - [MESSAGE][PASSED] - All options with label 'Select Sponsor' are selected in object 'Object Repository/My Downline/Page_My Downline  5-15/Summary_Sponsor' 

2018-12-10 11:35:03 - [TEST_STEP][PASSED] - delay: Delayed 3 second(s)

2018-12-10 11:35:06 - [MESSAGE][PASSED] - Delayed 3 second(s)

2018-12-10 11:35:06 - [TEST_STEP][PASSED] - click: Object: 'Object Repository/My Downline/Page_My Downline  5-15/Summary Filter button' is clicked on

2018-12-10 11:35:07 - [MESSAGE][PASSED] - Object: 'Object Repository/My Downline/Page_My Downline  5-15/Summary Filter button' is clicked on

2018-12-10 11:35:07 - [TEST_STEP][PASSED] - verifyElementText: Actual text and expected text of test object 'Object Repository/My Downline/Page_My Downline  5-15/h3_Energy Accounts' are matched.

2018-12-10 11:35:07 - [MESSAGE][PASSED] - Actual text and expected text of test object 'Object Repository/My Downline/Page_My Downline  5-15/h3_Energy Accounts' are matched.

2018-12-10 11:35:07 - [TEST_STEP][PASSED] - click: Object: 'Object Repository/My Downline/Page_My Downline  5-15/span_143' is clicked on

2018-12-10 11:35:07 - [MESSAGE][PASSED] - Object: 'Object Repository/My Downline/Page_My Downline  5-15/span_143' is clicked on

2018-12-10 11:35:07 - [TEST_STEP][PASSED] - verifyElementText: Actual text and expected text of test object 'Object Repository/My Downline/Page_My Downline  5-15/h3_Energy Accounts Details' are matched.

2018-12-10 11:35:07 - [MESSAGE][PASSED] - Actual text and expected text of test object 'Object Repository/My Downline/Page_My Downline  5-15/h3_Energy Accounts Details' are matched.

2018-12-10 11:35:07 - [TEST_STEP][PASSED] - verifyElementText: Actual text and expected text of test object 'Object Repository/My Downline/Page_My Downline  5-15/Grid Level' are matched.

2018-12-10 11:35:07 - [MESSAGE][PASSED] - Actual text and expected text of test object 'Object Repository/My Downline/Page_My Downline  5-15/Grid Level' are matched.

2018-12-10 11:35:07 - [TEST_STEP][PASSED] - verifyElementText: Actual text and expected text of test object 'Object Repository/My Downline/Page_My Downline  5-15/div_Sponsor' are matched.

2018-12-10 11:35:07 - [MESSAGE][PASSED] - Actual text and expected text of test object 'Object Repository/My Downline/Page_My Downline  5-15/div_Sponsor' are matched.

2018-12-10 11:35:07 - [TEST_STEP][PASSED] - verifyElementText: Actual text and expected text of test object 'Object Repository/My Downline/Page_My Downline  5-15/div_Sponsor Email' are matched.

2018-12-10 11:35:07 - [MESSAGE][PASSED] - Actual text and expected text of test object 'Object Repository/My Downline/Page_My Downline  5-15/div_Sponsor Email' are matched.

2018-12-10 11:35:07 - [TEST_STEP][PASSED] - verifyElementText: Actual text and expected text of test object 'Object Repository/My Downline/Page_My Downline  5-15/div_Sponsor Mobile Phone' are matched.

2018-12-10 11:35:08 - [MESSAGE][PASSED] - Actual text and expected text of test object 'Object Repository/My Downline/Page_My Downline  5-15/div_Sponsor Mobile Phone' are matched.

2018-12-10 11:35:08 - [TEST_STEP][PASSED] - verifyElementText: Actual text and expected text of test object 'Object Repository/My Downline/Page_My Downline  5-15/div_Associate' are matched.

2018-12-10 11:35:08 - [MESSAGE][PASSED] - Actual text and expected text of test object 'Object Repository/My Downline/Page_My Downline  5-15/div_Associate' are matched.

2018-12-10 11:35:08 - [TEST_STEP][PASSED] - verifyElementText: Actual text and expected text of test object 'Object Repository/My Downline/Page_My Downline  5-15/div_Email' are matched.

2018-12-10 11:35:08 - [MESSAGE][PASSED] - Actual text and expected text of test object 'Object Repository/My Downline/Page_My Downline  5-15/div_Email' are matched.

2018-12-10 11:35:08 - [TEST_STEP][PASSED] - verifyElementText: Actual text and expected text of test object 'Object Repository/My Downline/Page_My Downline  5-15/div_Mobile Phone' are matched.

2018-12-10 11:35:08 - [MESSAGE][PASSED] - Actual text and expected text of test object 'Object Repository/My Downline/Page_My Downline  5-15/div_Mobile Phone' are matched.

2018-12-10 11:35:08 - [TEST_STEP][PASSED] - verifyElementText: Actual text and expected text of test object 'Object Repository/My Downline/Page_My Downline  5-15/div_Inactive Date' are matched.

2018-12-10 11:35:08 - [MESSAGE][PASSED] - Actual text and expected text of test object 'Object Repository/My Downline/Page_My Downline  5-15/div_Inactive Date' are matched.

2018-12-10 11:35:08 - [TEST_STEP][PASSED] - verifyElementText: Actual text and expected text of test object 'Object Repository/My Downline/Page_My Downline  5-15/div_Submitted Date' are matched.

2018-12-10 11:35:08 - [MESSAGE][PASSED] - Actual text and expected text of test object 'Object Repository/My Downline/Page_My Downline  5-15/div_Submitted Date' are matched.

2018-12-10 11:35:08 - [TEST_STEP][PASSED] - verifyElementText: Actual text and expected text of test object 'Object Repository/My Downline/Page_My Downline  5-15/div_Account Name' are matched.

2018-12-10 11:35:08 - [MESSAGE][PASSED] - Actual text and expected text of test object 'Object Repository/My Downline/Page_My Downline  5-15/div_Account Name' are matched.

2018-12-10 11:35:08 - [TEST_STEP][PASSED] - verifyElementText: Actual text and expected text of test object 'Object Repository/My Downline/Page_My Downline  5-15/div_Account Number' are matched.

2018-12-10 11:35:09 - [MESSAGE][PASSED] - Actual text and expected text of test object 'Object Repository/My Downline/Page_My Downline  5-15/div_Account Number' are matched.

2018-12-10 11:35:09 - [TEST_STEP][PASSED] - verifyElementText: Actual text and expected text of test object 'Object Repository/My Downline/Page_My Downline  5-15/div_Account Status' are matched.

2018-12-10 11:35:09 - [MESSAGE][PASSED] - Actual text and expected text of test object 'Object Repository/My Downline/Page_My Downline  5-15/div_Account Status' are matched.

2018-12-10 11:35:09 - [TEST_STEP][PASSED] - verifyElementText: Actual text and expected text of test object 'Object Repository/My Downline/Page_My Downline  5-15/h3_Associates' are matched.

2018-12-10 11:35:09 - [MESSAGE][PASSED] - Actual text and expected text of test object 'Object Repository/My Downline/Page_My Downline  5-15/h3_Associates' are matched.

2018-12-10 11:35:09 - [TEST_STEP][PASSED] - waitForElementClickable: Object 'Object Repository/My Downline/Page_My Downline  5-15/span_62' is clickable

2018-12-10 11:35:09 - [MESSAGE][PASSED] - Object 'Object Repository/My Downline/Page_My Downline  5-15/span_62' is clickable

2018-12-10 11:35:09 - [TEST_STEP][PASSED] - click: Object: 'Object Repository/My Downline/Page_My Downline  5-15/span_62' is clicked on

2018-12-10 11:35:09 - [MESSAGE][PASSED] - Object: 'Object Repository/My Downline/Page_My Downline  5-15/span_62' is clicked on

2018-12-10 11:35:09 - [TEST_STEP][PASSED] - verifyElementText: Actual text and expected text of test object 'Object Repository/My Downline/Page_My Downline  5-15/h3_Associate Details' are matched.

2018-12-10 11:35:09 - [MESSAGE][PASSED] - Actual text and expected text of test object 'Object Repository/My Downline/Page_My Downline  5-15/h3_Associate Details' are matched.

2018-12-10 11:35:09 - [TEST_STEP][PASSED] - verifyElementText: Actual text and expected text of test object 'Object Repository/My Downline/Page_My Downline  5-15/div_Level' are matched.

2018-12-10 11:35:09 - [MESSAGE][PASSED] - Actual text and expected text of test object 'Object Repository/My Downline/Page_My Downline  5-15/div_Level' are matched.

2018-12-10 11:35:09 - [TEST_STEP][PASSED] - verifyElementText: Actual text and expected text of test object 'Object Repository/My Downline/Page_My Downline  5-15/div_Sponsor' are matched.

2018-12-10 11:35:09 - [MESSAGE][PASSED] - Actual text and expected text of test object 'Object Repository/My Downline/Page_My Downline  5-15/div_Sponsor' are matched.

2018-12-10 11:35:09 - [TEST_STEP][PASSED] - verifyElementText: Actual text and expected text of test object 'Object Repository/My Downline/Page_My Downline  5-15/div_Sponsor Email' are matched.

2018-12-10 11:35:09 - [MESSAGE][PASSED] - Actual text and expected text of test object 'Object Repository/My Downline/Page_My Downline  5-15/div_Sponsor Email' are matched.

2018-12-10 11:35:09 - [TEST_STEP][PASSED] - verifyElementText: Actual text and expected text of test object 'Object Repository/My Downline/Page_My Downline  5-15/div_Sponsor Mobile Phone' are matched.

2018-12-10 11:35:10 - [MESSAGE][PASSED] - Actual text and expected text of test object 'Object Repository/My Downline/Page_My Downline  5-15/div_Sponsor Mobile Phone' are matched.

2018-12-10 11:35:10 - [TEST_STEP][PASSED] - verifyElementText: Actual text and expected text of test object 'Object Repository/My Downline/Page_My Downline  5-15/div_Associate' are matched.

2018-12-10 11:35:10 - [MESSAGE][PASSED] - Actual text and expected text of test object 'Object Repository/My Downline/Page_My Downline  5-15/div_Associate' are matched.

2018-12-10 11:35:10 - [TEST_STEP][FAILED] - verifyElementText: Verify element text of test object 'Object Repository/My Downline/Page_My Downline  5-15/div_Email' FAILED. (Root cause: org.openqa.selenium.StaleElementReferenceException: stale element reference: element is not attached to the page document
  (Session info: chrome=70.0.3538.110)
  (Driver info: chromedriver=2.35.528161 (5b82f2d2aae0ca24b877009200ced9065a772e73),platform=Windows NT 10.0.14393 x86) (WARNING: The server did not provide any stacktrace information)
Command duration or timeout: 0 milliseconds
For documentation on this error, please visit: http://seleniumhq.org/exceptions/stale_element_reference.html
Build info: version: '3.7.1', revision: '8a0099a', time: '2017-11-06T21:07:36.161Z'
System info: host: 'VOFOX-SHINTO', ip: '192.168.10.134', os.name: 'Windows 10', os.arch: 'x86', os.version: '10.0', java.version: '1.8.0_181'
Driver info: com.kms.katalon.selenium.driver.CChromeDriver
Capabilities {acceptInsecureCerts: false, acceptSslCerts: false, applicationCacheEnabled: false, browserConnectionEnabled: false, browserName: chrome, chrome: {chromedriverVersion: 2.35.528161 (5b82f2d2aae0ca..., userDataDir: C:\Users\shinto\AppData\Loc...}, cssSelectorsEnabled: true, databaseEnabled: false, handlesAlerts: true, hasTouchScreen: false, javascriptEnabled: true, locationContextEnabled: true, mobileEmulationEnabled: false, nativeEvents: true, networkConnectionEnabled: false, pageLoadStrategy: normal, platform: XP, platformName: XP, rotatable: false, setWindowRect: true, takesHeapSnapshot: true, takesScreenshot: true, unexpectedAlertBehaviour: , unhandledPromptBehavior: , version: 70.0.3538.110, webStorageEnabled: true}
Session ID: eadf7e3a6a1309936705d429a84bcf91)

2018-12-10 11:35:10 - [MESSAGE][FAILED] - Verify element text of test object 'Object Repository/My Downline/Page_My Downline  5-15/div_Email' FAILED. (Root cause: org.openqa.selenium.StaleElementReferenceException: stale element reference: element is not attached to the page document
  (Session info: chrome=70.0.3538.110)
  (Driver info: chromedriver=2.35.528161 (5b82f2d2aae0ca24b877009200ced9065a772e73),platform=Windows NT 10.0.14393 x86) (WARNING: The server did not provide any stacktrace information)
Command duration or timeout: 0 milliseconds
For documentation on this error, please visit: http://seleniumhq.org/exceptions/stale_element_reference.html
Build info: version: '3.7.1', revision: '8a0099a', time: '2017-11-06T21:07:36.161Z'
System info: host: 'VOFOX-SHINTO', ip: '192.168.10.134', os.name: 'Windows 10', os.arch: 'x86', os.version: '10.0', java.version: '1.8.0_181'
Driver info: com.kms.katalon.selenium.driver.CChromeDriver
Capabilities {acceptInsecureCerts: false, acceptSslCerts: false, applicationCacheEnabled: false, browserConnectionEnabled: false, browserName: chrome, chrome: {chromedriverVersion: 2.35.528161 (5b82f2d2aae0ca..., userDataDir: C:\Users\shinto\AppData\Loc...}, cssSelectorsEnabled: true, databaseEnabled: false, handlesAlerts: true, hasTouchScreen: false, javascriptEnabled: true, locationContextEnabled: true, mobileEmulationEnabled: false, nativeEvents: true, networkConnectionEnabled: false, pageLoadStrategy: normal, platform: XP, platformName: XP, rotatable: false, setWindowRect: true, takesHeapSnapshot: true, takesScreenshot: true, unexpectedAlertBehaviour: , unhandledPromptBehavior: , version: 70.0.3538.110, webStorageEnabled: true}
Session ID: eadf7e3a6a1309936705d429a84bcf91)
[[ATTACHMENT|F:\\VofoxQA\\Bonanza\\BonanzaKatalon\\Reports\\VBZ0016-My Downline\\20181210_113058\\1544421910353.png]]]]></system-out>
         <system-err><![CDATA[2018-12-10 11:35:02 - [TEST_CASE][FAILED] - Test Cases/Associate Application/My Downline/TCBA01606: Test Cases/Associate Application/My Downline/TCBA01606 FAILED because (of) (Stack trace: com.kms.katalon.core.exception.StepFailedException: Verify element text of test object 'Object Repository/My Downline/Page_My Downline  5-15/div_Email' FAILED. (Root cause: org.openqa.selenium.StaleElementReferenceException: stale element reference: element is not attached to the page document
  (Session info: chrome=70.0.3538.110)
  (Driver info: chromedriver=2.35.528161 (5b82f2d2aae0ca24b877009200ced9065a772e73),platform=Windows NT 10.0.14393 x86) (WARNING: The server did not provide any stacktrace information)
Command duration or timeout: 0 milliseconds
For documentation on this error, please visit: http://seleniumhq.org/exceptions/stale_element_reference.html
Build info: version: '3.7.1', revision: '8a0099a', time: '2017-11-06T21:07:36.161Z'
System info: host: 'VOFOX-SHINTO', ip: '192.168.10.134', os.name: 'Windows 10', os.arch: 'x86', os.version: '10.0', java.version: '1.8.0_181'
Driver info: com.kms.katalon.selenium.driver.CChromeDriver
Capabilities {acceptInsecureCerts: false, acceptSslCerts: false, applicationCacheEnabled: false, browserConnectionEnabled: false, browserName: chrome, chrome: {chromedriverVersion: 2.35.528161 (5b82f2d2aae0ca..., userDataDir: C:\Users\shinto\AppData\Loc...}, cssSelectorsEnabled: true, databaseEnabled: false, handlesAlerts: true, hasTouchScreen: false, javascriptEnabled: true, locationContextEnabled: true, mobileEmulationEnabled: false, nativeEvents: true, networkConnectionEnabled: false, pageLoadStrategy: normal, platform: XP, platformName: XP, rotatable: false, setWindowRect: true, takesHeapSnapshot: true, takesScreenshot: true, unexpectedAlertBehaviour: , unhandledPromptBehavior: , version: 70.0.3538.110, webStorageEnabled: true}
Session ID: eadf7e3a6a1309936705d429a84bcf91)
	at com.kms.katalon.core.keyword.internal.KeywordMain.stepFailed(KeywordMain.groovy:36)
	at com.kms.katalon.core.webui.keyword.internal.WebUIKeywordMain.stepFailed(WebUIKeywordMain.groovy:65)
	at com.kms.katalon.core.webui.keyword.internal.WebUIKeywordMain.runKeyword(WebUIKeywordMain.groovy:27)
	at com.kms.katalon.core.webui.keyword.builtin.VerifyElementTextKeyword.verifyElementText(VerifyElementTextKeyword.groovy:72)
	at com.kms.katalon.core.webui.keyword.builtin.VerifyElementTextKeyword.execute(VerifyElementTextKeyword.groovy:40)
	at com.kms.katalon.core.keyword.internal.KeywordExecutor.executeKeywordForPlatform(KeywordExecutor.groovy:53)
	at com.kms.katalon.core.webui.keyword.WebUiBuiltInKeywords.verifyElementText(WebUiBuiltInKeywords.groovy:3663)
	at com.kms.katalon.core.webui.keyword.WebUiBuiltInKeywords$verifyElementText$5.call(Unknown Source)
	at org.codehaus.groovy.runtime.callsite.CallSiteArray.defaultCall(CallSiteArray.java:48)
	at org.codehaus.groovy.runtime.callsite.AbstractCallSite.call(AbstractCallSite.java:113)
	at org.codehaus.groovy.runtime.callsite.AbstractCallSite.call(AbstractCallSite.java:133)
	at Script1540451419881.run(Script1540451419881.groovy:87)
	at com.kms.katalon.core.main.ScriptEngine.run(ScriptEngine.java:183)
	at com.kms.katalon.core.main.ScriptEngine.runScriptAsRawText(ScriptEngine.java:108)
	at com.kms.katalon.core.main.TestCaseExecutor.runScript(TestCaseExecutor.java:294)
	at com.kms.katalon.core.main.TestCaseExecutor.doExecute(TestCaseExecutor.java:285)
	at com.kms.katalon.core.main.TestCaseExecutor.processExecutionPhase(TestCaseExecutor.java:264)
	at com.kms.katalon.core.main.TestCaseExecutor.accessMainPhase(TestCaseExecutor.java:256)
	at com.kms.katalon.core.main.TestCaseExecutor.execute(TestCaseExecutor.java:200)
	at com.kms.katalon.core.main.TestSuiteExecutor.accessTestCaseMainPhase(TestSuiteExecutor.java:129)
	at com.kms.katalon.core.main.TestSuiteExecutor.accessTestSuiteMainPhase(TestSuiteExecutor.java:112)
	at com.kms.katalon.core.main.TestSuiteExecutor.execute(TestSuiteExecutor.java:81)
	at com.kms.katalon.core.main.TestCaseMain.startTestSuite(TestCaseMain.java:142)
	at com.kms.katalon.core.main.TestCaseMain$startTestSuite$0.call(Unknown Source)
	at org.codehaus.groovy.runtime.callsite.CallSiteArray.defaultCall(CallSiteArray.java:48)
	at org.codehaus.groovy.runtime.callsite.AbstractCallSite.call(AbstractCallSite.java:113)
	at org.codehaus.groovy.runtime.callsite.AbstractCallSite.call(AbstractCallSite.java:141)
	at TempTestSuite1544421658505.run(TempTestSuite1544421658505.groovy:36)
	at groovy.lang.GroovyShell.runScriptOrMainOrTestOrRunnable(GroovyShell.java:263)
	at groovy.lang.GroovyShell.run(GroovyShell.java:518)
	at groovy.lang.GroovyShell.run(GroovyShell.java:507)
	at groovy.ui.GroovyMain.processOnce(GroovyMain.java:653)
	at groovy.ui.GroovyMain.run(GroovyMain.java:384)
	at groovy.ui.GroovyMain.process(GroovyMain.java:370)
	at groovy.ui.GroovyMain.processArgs(GroovyMain.java:129)
	at groovy.ui.GroovyMain.main(GroovyMain.java:109)
	at sun.reflect.NativeMethodAccessorImpl.invoke0(Native Method)
	at sun.reflect.NativeMethodAccessorImpl.invoke(NativeMethodAccessorImpl.java:62)
	at sun.reflect.DelegatingMethodAccessorImpl.invoke(DelegatingMethodAccessorImpl.java:43)
	at java.lang.reflect.Method.invoke(Method.java:498)
	at org.codehaus.groovy.tools.GroovyStarter.rootLoader(GroovyStarter.java:109)
	at org.codehaus.groovy.tools.GroovyStarter.main(GroovyStarter.java:131)
)]]></system-err>
      </testcase>
      <testcase name="Test Cases/Associate Application/My Downline/TCBA01607" classname="Test Cases/Associate Application/My Downline/TCBA01607" status="PASSED">
         <system-out><![CDATA[2018-12-10 11:35:10 - [TEST_CASE][PASSED] - Test Cases/Associate Application/My Downline/TCBA01607: Test Cases/Associate Application/My Downline/TCBA01607

2018-12-10 11:35:11 - [TEST_STEP][PASSED] - verifyElementVisible: Object 'Object Repository/My Downline/Page_My Downline  5-15/div_...12345678...' is visible

2018-12-10 11:35:11 - [MESSAGE][PASSED] - Object 'Object Repository/My Downline/Page_My Downline  5-15/div_...12345678...' is visible

2018-12-10 11:35:11 - [TEST_STEP][PASSED] - verifyElementVisible: Object 'Object Repository/My Downline/Page_My Downline  5-15/div_1 of 6 pages (62 items)' is visible

2018-12-10 11:35:11 - [MESSAGE][PASSED] - Object 'Object Repository/My Downline/Page_My Downline  5-15/div_1 of 6 pages (62 items)' is visible]]></system-out>
         <system-err><![CDATA[]]></system-err>
      </testcase>
      <testcase name="Test Cases/Associate Application/My Downline/TCBA01608" classname="Test Cases/Associate Application/My Downline/TCBA01608" status="PASSED">
         <system-out><![CDATA[2018-12-10 11:35:11 - [TEST_CASE][PASSED] - Test Cases/Associate Application/My Downline/TCBA01608: Test Cases/Associate Application/My Downline/TCBA01608

2018-12-10 11:35:11 - [TEST_STEP][PASSED] - click: Object: 'Object Repository/My Downline/Page_My Downline  5-15/span_Tree View with Forced Mat' is clicked on

2018-12-10 11:35:11 - [MESSAGE][PASSED] - Object: 'Object Repository/My Downline/Page_My Downline  5-15/span_Tree View with Forced Mat' is clicked on

2018-12-10 11:35:11 - [TEST_STEP][PASSED] - verifyElementText: Actual text and expected text of test object 'Object Repository/My Downline/Page_My Downline  5-15/span_My Downline' are matched.

2018-12-10 11:35:12 - [MESSAGE][PASSED] - Actual text and expected text of test object 'Object Repository/My Downline/Page_My Downline  5-15/span_My Downline' are matched.

2018-12-10 11:35:12 - [TEST_STEP][PASSED] - verifyElementText: Actual text and expected text of test object 'Object Repository/My Downline/Page_My Downline  5-15/h3_Tree View with Forced Matri' are matched.

2018-12-10 11:35:12 - [MESSAGE][PASSED] - Actual text and expected text of test object 'Object Repository/My Downline/Page_My Downline  5-15/h3_Tree View with Forced Matri' are matched.

2018-12-10 11:35:12 - [TEST_STEP][PASSED] - verifyElementText: Actual text and expected text of test object 'Object Repository/My Downline/Page_My Downline  5-15/span_Summary' are matched.

2018-12-10 11:35:12 - [MESSAGE][PASSED] - Actual text and expected text of test object 'Object Repository/My Downline/Page_My Downline  5-15/span_Summary' are matched.

2018-12-10 11:35:12 - [TEST_STEP][PASSED] - verifyElementText: Actual text and expected text of test object 'Object Repository/My Downline/Page_My Downline  5-15/span_List View' are matched.

2018-12-10 11:35:12 - [MESSAGE][PASSED] - Actual text and expected text of test object 'Object Repository/My Downline/Page_My Downline  5-15/span_List View' are matched.

2018-12-10 11:35:12 - [TEST_STEP][PASSED] - verifyElementText: Actual text and expected text of test object 'Object Repository/My Downline/Page_My Downline  5-15/span_Tree View' are matched.

2018-12-10 11:35:12 - [MESSAGE][PASSED] - Actual text and expected text of test object 'Object Repository/My Downline/Page_My Downline  5-15/span_Tree View' are matched.

2018-12-10 11:35:12 - [TEST_STEP][PASSED] - verifyElementText: Actual text and expected text of test object 'Object Repository/My Downline/Page_My Downline  5-15/a_List View with Forced Matrix' are matched.

2018-12-10 11:35:12 - [MESSAGE][PASSED] - Actual text and expected text of test object 'Object Repository/My Downline/Page_My Downline  5-15/a_List View with Forced Matrix' are matched.

2018-12-10 11:35:12 - [TEST_STEP][PASSED] - verifyElementText: Actual text and expected text of test object 'Object Repository/My Downline/Page_My Downline  5-15/span_Tree View with Forced Mat' are matched.

2018-12-10 11:35:12 - [MESSAGE][PASSED] - Actual text and expected text of test object 'Object Repository/My Downline/Page_My Downline  5-15/span_Tree View with Forced Mat' are matched.

2018-12-10 11:35:12 - [TEST_STEP][PASSED] - click: Object: 'Object Repository/My Downline/Page_My Downline  5-15/button_Update Matrix' is clicked on

2018-12-10 11:35:12 - [MESSAGE][PASSED] - Object: 'Object Repository/My Downline/Page_My Downline  5-15/button_Update Matrix' is clicked on

2018-12-10 11:35:12 - [TEST_STEP][PASSED] - click: Object: 'Object Repository/My Downline/Page_My Downline  5-15/button_Update Matrix_btn btn-z' is clicked on

2018-12-10 11:35:13 - [MESSAGE][PASSED] - Object: 'Object Repository/My Downline/Page_My Downline  5-15/button_Update Matrix_btn btn-z' is clicked on

2018-12-10 11:35:13 - [TEST_STEP][PASSED] - click: Object: 'Object Repository/My Downline/Page_My Downline  5-15/i_Update Matrix_fa fa-search-p' is clicked on

2018-12-10 11:35:13 - [MESSAGE][PASSED] - Object: 'Object Repository/My Downline/Page_My Downline  5-15/i_Update Matrix_fa fa-search-p' is clicked on

2018-12-10 11:35:13 - [TEST_STEP][PASSED] - click: Object: 'Object Repository/My Downline/Page_My Downline  5-15/i_Update Matrix_fa fa-search-m' is clicked on

2018-12-10 11:35:14 - [MESSAGE][PASSED] - Object: 'Object Repository/My Downline/Page_My Downline  5-15/i_Update Matrix_fa fa-search-m' is clicked on

2018-12-10 11:35:14 - [TEST_STEP][PASSED] - click: Object: 'Object Repository/My Downline/Page_My Downline  5-15/i_Update Matrix_fa fa-search-m' is clicked on

2018-12-10 11:35:14 - [MESSAGE][PASSED] - Object: 'Object Repository/My Downline/Page_My Downline  5-15/i_Update Matrix_fa fa-search-m' is clicked on

2018-12-10 11:35:14 - [TEST_STEP][PASSED] - click: Object: 'Object Repository/My Downline/Page_My Downline  5-15/i_Update Matrix_fa fa-search-p' is clicked on

2018-12-10 11:35:14 - [MESSAGE][PASSED] - Object: 'Object Repository/My Downline/Page_My Downline  5-15/i_Update Matrix_fa fa-search-p' is clicked on

2018-12-10 11:35:14 - [TEST_STEP][PASSED] - verifyElementText: Actual text and expected text of test object 'Object Repository/My Downline/Page_My Downline  5-15/h3_Tree View with Forced Matri' are matched.

2018-12-10 11:35:14 - [MESSAGE][PASSED] - Actual text and expected text of test object 'Object Repository/My Downline/Page_My Downline  5-15/h3_Tree View with Forced Matri' are matched.

2018-12-10 11:35:14 - [TEST_STEP][PASSED] - verifyElementText: Actual text and expected text of test object 'Object Repository/My Downline/Page_My Downline  5-15/label_End Level' are matched.

2018-12-10 11:35:14 - [MESSAGE][PASSED] - Actual text and expected text of test object 'Object Repository/My Downline/Page_My Downline  5-15/label_End Level' are matched.

2018-12-10 11:35:14 - [TEST_STEP][PASSED] - verifyElementText: Actual text and expected text of test object 'Object Repository/My Downline/Page_My Downline  5-15/label_Sponsor' are matched.

2018-12-10 11:35:14 - [MESSAGE][PASSED] - Actual text and expected text of test object 'Object Repository/My Downline/Page_My Downline  5-15/label_Sponsor' are matched.

2018-12-10 11:35:14 - [TEST_STEP][PASSED] - verifyOptionPresentByLabel: 1 option(s) with label 'Level 0' is/are present in object 'Object Repository/My Downline/Page_My Downline  5-15/Treewith_ForcedmatrixLevel' 

2018-12-10 11:35:14 - [MESSAGE][WARNING] - Timeout '0' is invalid. Using default page load timeout: '30'

2018-12-10 11:35:15 - [MESSAGE][PASSED] - 1 option(s) with label 'Level 0' is/are present in object 'Object Repository/My Downline/Page_My Downline  5-15/Treewith_ForcedmatrixLevel' 

2018-12-10 11:35:15 - [TEST_STEP][PASSED] - delay: Delayed 3 second(s)

2018-12-10 11:35:18 - [MESSAGE][PASSED] - Delayed 3 second(s)

2018-12-10 11:35:18 - [TEST_STEP][PASSED] - verifyOptionPresentByLabel: 1 option(s) with label 'Level 1' is/are present in object 'Object Repository/My Downline/Page_My Downline  5-15/Treewith_ForcedmatrixLevel' 

2018-12-10 11:35:18 - [MESSAGE][WARNING] - Timeout '0' is invalid. Using default page load timeout: '30'

2018-12-10 11:35:18 - [MESSAGE][PASSED] - 1 option(s) with label 'Level 1' is/are present in object 'Object Repository/My Downline/Page_My Downline  5-15/Treewith_ForcedmatrixLevel' 

2018-12-10 11:35:18 - [TEST_STEP][PASSED] - delay: Delayed 3 second(s)

2018-12-10 11:35:21 - [MESSAGE][PASSED] - Delayed 3 second(s)

2018-12-10 11:35:21 - [TEST_STEP][PASSED] - verifyOptionPresentByLabel: 1 option(s) with label 'Level 2' is/are present in object 'Object Repository/My Downline/Page_My Downline  5-15/Treewith_ForcedmatrixLevel' 

2018-12-10 11:35:21 - [MESSAGE][WARNING] - Timeout '0' is invalid. Using default page load timeout: '30'

2018-12-10 11:35:21 - [MESSAGE][PASSED] - 1 option(s) with label 'Level 2' is/are present in object 'Object Repository/My Downline/Page_My Downline  5-15/Treewith_ForcedmatrixLevel' 

2018-12-10 11:35:21 - [TEST_STEP][PASSED] - delay: Delayed 3 second(s)

2018-12-10 11:35:24 - [MESSAGE][PASSED] - Delayed 3 second(s)

2018-12-10 11:35:24 - [TEST_STEP][PASSED] - verifyOptionPresentByLabel: 1 option(s) with label 'Level 3' is/are present in object 'Object Repository/My Downline/Page_My Downline  5-15/Treewith_ForcedmatrixLevel' 

2018-12-10 11:35:24 - [MESSAGE][WARNING] - Timeout '0' is invalid. Using default page load timeout: '30'

2018-12-10 11:35:24 - [MESSAGE][PASSED] - 1 option(s) with label 'Level 3' is/are present in object 'Object Repository/My Downline/Page_My Downline  5-15/Treewith_ForcedmatrixLevel' 

2018-12-10 11:35:24 - [TEST_STEP][PASSED] - delay: Delayed 3 second(s)

2018-12-10 11:35:27 - [MESSAGE][PASSED] - Delayed 3 second(s)

2018-12-10 11:35:27 - [TEST_STEP][PASSED] - verifyOptionPresentByLabel: 1 option(s) with label 'Level 4' is/are present in object 'Object Repository/My Downline/Page_My Downline  5-15/Treewith_ForcedmatrixLevel' 

2018-12-10 11:35:27 - [MESSAGE][WARNING] - Timeout '0' is invalid. Using default page load timeout: '30'

2018-12-10 11:35:28 - [MESSAGE][PASSED] - 1 option(s) with label 'Level 4' is/are present in object 'Object Repository/My Downline/Page_My Downline  5-15/Treewith_ForcedmatrixLevel' 

2018-12-10 11:35:28 - [TEST_STEP][PASSED] - delay: Delayed 3 second(s)

2018-12-10 11:35:31 - [MESSAGE][PASSED] - Delayed 3 second(s)

2018-12-10 11:35:31 - [TEST_STEP][PASSED] - verifyOptionPresentByLabel: 1 option(s) with label 'Level 5' is/are present in object 'Object Repository/My Downline/Page_My Downline  5-15/Treewith_ForcedmatrixLevel' 

2018-12-10 11:35:31 - [MESSAGE][WARNING] - Timeout '0' is invalid. Using default page load timeout: '30'

2018-12-10 11:35:31 - [MESSAGE][PASSED] - 1 option(s) with label 'Level 5' is/are present in object 'Object Repository/My Downline/Page_My Downline  5-15/Treewith_ForcedmatrixLevel' 

2018-12-10 11:35:31 - [TEST_STEP][PASSED] - delay: Delayed 3 second(s)

2018-12-10 11:35:34 - [MESSAGE][PASSED] - Delayed 3 second(s)

2018-12-10 11:35:34 - [TEST_STEP][PASSED] - verifyOptionPresentByLabel: 1 option(s) with label 'Level 6' is/are present in object 'Object Repository/My Downline/Page_My Downline  5-15/Treewith_ForcedmatrixLevel' 

2018-12-10 11:35:34 - [MESSAGE][WARNING] - Timeout '0' is invalid. Using default page load timeout: '30'

2018-12-10 11:35:34 - [MESSAGE][PASSED] - 1 option(s) with label 'Level 6' is/are present in object 'Object Repository/My Downline/Page_My Downline  5-15/Treewith_ForcedmatrixLevel' 

2018-12-10 11:35:34 - [TEST_STEP][PASSED] - delay: Delayed 3 second(s)

2018-12-10 11:35:37 - [MESSAGE][PASSED] - Delayed 3 second(s)

2018-12-10 11:35:37 - [TEST_STEP][PASSED] - verifyOptionPresentByLabel: 1 option(s) with label 'Level 7' is/are present in object 'Object Repository/My Downline/Page_My Downline  5-15/Treewith_ForcedmatrixLevel' 

2018-12-10 11:35:37 - [MESSAGE][WARNING] - Timeout '0' is invalid. Using default page load timeout: '30'

2018-12-10 11:35:37 - [MESSAGE][PASSED] - 1 option(s) with label 'Level 7' is/are present in object 'Object Repository/My Downline/Page_My Downline  5-15/Treewith_ForcedmatrixLevel' 

2018-12-10 11:35:37 - [TEST_STEP][PASSED] - delay: Delayed 3 second(s)

2018-12-10 11:35:40 - [MESSAGE][PASSED] - Delayed 3 second(s)

2018-12-10 11:35:40 - [TEST_STEP][PASSED] - selectOptionByLabel: All options with label 'Level 5' are selected in object 'Object Repository/My Downline/Page_My Downline  5-15/Treewith_ForcedmatrixLevel' 

2018-12-10 11:35:40 - [MESSAGE][PASSED] - All options with label 'Level 5' are selected in object 'Object Repository/My Downline/Page_My Downline  5-15/Treewith_ForcedmatrixLevel' 

2018-12-10 11:35:40 - [TEST_STEP][PASSED] - delay: Delayed 3 second(s)

2018-12-10 11:35:43 - [MESSAGE][PASSED] - Delayed 3 second(s)

2018-12-10 11:35:43 - [TEST_STEP][PASSED] - verifyOptionPresentByLabel: 1 option(s) with label 'Select Sponsor' is/are present in object 'Object Repository/My Downline/Page_My Downline  5-15/Treeview_With_ForcedMatrix' 

2018-12-10 11:35:43 - [MESSAGE][WARNING] - Timeout '0' is invalid. Using default page load timeout: '30'

2018-12-10 11:37:25 - [MESSAGE][PASSED] - 1 option(s) with label 'Select Sponsor' is/are present in object 'Object Repository/My Downline/Page_My Downline  5-15/Treeview_With_ForcedMatrix' 

2018-12-10 11:37:25 - [TEST_STEP][PASSED] - delay: Delayed 5 second(s)

2018-12-10 11:37:30 - [MESSAGE][PASSED] - Delayed 5 second(s)

2018-12-10 11:37:30 - [TEST_STEP][PASSED] - selectOptionByLabel: All options with label 'Select Sponsor' are selected in object 'Object Repository/My Downline/Page_My Downline  5-15/Treeview_With_ForcedMatrix' 

2018-12-10 11:37:30 - [MESSAGE][PASSED] - All options with label 'Select Sponsor' are selected in object 'Object Repository/My Downline/Page_My Downline  5-15/Treeview_With_ForcedMatrix' 

2018-12-10 11:37:30 - [TEST_STEP][PASSED] - delay: Delayed 3 second(s)

2018-12-10 11:37:33 - [MESSAGE][PASSED] - Delayed 3 second(s)

2018-12-10 11:37:33 - [TEST_STEP][PASSED] - verifyElementText: Actual text and expected text of test object 'Object Repository/My Downline/Page_My Downline  5-15/button_Update Matrix' are matched.

2018-12-10 11:37:33 - [MESSAGE][PASSED] - Actual text and expected text of test object 'Object Repository/My Downline/Page_My Downline  5-15/button_Update Matrix' are matched.

2018-12-10 11:37:33 - [TEST_STEP][PASSED] - click: Object: 'Object Repository/My Downline/Page_My Downline  5-15/button_Update Matrix' is clicked on

2018-12-10 11:37:33 - [MESSAGE][PASSED] - Object: 'Object Repository/My Downline/Page_My Downline  5-15/button_Update Matrix' is clicked on]]></system-out>
         <system-err><![CDATA[]]></system-err>
      </testcase>
      <testcase name="Test Cases/Associate Application/My Downline/TCBA01609" classname="Test Cases/Associate Application/My Downline/TCBA01609" status="PASSED">
         <system-out><![CDATA[2018-12-10 11:37:33 - [TEST_CASE][PASSED] - Test Cases/Associate Application/My Downline/TCBA01609: Test Cases/Associate Application/My Downline/TCBA01609

2018-12-10 11:37:33 - [TEST_STEP][PASSED] - click: Object: 'Object Repository/My Downline/Page_My Downline  5-15/span_List View with Forced Mat' is clicked on

2018-12-10 11:37:34 - [MESSAGE][PASSED] - Object: 'Object Repository/My Downline/Page_My Downline  5-15/span_List View with Forced Mat' is clicked on

2018-12-10 11:37:34 - [TEST_STEP][PASSED] - verifyElementText: Actual text and expected text of test object 'Object Repository/My Downline/Page_My Downline  5-15/span_My Downline' are matched.

2018-12-10 11:37:34 - [MESSAGE][PASSED] - Actual text and expected text of test object 'Object Repository/My Downline/Page_My Downline  5-15/span_My Downline' are matched.

2018-12-10 11:37:34 - [TEST_STEP][PASSED] - verifyElementText: Actual text and expected text of test object 'Object Repository/My Downline/Page_My Downline  5-15/h3_List View with Forced Matri' are matched.

2018-12-10 11:37:34 - [MESSAGE][PASSED] - Actual text and expected text of test object 'Object Repository/My Downline/Page_My Downline  5-15/h3_List View with Forced Matri' are matched.

2018-12-10 11:37:34 - [TEST_STEP][PASSED] - verifyElementText: Actual text and expected text of test object 'Object Repository/My Downline/Page_My Downline  5-15/span_Summary' are matched.

2018-12-10 11:37:34 - [MESSAGE][PASSED] - Actual text and expected text of test object 'Object Repository/My Downline/Page_My Downline  5-15/span_Summary' are matched.

2018-12-10 11:37:34 - [TEST_STEP][PASSED] - verifyElementText: Actual text and expected text of test object 'Object Repository/My Downline/Page_My Downline  5-15/span_List View' are matched.

2018-12-10 11:37:34 - [MESSAGE][PASSED] - Actual text and expected text of test object 'Object Repository/My Downline/Page_My Downline  5-15/span_List View' are matched.

2018-12-10 11:37:34 - [TEST_STEP][PASSED] - verifyElementText: Actual text and expected text of test object 'Object Repository/My Downline/Page_My Downline  5-15/span_Tree View' are matched.

2018-12-10 11:37:34 - [MESSAGE][PASSED] - Actual text and expected text of test object 'Object Repository/My Downline/Page_My Downline  5-15/span_Tree View' are matched.

2018-12-10 11:37:34 - [TEST_STEP][PASSED] - verifyElementText: Actual text and expected text of test object 'Object Repository/My Downline/Page_My Downline  5-15/span_Tree View with Forced Mat' are matched.

2018-12-10 11:37:34 - [MESSAGE][PASSED] - Actual text and expected text of test object 'Object Repository/My Downline/Page_My Downline  5-15/span_Tree View with Forced Mat' are matched.

2018-12-10 11:37:34 - [TEST_STEP][PASSED] - verifyElementText: Actual text and expected text of test object 'Object Repository/My Downline/Page_My Downline  5-15/a_List View with Forced Matrix' are matched.

2018-12-10 11:37:35 - [MESSAGE][PASSED] - Actual text and expected text of test object 'Object Repository/My Downline/Page_My Downline  5-15/a_List View with Forced Matrix' are matched.

2018-12-10 11:37:35 - [TEST_STEP][PASSED] - verifyElementText: Actual text and expected text of test object 'Object Repository/My Downline/Page_My Downline  5-15/label_Start Level' are matched.

2018-12-10 11:37:35 - [MESSAGE][PASSED] - Actual text and expected text of test object 'Object Repository/My Downline/Page_My Downline  5-15/label_Start Level' are matched.

2018-12-10 11:37:35 - [TEST_STEP][PASSED] - verifyElementText: Actual text and expected text of test object 'Object Repository/My Downline/Page_My Downline  5-15/label_End Level' are matched.

2018-12-10 11:37:35 - [MESSAGE][PASSED] - Actual text and expected text of test object 'Object Repository/My Downline/Page_My Downline  5-15/label_End Level' are matched.

2018-12-10 11:37:35 - [TEST_STEP][PASSED] - verifyElementText: Actual text and expected text of test object 'Object Repository/My Downline/Page_My Downline  5-15/label_Sponsor' are matched.

2018-12-10 11:37:35 - [MESSAGE][PASSED] - Actual text and expected text of test object 'Object Repository/My Downline/Page_My Downline  5-15/label_Sponsor' are matched.

2018-12-10 11:37:35 - [TEST_STEP][PASSED] - verifyElementText: Actual text and expected text of test object 'Object Repository/My Downline/Page_My Downline  5-15/label_Contract Not Signed' are matched.

2018-12-10 11:37:35 - [MESSAGE][PASSED] - Actual text and expected text of test object 'Object Repository/My Downline/Page_My Downline  5-15/label_Contract Not Signed' are matched.]]></system-out>
         <system-err><![CDATA[]]></system-err>
      </testcase>
      <testcase name="Test Cases/Associate Application/My Downline/TCBA01610" classname="Test Cases/Associate Application/My Downline/TCBA01610" status="PASSED">
         <system-out><![CDATA[2018-12-10 11:37:35 - [TEST_CASE][PASSED] - Test Cases/Associate Application/My Downline/TCBA01610: Test Cases/Associate Application/My Downline/TCBA01610

2018-12-10 11:37:35 - [TEST_STEP][PASSED] - verifyElementText: Actual text and expected text of test object 'Object Repository/My Downline/Page_My Downline  5-15/th_Sponsor' are matched.

2018-12-10 11:37:35 - [MESSAGE][PASSED] - Actual text and expected text of test object 'Object Repository/My Downline/Page_My Downline  5-15/th_Sponsor' are matched.

2018-12-10 11:37:35 - [TEST_STEP][PASSED] - verifyElementText: Actual text and expected text of test object 'Object Repository/My Downline/Page_My Downline  5-15/th_Associate' are matched.

2018-12-10 11:37:35 - [MESSAGE][PASSED] - Actual text and expected text of test object 'Object Repository/My Downline/Page_My Downline  5-15/th_Associate' are matched.

2018-12-10 11:37:35 - [TEST_STEP][PASSED] - verifyElementText: Actual text and expected text of test object 'Object Repository/My Downline/Page_My Downline  5-15/th_Customer Energy Accounts' are matched.

2018-12-10 11:37:36 - [MESSAGE][PASSED] - Actual text and expected text of test object 'Object Repository/My Downline/Page_My Downline  5-15/th_Customer Energy Accounts' are matched.

2018-12-10 11:37:36 - [TEST_STEP][PASSED] - verifyElementText: Actual text and expected text of test object 'Object Repository/My Downline/Page_My Downline  5-15/div_Level' are matched.

2018-12-10 11:37:36 - [MESSAGE][PASSED] - Actual text and expected text of test object 'Object Repository/My Downline/Page_My Downline  5-15/div_Level' are matched.

2018-12-10 11:37:36 - [TEST_STEP][PASSED] - verifyElementText: Actual text and expected text of test object 'Object Repository/My Downline/Page_My Downline  5-15/div_Sponsor' are matched.

2018-12-10 11:37:36 - [MESSAGE][PASSED] - Actual text and expected text of test object 'Object Repository/My Downline/Page_My Downline  5-15/div_Sponsor' are matched.

2018-12-10 11:37:36 - [TEST_STEP][PASSED] - verifyElementText: Actual text and expected text of test object 'Object Repository/My Downline/Page_My Downline  5-15/div_Sponsor Email' are matched.

2018-12-10 11:37:37 - [MESSAGE][PASSED] - Actual text and expected text of test object 'Object Repository/My Downline/Page_My Downline  5-15/div_Sponsor Email' are matched.

2018-12-10 11:37:37 - [TEST_STEP][PASSED] - verifyElementText: Actual text and expected text of test object 'Object Repository/My Downline/Page_My Downline  5-15/div_Sponsor Mobile Phone' are matched.

2018-12-10 11:37:37 - [MESSAGE][PASSED] - Actual text and expected text of test object 'Object Repository/My Downline/Page_My Downline  5-15/div_Sponsor Mobile Phone' are matched.

2018-12-10 11:37:37 - [TEST_STEP][PASSED] - verifyElementText: Actual text and expected text of test object 'Object Repository/My Downline/Page_My Downline  5-15/div_Associate' are matched.

2018-12-10 11:37:37 - [MESSAGE][PASSED] - Actual text and expected text of test object 'Object Repository/My Downline/Page_My Downline  5-15/div_Associate' are matched.

2018-12-10 11:37:37 - [TEST_STEP][PASSED] - verifyElementText: Actual text and expected text of test object 'Object Repository/My Downline/Page_My Downline  5-15/div_Email' are matched.

2018-12-10 11:37:37 - [MESSAGE][PASSED] - Actual text and expected text of test object 'Object Repository/My Downline/Page_My Downline  5-15/div_Email' are matched.

2018-12-10 11:37:37 - [TEST_STEP][PASSED] - verifyElementText: Actual text and expected text of test object 'Object Repository/My Downline/Page_My Downline  5-15/div_Mobile Phone' are matched.

2018-12-10 11:37:37 - [MESSAGE][PASSED] - Actual text and expected text of test object 'Object Repository/My Downline/Page_My Downline  5-15/div_Mobile Phone' are matched.

2018-12-10 11:37:37 - [TEST_STEP][PASSED] - verifyElementText: Actual text and expected text of test object 'Object Repository/My Downline/Page_My Downline  5-15/div_Inactive Date' are matched.

2018-12-10 11:37:37 - [MESSAGE][PASSED] - Actual text and expected text of test object 'Object Repository/My Downline/Page_My Downline  5-15/div_Inactive Date' are matched.

2018-12-10 11:37:37 - [TEST_STEP][PASSED] - verifyElementText: Actual text and expected text of test object 'Object Repository/My Downline/Page_My Downline  5-15/div_Csr Status' are matched.

2018-12-10 11:37:37 - [MESSAGE][PASSED] - Actual text and expected text of test object 'Object Repository/My Downline/Page_My Downline  5-15/div_Csr Status' are matched.

2018-12-10 11:37:37 - [TEST_STEP][PASSED] - verifyElementText: Actual text and expected text of test object 'Object Repository/My Downline/Page_My Downline  5-15/div_Contract Signed Date' are matched.

2018-12-10 11:37:37 - [MESSAGE][PASSED] - Actual text and expected text of test object 'Object Repository/My Downline/Page_My Downline  5-15/div_Contract Signed Date' are matched.

2018-12-10 11:37:37 - [TEST_STEP][PASSED] - verifyElementText: Actual text and expected text of test object 'Object Repository/My Downline/Page_My Downline  5-15/div_CSR Title' are matched.

2018-12-10 11:37:37 - [MESSAGE][PASSED] - Actual text and expected text of test object 'Object Repository/My Downline/Page_My Downline  5-15/div_CSR Title' are matched.

2018-12-10 11:37:37 - [TEST_STEP][PASSED] - verifyElementText: Actual text and expected text of test object 'Object Repository/My Downline/Page_My Downline  5-15/div_Associate Count' are matched.

2018-12-10 11:37:37 - [MESSAGE][PASSED] - Actual text and expected text of test object 'Object Repository/My Downline/Page_My Downline  5-15/div_Associate Count' are matched.

2018-12-10 11:37:37 - [TEST_STEP][PASSED] - verifyElementText: Actual text and expected text of test object 'Object Repository/My Downline/Page_My Downline  5-15/div_Contract Count' are matched.

2018-12-10 11:37:38 - [MESSAGE][PASSED] - Actual text and expected text of test object 'Object Repository/My Downline/Page_My Downline  5-15/div_Contract Count' are matched.

2018-12-10 11:37:38 - [TEST_STEP][PASSED] - verifyElementText: Actual text and expected text of test object 'Object Repository/My Downline/Page_My Downline  5-15/div_Validated Contract Count' are matched.

2018-12-10 11:37:38 - [MESSAGE][PASSED] - Actual text and expected text of test object 'Object Repository/My Downline/Page_My Downline  5-15/div_Validated Contract Count' are matched.

2018-12-10 11:37:38 - [TEST_STEP][PASSED] - verifyOptionPresentByLabel: 1 option(s) with label 'Level 0' is/are present in object 'Object Repository/My Downline/Page_My Downline  5-15/Start Level' 

2018-12-10 11:37:38 - [MESSAGE][WARNING] - Timeout '0' is invalid. Using default page load timeout: '30'

2018-12-10 11:37:38 - [MESSAGE][PASSED] - 1 option(s) with label 'Level 0' is/are present in object 'Object Repository/My Downline/Page_My Downline  5-15/Start Level' 

2018-12-10 11:37:38 - [TEST_STEP][PASSED] - delay: Delayed 3 second(s)

2018-12-10 11:37:41 - [MESSAGE][PASSED] - Delayed 3 second(s)

2018-12-10 11:37:41 - [TEST_STEP][PASSED] - verifyOptionPresentByLabel: 1 option(s) with label 'Level 1' is/are present in object 'Object Repository/My Downline/Page_My Downline  5-15/Start Level' 

2018-12-10 11:37:41 - [MESSAGE][WARNING] - Timeout '0' is invalid. Using default page load timeout: '30'

2018-12-10 11:37:41 - [MESSAGE][PASSED] - 1 option(s) with label 'Level 1' is/are present in object 'Object Repository/My Downline/Page_My Downline  5-15/Start Level' 

2018-12-10 11:37:41 - [TEST_STEP][PASSED] - delay: Delayed 3 second(s)

2018-12-10 11:37:44 - [MESSAGE][PASSED] - Delayed 3 second(s)

2018-12-10 11:37:44 - [TEST_STEP][PASSED] - verifyOptionPresentByLabel: 1 option(s) with label 'Level 2' is/are present in object 'Object Repository/My Downline/Page_My Downline  5-15/Start Level' 

2018-12-10 11:37:44 - [MESSAGE][WARNING] - Timeout '0' is invalid. Using default page load timeout: '30'

2018-12-10 11:37:45 - [MESSAGE][PASSED] - 1 option(s) with label 'Level 2' is/are present in object 'Object Repository/My Downline/Page_My Downline  5-15/Start Level' 

2018-12-10 11:37:45 - [TEST_STEP][PASSED] - delay: Delayed 3 second(s)

2018-12-10 11:37:48 - [MESSAGE][PASSED] - Delayed 3 second(s)

2018-12-10 11:37:48 - [TEST_STEP][PASSED] - verifyOptionPresentByLabel: 1 option(s) with label 'Level 3' is/are present in object 'Object Repository/My Downline/Page_My Downline  5-15/Start Level' 

2018-12-10 11:37:48 - [MESSAGE][WARNING] - Timeout '0' is invalid. Using default page load timeout: '30'

2018-12-10 11:37:48 - [MESSAGE][PASSED] - 1 option(s) with label 'Level 3' is/are present in object 'Object Repository/My Downline/Page_My Downline  5-15/Start Level' 

2018-12-10 11:37:48 - [TEST_STEP][PASSED] - delay: Delayed 3 second(s)

2018-12-10 11:37:51 - [MESSAGE][PASSED] - Delayed 3 second(s)

2018-12-10 11:37:51 - [TEST_STEP][PASSED] - verifyOptionPresentByLabel: 1 option(s) with label 'Level 4' is/are present in object 'Object Repository/My Downline/Page_My Downline  5-15/Start Level' 

2018-12-10 11:37:51 - [MESSAGE][WARNING] - Timeout '0' is invalid. Using default page load timeout: '30'

2018-12-10 11:37:51 - [MESSAGE][PASSED] - 1 option(s) with label 'Level 4' is/are present in object 'Object Repository/My Downline/Page_My Downline  5-15/Start Level' 

2018-12-10 11:37:51 - [TEST_STEP][PASSED] - delay: Delayed 3 second(s)

2018-12-10 11:37:54 - [MESSAGE][PASSED] - Delayed 3 second(s)

2018-12-10 11:37:54 - [TEST_STEP][PASSED] - verifyOptionPresentByLabel: 1 option(s) with label 'Level 5' is/are present in object 'Object Repository/My Downline/Page_My Downline  5-15/Start Level' 

2018-12-10 11:37:54 - [MESSAGE][WARNING] - Timeout '0' is invalid. Using default page load timeout: '30'

2018-12-10 11:37:54 - [MESSAGE][PASSED] - 1 option(s) with label 'Level 5' is/are present in object 'Object Repository/My Downline/Page_My Downline  5-15/Start Level' 

2018-12-10 11:37:54 - [TEST_STEP][PASSED] - delay: Delayed 3 second(s)

2018-12-10 11:37:57 - [MESSAGE][PASSED] - Delayed 3 second(s)

2018-12-10 11:37:57 - [TEST_STEP][PASSED] - verifyOptionPresentByLabel: 1 option(s) with label 'Level 6' is/are present in object 'Object Repository/My Downline/Page_My Downline  5-15/Start Level' 

2018-12-10 11:37:57 - [MESSAGE][WARNING] - Timeout '0' is invalid. Using default page load timeout: '30'

2018-12-10 11:37:58 - [MESSAGE][PASSED] - 1 option(s) with label 'Level 6' is/are present in object 'Object Repository/My Downline/Page_My Downline  5-15/Start Level' 

2018-12-10 11:37:58 - [TEST_STEP][PASSED] - delay: Delayed 3 second(s)

2018-12-10 11:38:01 - [MESSAGE][PASSED] - Delayed 3 second(s)

2018-12-10 11:38:01 - [TEST_STEP][PASSED] - verifyOptionPresentByLabel: 1 option(s) with label 'Level 7' is/are present in object 'Object Repository/My Downline/Page_My Downline  5-15/Start Level' 

2018-12-10 11:38:01 - [MESSAGE][WARNING] - Timeout '0' is invalid. Using default page load timeout: '30'

2018-12-10 11:38:01 - [MESSAGE][PASSED] - 1 option(s) with label 'Level 7' is/are present in object 'Object Repository/My Downline/Page_My Downline  5-15/Start Level' 

2018-12-10 11:38:01 - [TEST_STEP][PASSED] - delay: Delayed 3 second(s)

2018-12-10 11:38:04 - [MESSAGE][PASSED] - Delayed 3 second(s)

2018-12-10 11:38:04 - [TEST_STEP][PASSED] - selectOptionByLabel: All options with label 'Level 3' are selected in object 'Object Repository/My Downline/Page_My Downline  5-15/Start Level' 

2018-12-10 11:38:04 - [MESSAGE][PASSED] - All options with label 'Level 3' are selected in object 'Object Repository/My Downline/Page_My Downline  5-15/Start Level' 

2018-12-10 11:38:04 - [TEST_STEP][PASSED] - delay: Delayed 3 second(s)

2018-12-10 11:38:07 - [MESSAGE][PASSED] - Delayed 3 second(s)

2018-12-10 11:38:07 - [TEST_STEP][PASSED] - selectOptionByLabel: All options with label 'Level 5' are selected in object 'Object Repository/My Downline/Page_My Downline  5-15/select_Level 0            Leve' 

2018-12-10 11:38:07 - [MESSAGE][PASSED] - All options with label 'Level 5' are selected in object 'Object Repository/My Downline/Page_My Downline  5-15/select_Level 0            Leve' 

2018-12-10 11:38:07 - [TEST_STEP][PASSED] - delay: Delayed 3 second(s)

2018-12-10 11:38:10 - [MESSAGE][PASSED] - Delayed 3 second(s)

2018-12-10 11:38:10 - [TEST_STEP][PASSED] - verifyOptionPresentByLabel: 1 option(s) with label 'Select Sponsor' is/are present in object 'Object Repository/My Downline/Page_My Downline  5-15/select_Select Sponsor' 

2018-12-10 11:38:10 - [MESSAGE][WARNING] - Timeout '0' is invalid. Using default page load timeout: '30'

2018-12-10 11:40:07 - [MESSAGE][PASSED] - 1 option(s) with label 'Select Sponsor' is/are present in object 'Object Repository/My Downline/Page_My Downline  5-15/select_Select Sponsor' 

2018-12-10 11:40:07 - [TEST_STEP][PASSED] - delay: Delayed 3 second(s)

2018-12-10 11:40:10 - [MESSAGE][PASSED] - Delayed 3 second(s)

2018-12-10 11:40:10 - [TEST_STEP][PASSED] - selectOptionByLabel: All options with label 'Select Sponsor' are selected in object 'Object Repository/My Downline/Page_My Downline  5-15/select_Select Sponsor' 

2018-12-10 11:40:10 - [MESSAGE][PASSED] - All options with label 'Select Sponsor' are selected in object 'Object Repository/My Downline/Page_My Downline  5-15/select_Select Sponsor' 

2018-12-10 11:40:10 - [TEST_STEP][PASSED] - delay: Delayed 3 second(s)

2018-12-10 11:40:13 - [MESSAGE][PASSED] - Delayed 3 second(s)

2018-12-10 11:40:13 - [TEST_STEP][PASSED] - click: Object: 'Object Repository/My Downline/Page_My Downline  5-15/button_FILTER' is clicked on

2018-12-10 11:40:14 - [MESSAGE][PASSED] - Object: 'Object Repository/My Downline/Page_My Downline  5-15/button_FILTER' is clicked on

2018-12-10 11:40:14 - [TEST_STEP][PASSED] - delay: Delayed 3 second(s)

2018-12-10 11:40:17 - [MESSAGE][PASSED] - Delayed 3 second(s)

2018-12-10 11:40:17 - [TEST_STEP][PASSED] - selectOptionByLabel: All options with label 'Level 6' are selected in object 'Object Repository/My Downline/Page_My Downline  5-15/Start Level' 

2018-12-10 11:40:17 - [MESSAGE][PASSED] - All options with label 'Level 6' are selected in object 'Object Repository/My Downline/Page_My Downline  5-15/Start Level' 

2018-12-10 11:40:17 - [TEST_STEP][PASSED] - delay: Delayed 3 second(s)

2018-12-10 11:40:20 - [MESSAGE][PASSED] - Delayed 3 second(s)

2018-12-10 11:40:20 - [TEST_STEP][PASSED] - selectOptionByLabel: All options with label 'Level 2' are selected in object 'Object Repository/My Downline/Page_My Downline  5-15/select_Level 0            Leve' 

2018-12-10 11:40:20 - [MESSAGE][PASSED] - All options with label 'Level 2' are selected in object 'Object Repository/My Downline/Page_My Downline  5-15/select_Level 0            Leve' 

2018-12-10 11:40:20 - [TEST_STEP][PASSED] - delay: Delayed 3 second(s)

2018-12-10 11:40:23 - [MESSAGE][PASSED] - Delayed 3 second(s)

2018-12-10 11:40:23 - [TEST_STEP][PASSED] - verifyElementText: Actual text and expected text of test object 'Object Repository/My Downline/Page_My Downline  5-15/div_The End Level should be  g' are matched.

2018-12-10 11:40:23 - [MESSAGE][PASSED] - Actual text and expected text of test object 'Object Repository/My Downline/Page_My Downline  5-15/div_The End Level should be  g' are matched.

2018-12-10 11:40:23 - [TEST_STEP][PASSED] - click: Object: 'Object Repository/My Downline/Page_My Downline  5-15/div_The End Level should be  g' is clicked on

2018-12-10 11:40:24 - [MESSAGE][PASSED] - Object: 'Object Repository/My Downline/Page_My Downline  5-15/div_The End Level should be  g' is clicked on]]></system-out>
         <system-err><![CDATA[]]></system-err>
      </testcase>
      <testcase name="Test Cases/Associate Application/My Downline/TCBA01611" classname="Test Cases/Associate Application/My Downline/TCBA01611" status="PASSED">
         <system-out><![CDATA[2018-12-10 11:40:24 - [TEST_CASE][PASSED] - Test Cases/Associate Application/My Downline/TCBA01611: Test Cases/Associate Application/My Downline/TCBA01611

2018-12-10 11:40:24 - [TEST_STEP][PASSED] - click: Object: 'Object Repository/Edit Profile/Page_Home  5-15/span_Shinto-Test' is clicked on

2018-12-10 11:40:24 - [MESSAGE][PASSED] - Object: 'Object Repository/Edit Profile/Page_Home  5-15/span_Shinto-Test' is clicked on

2018-12-10 11:40:24 - [TEST_STEP][PASSED] - verifyElementText: Actual text and expected text of test object 'Object Repository/Edit Profile/Page_Home  5-15/span_Log Off' are matched.

2018-12-10 11:40:24 - [MESSAGE][PASSED] - Actual text and expected text of test object 'Object Repository/Edit Profile/Page_Home  5-15/span_Log Off' are matched.

2018-12-10 11:40:24 - [TEST_STEP][PASSED] - click: Object: 'Object Repository/Edit Profile/Page_Home  5-15/span_Log Off' is clicked on

2018-12-10 11:40:25 - [MESSAGE][PASSED] - Object: 'Object Repository/Edit Profile/Page_Home  5-15/span_Log Off' is clicked on

2018-12-10 11:40:25 - [TEST_STEP][PASSED] - verifyElementText: Actual text and expected text of test object 'Object Repository/Edit Profile/Page_Log In  5-15/h1_Log In' are matched.

2018-12-10 11:40:25 - [MESSAGE][PASSED] - Actual text and expected text of test object 'Object Repository/Edit Profile/Page_Log In  5-15/h1_Log In' are matched.]]></system-out>
         <system-err><![CDATA[]]></system-err>
      </testcase>
      <system-out><![CDATA[2018-12-10 11:31:00 - [TEST_SUITE][FAILED] - VBZ0016-My Downline: Test Cases/Associate Application/My Downline/TCBA01606 FAILED because (of) (Stack trace: com.kms.katalon.core.exception.StepFailedException: Verify element text of test object 'Object Repository/My Downline/Page_My Downline  5-15/div_Email' FAILED. (Root cause: org.openqa.selenium.StaleElementReferenceException: stale element reference: element is not attached to the page document
  (Session info: chrome=70.0.3538.110)
  (Driver info: chromedriver=2.35.528161 (5b82f2d2aae0ca24b877009200ced9065a772e73),platform=Windows NT 10.0.14393 x86) (WARNING: The server did not provide any stacktrace information)
Command duration or timeout: 0 milliseconds
For documentation on this error, please visit: http://seleniumhq.org/exceptions/stale_element_reference.html
Build info: version: '3.7.1', revision: '8a0099a', time: '2017-11-06T21:07:36.161Z'
System info: host: 'VOFOX-SHINTO', ip: '192.168.10.134', os.name: 'Windows 10', os.arch: 'x86', os.version: '10.0', java.version: '1.8.0_181'
Driver info: com.kms.katalon.selenium.driver.CChromeDriver
Capabilities {acceptInsecureCerts: false, acceptSslCerts: false, applicationCacheEnabled: false, browserConnectionEnabled: false, browserName: chrome, chrome: {chromedriverVersion: 2.35.528161 (5b82f2d2aae0ca..., userDataDir: C:\Users\shinto\AppData\Loc...}, cssSelectorsEnabled: true, databaseEnabled: false, handlesAlerts: true, hasTouchScreen: false, javascriptEnabled: true, locationContextEnabled: true, mobileEmulationEnabled: false, nativeEvents: true, networkConnectionEnabled: false, pageLoadStrategy: normal, platform: XP, platformName: XP, rotatable: false, setWindowRect: true, takesHeapSnapshot: true, takesScreenshot: true, unexpectedAlertBehaviour: , unhandledPromptBehavior: , version: 70.0.3538.110, webStorageEnabled: true}
Session ID: eadf7e3a6a1309936705d429a84bcf91)
	at com.kms.katalon.core.keyword.internal.KeywordMain.stepFailed(KeywordMain.groovy:36)
	at com.kms.katalon.core.webui.keyword.internal.WebUIKeywordMain.stepFailed(WebUIKeywordMain.groovy:65)
	at com.kms.katalon.core.webui.keyword.internal.WebUIKeywordMain.runKeyword(WebUIKeywordMain.groovy:27)
	at com.kms.katalon.core.webui.keyword.builtin.VerifyElementTextKeyword.verifyElementText(VerifyElementTextKeyword.groovy:72)
	at com.kms.katalon.core.webui.keyword.builtin.VerifyElementTextKeyword.execute(VerifyElementTextKeyword.groovy:40)
	at com.kms.katalon.core.keyword.internal.KeywordExecutor.executeKeywordForPlatform(KeywordExecutor.groovy:53)
	at com.kms.katalon.core.webui.keyword.WebUiBuiltInKeywords.verifyElementText(WebUiBuiltInKeywords.groovy:3663)
	at com.kms.katalon.core.webui.keyword.WebUiBuiltInKeywords$verifyElementText$5.call(Unknown Source)
	at org.codehaus.groovy.runtime.callsite.CallSiteArray.defaultCall(CallSiteArray.java:48)
	at org.codehaus.groovy.runtime.callsite.AbstractCallSite.call(AbstractCallSite.java:113)
	at org.codehaus.groovy.runtime.callsite.AbstractCallSite.call(AbstractCallSite.java:133)
	at Script1540451419881.run(Script1540451419881.groovy:87)
	at com.kms.katalon.core.main.ScriptEngine.run(ScriptEngine.java:183)
	at com.kms.katalon.core.main.ScriptEngine.runScriptAsRawText(ScriptEngine.java:108)
	at com.kms.katalon.core.main.TestCaseExecutor.runScript(TestCaseExecutor.java:294)
	at com.kms.katalon.core.main.TestCaseExecutor.doExecute(TestCaseExecutor.java:285)
	at com.kms.katalon.core.main.TestCaseExecutor.processExecutionPhase(TestCaseExecutor.java:264)
	at com.kms.katalon.core.main.TestCaseExecutor.accessMainPhase(TestCaseExecutor.java:256)
	at com.kms.katalon.core.main.TestCaseExecutor.execute(TestCaseExecutor.java:200)
	at com.kms.katalon.core.main.TestSuiteExecutor.accessTestCaseMainPhase(TestSuiteExecutor.java:129)
	at com.kms.katalon.core.main.TestSuiteExecutor.accessTestSuiteMainPhase(TestSuiteExecutor.java:112)
	at com.kms.katalon.core.main.TestSuiteExecutor.execute(TestSuiteExecutor.java:81)
	at com.kms.katalon.core.main.TestCaseMain.startTestSuite(TestCaseMain.java:142)
	at com.kms.katalon.core.main.TestCaseMain$startTestSuite$0.call(Unknown Source)
	at org.codehaus.groovy.runtime.callsite.CallSiteArray.defaultCall(CallSiteArray.java:48)
	at org.codehaus.groovy.runtime.callsite.AbstractCallSite.call(AbstractCallSite.java:113)
	at org.codehaus.groovy.runtime.callsite.AbstractCallSite.call(AbstractCallSite.java:141)
	at TempTestSuite1544421658505.run(TempTestSuite1544421658505.groovy:36)
	at groovy.lang.GroovyShell.runScriptOrMainOrTestOrRunnable(GroovyShell.java:263)
	at groovy.lang.GroovyShell.run(GroovyShell.java:518)
	at groovy.lang.GroovyShell.run(GroovyShell.java:507)
	at groovy.ui.GroovyMain.processOnce(GroovyMain.java:653)
	at groovy.ui.GroovyMain.run(GroovyMain.java:384)
	at groovy.ui.GroovyMain.process(GroovyMain.java:370)
	at groovy.ui.GroovyMain.processArgs(GroovyMain.java:129)
	at groovy.ui.GroovyMain.main(GroovyMain.java:109)
	at sun.reflect.NativeMethodAccessorImpl.invoke0(Native Method)
	at sun.reflect.NativeMethodAccessorImpl.invoke(NativeMethodAccessorImpl.java:62)
	at sun.reflect.DelegatingMethodAccessorImpl.invoke(DelegatingMethodAccessorImpl.java:43)
	at java.lang.reflect.Method.invoke(Method.java:498)
	at org.codehaus.groovy.tools.GroovyStarter.rootLoader(GroovyStarter.java:109)
	at org.codehaus.groovy.tools.GroovyStarter.main(GroovyStarter.java:131)
)]]></system-out>
      <system-err><![CDATA[2018-12-10 11:31:00 - [TEST_SUITE][FAILED] - VBZ0016-My Downline: Test Cases/Associate Application/My Downline/TCBA01606 FAILED because (of) (Stack trace: com.kms.katalon.core.exception.StepFailedException: Verify element text of test object 'Object Repository/My Downline/Page_My Downline  5-15/div_Email' FAILED. (Root cause: org.openqa.selenium.StaleElementReferenceException: stale element reference: element is not attached to the page document
  (Session info: chrome=70.0.3538.110)
  (Driver info: chromedriver=2.35.528161 (5b82f2d2aae0ca24b877009200ced9065a772e73),platform=Windows NT 10.0.14393 x86) (WARNING: The server did not provide any stacktrace information)
Command duration or timeout: 0 milliseconds
For documentation on this error, please visit: http://seleniumhq.org/exceptions/stale_element_reference.html
Build info: version: '3.7.1', revision: '8a0099a', time: '2017-11-06T21:07:36.161Z'
System info: host: 'VOFOX-SHINTO', ip: '192.168.10.134', os.name: 'Windows 10', os.arch: 'x86', os.version: '10.0', java.version: '1.8.0_181'
Driver info: com.kms.katalon.selenium.driver.CChromeDriver
Capabilities {acceptInsecureCerts: false, acceptSslCerts: false, applicationCacheEnabled: false, browserConnectionEnabled: false, browserName: chrome, chrome: {chromedriverVersion: 2.35.528161 (5b82f2d2aae0ca..., userDataDir: C:\Users\shinto\AppData\Loc...}, cssSelectorsEnabled: true, databaseEnabled: false, handlesAlerts: true, hasTouchScreen: false, javascriptEnabled: true, locationContextEnabled: true, mobileEmulationEnabled: false, nativeEvents: true, networkConnectionEnabled: false, pageLoadStrategy: normal, platform: XP, platformName: XP, rotatable: false, setWindowRect: true, takesHeapSnapshot: true, takesScreenshot: true, unexpectedAlertBehaviour: , unhandledPromptBehavior: , version: 70.0.3538.110, webStorageEnabled: true}
Session ID: eadf7e3a6a1309936705d429a84bcf91)
	at com.kms.katalon.core.keyword.internal.KeywordMain.stepFailed(KeywordMain.groovy:36)
	at com.kms.katalon.core.webui.keyword.internal.WebUIKeywordMain.stepFailed(WebUIKeywordMain.groovy:65)
	at com.kms.katalon.core.webui.keyword.internal.WebUIKeywordMain.runKeyword(WebUIKeywordMain.groovy:27)
	at com.kms.katalon.core.webui.keyword.builtin.VerifyElementTextKeyword.verifyElementText(VerifyElementTextKeyword.groovy:72)
	at com.kms.katalon.core.webui.keyword.builtin.VerifyElementTextKeyword.execute(VerifyElementTextKeyword.groovy:40)
	at com.kms.katalon.core.keyword.internal.KeywordExecutor.executeKeywordForPlatform(KeywordExecutor.groovy:53)
	at com.kms.katalon.core.webui.keyword.WebUiBuiltInKeywords.verifyElementText(WebUiBuiltInKeywords.groovy:3663)
	at com.kms.katalon.core.webui.keyword.WebUiBuiltInKeywords$verifyElementText$5.call(Unknown Source)
	at org.codehaus.groovy.runtime.callsite.CallSiteArray.defaultCall(CallSiteArray.java:48)
	at org.codehaus.groovy.runtime.callsite.AbstractCallSite.call(AbstractCallSite.java:113)
	at org.codehaus.groovy.runtime.callsite.AbstractCallSite.call(AbstractCallSite.java:133)
	at Script1540451419881.run(Script1540451419881.groovy:87)
	at com.kms.katalon.core.main.ScriptEngine.run(ScriptEngine.java:183)
	at com.kms.katalon.core.main.ScriptEngine.runScriptAsRawText(ScriptEngine.java:108)
	at com.kms.katalon.core.main.TestCaseExecutor.runScript(TestCaseExecutor.java:294)
	at com.kms.katalon.core.main.TestCaseExecutor.doExecute(TestCaseExecutor.java:285)
	at com.kms.katalon.core.main.TestCaseExecutor.processExecutionPhase(TestCaseExecutor.java:264)
	at com.kms.katalon.core.main.TestCaseExecutor.accessMainPhase(TestCaseExecutor.java:256)
	at com.kms.katalon.core.main.TestCaseExecutor.execute(TestCaseExecutor.java:200)
	at com.kms.katalon.core.main.TestSuiteExecutor.accessTestCaseMainPhase(TestSuiteExecutor.java:129)
	at com.kms.katalon.core.main.TestSuiteExecutor.accessTestSuiteMainPhase(TestSuiteExecutor.java:112)
	at com.kms.katalon.core.main.TestSuiteExecutor.execute(TestSuiteExecutor.java:81)
	at com.kms.katalon.core.main.TestCaseMain.startTestSuite(TestCaseMain.java:142)
	at com.kms.katalon.core.main.TestCaseMain$startTestSuite$0.call(Unknown Source)
	at org.codehaus.groovy.runtime.callsite.CallSiteArray.defaultCall(CallSiteArray.java:48)
	at org.codehaus.groovy.runtime.callsite.AbstractCallSite.call(AbstractCallSite.java:113)
	at org.codehaus.groovy.runtime.callsite.AbstractCallSite.call(AbstractCallSite.java:141)
	at TempTestSuite1544421658505.run(TempTestSuite1544421658505.groovy:36)
	at groovy.lang.GroovyShell.runScriptOrMainOrTestOrRunnable(GroovyShell.java:263)
	at groovy.lang.GroovyShell.run(GroovyShell.java:518)
	at groovy.lang.GroovyShell.run(GroovyShell.java:507)
	at groovy.ui.GroovyMain.processOnce(GroovyMain.java:653)
	at groovy.ui.GroovyMain.run(GroovyMain.java:384)
	at groovy.ui.GroovyMain.process(GroovyMain.java:370)
	at groovy.ui.GroovyMain.processArgs(GroovyMain.java:129)
	at groovy.ui.GroovyMain.main(GroovyMain.java:109)
	at sun.reflect.NativeMethodAccessorImpl.invoke0(Native Method)
	at sun.reflect.NativeMethodAccessorImpl.invoke(NativeMethodAccessorImpl.java:62)
	at sun.reflect.DelegatingMethodAccessorImpl.invoke(DelegatingMethodAccessorImpl.java:43)
	at java.lang.reflect.Method.invoke(Method.java:498)
	at org.codehaus.groovy.tools.GroovyStarter.rootLoader(GroovyStarter.java:109)
	at org.codehaus.groovy.tools.GroovyStarter.main(GroovyStarter.java:131)
)]]></system-err>
   </testsuite>
</testsuites>
