{"devicePlatform":"","logFolder":"E:\\Bonanzha\\katalon Bonanzha\\Reports\\VBZ0013-Change Password\\20181112_174347","runData":{"hostName":"sebastian - Vofox-Sebastian.vofox.com","os":"Windows 10 64bit","katalonVersion":"5.8.6.1","browser":"Chrome 70.0.3538.77","hostAddress":"192.168.10.130","sessionId":"5054669334261c440c5ef259247fd480","seleniumVersion":"3.7.1","proxyInformation":"ProxyInformation{proxyOption\u003dNO_PROXY, proxyServerType\u003dHTTP, password\u003d, proxyServerAddress\u003d, proxyServerPort\u003d0}","platform":"Windows 10"},"type":"TEST_SUITE","name":"VBZ0013-Change Password","id":"Test Suites/VBZ0013-Change Password","source":"","message":"Test Cases/Associate Application/Change Password/TCBA01303 FAILED because (of) (Stack trace: com.kms.katalon.core.exception.StepFailedException: Unable to click on object \u0027Object Repository/Change Password/Page_Home  5-15/span_shinto-test2\u0027 (Root cause: org.openqa.selenium.WebDriverException: unknown error: Element \u003cspan class\u003d\"icon-chevron-down\"\u003e\u003c/span\u003e is not clickable at point (1559, 34). Other element would receive the click: \u003cux-dialog-container style\u003d\"z-index: 999;\" class\u003d\"\"\u003e...\u003c/ux-dialog-container\u003e\n  (Session info: chrome\u003d70.0.3538.77)\n  (Driver info: chromedriver\u003d2.43.600210 (68dcf5eebde37173d4027fa8635e332711d2874a),platform\u003dWindows NT 10.0.17134 x86_64) (WARNING: The server did not provide any stacktrace information)\nCommand duration or timeout: 0 milliseconds\nBuild info: version: \u00273.7.1\u0027, revision: \u00278a0099a\u0027, time: \u00272017-11-06T21:07:36.161Z\u0027\nSystem info: host: \u0027VOFOX-SEBASTIAN\u0027, ip: \u0027192.168.10.130\u0027, os.name: \u0027Windows 10\u0027, os.arch: \u0027amd64\u0027, os.version: \u002710.0\u0027, java.version: \u00271.8.0_181\u0027\nDriver info: com.kms.katalon.selenium.driver.CChromeDriver\nCapabilities {acceptInsecureCerts: false, acceptSslCerts: false, applicationCacheEnabled: false, browserConnectionEnabled: false, browserName: chrome, chrome: {chromedriverVersion: 2.43.600210 (68dcf5eebde371..., userDataDir: C:\\Users\\SEBAST~1.VOF\\AppDa...}, cssSelectorsEnabled: true, databaseEnabled: false, goog:chromeOptions: {debuggerAddress: localhost:63130}, handlesAlerts: true, hasTouchScreen: false, javascriptEnabled: true, locationContextEnabled: true, mobileEmulationEnabled: false, nativeEvents: true, networkConnectionEnabled: false, pageLoadStrategy: normal, platform: XP, platformName: XP, rotatable: false, setWindowRect: true, takesHeapSnapshot: true, takesScreenshot: true, unexpectedAlertBehaviour: , unhandledPromptBehavior: , version: 70.0.3538.77, webStorageEnabled: true}\nSession ID: 5054669334261c440c5ef259247fd480)\r\n\tat com.kms.katalon.core.keyword.internal.KeywordMain.stepFailed(KeywordMain.groovy:36)\r\n\tat com.kms.katalon.core.webui.keyword.internal.WebUIKeywordMain.stepFailed(WebUIKeywordMain.groovy:65)\r\n\tat com.kms.katalon.core.webui.keyword.internal.WebUIKeywordMain.runKeyword(WebUIKeywordMain.groovy:27)\r\n\tat com.kms.katalon.core.webui.keyword.builtin.ClickKeyword.click(ClickKeyword.groovy:86)\r\n\tat com.kms.katalon.core.webui.keyword.builtin.ClickKeyword.execute(ClickKeyword.groovy:67)\r\n\tat com.kms.katalon.core.keyword.internal.KeywordExecutor.executeKeywordForPlatform(KeywordExecutor.groovy:53)\r\n\tat com.kms.katalon.core.webui.keyword.WebUiBuiltInKeywords.click(WebUiBuiltInKeywords.groovy:616)\r\n\tat com.kms.katalon.core.webui.keyword.WebUiBuiltInKeywords$click$4.call(Unknown Source)\r\n\tat org.codehaus.groovy.runtime.callsite.CallSiteArray.defaultCall(CallSiteArray.java:48)\r\n\tat org.codehaus.groovy.runtime.callsite.AbstractCallSite.call(AbstractCallSite.java:113)\r\n\tat org.codehaus.groovy.runtime.callsite.AbstractCallSite.call(AbstractCallSite.java:125)\r\n\tat Script1539260776828.run(Script1539260776828.groovy:25)\r\n\tat com.kms.katalon.core.main.ScriptEngine.run(ScriptEngine.java:183)\r\n\tat com.kms.katalon.core.main.ScriptEngine.runScriptAsRawText(ScriptEngine.java:108)\r\n\tat com.kms.katalon.core.main.TestCaseExecutor.runScript(TestCaseExecutor.java:294)\r\n\tat com.kms.katalon.core.main.TestCaseExecutor.doExecute(TestCaseExecutor.java:285)\r\n\tat com.kms.katalon.core.main.TestCaseExecutor.processExecutionPhase(TestCaseExecutor.java:264)\r\n\tat com.kms.katalon.core.main.TestCaseExecutor.accessMainPhase(TestCaseExecutor.java:256)\r\n\tat com.kms.katalon.core.main.TestCaseExecutor.execute(TestCaseExecutor.java:200)\r\n\tat com.kms.katalon.core.main.TestSuiteExecutor.accessTestCaseMainPhase(TestSuiteExecutor.java:129)\r\n\tat com.kms.katalon.core.main.TestSuiteExecutor.accessTestSuiteMainPhase(TestSuiteExecutor.java:112)\r\n\tat com.kms.katalon.core.main.TestSuiteExecutor.execute(TestSuiteExecutor.java:81)\r\n\tat com.kms.katalon.core.main.TestCaseMain.startTestSuite(TestCaseMain.java:142)\r\n\tat com.kms.katalon.core.main.TestCaseMain$startTestSuite$0.call(Unknown Source)\r\n\tat org.codehaus.groovy.runtime.callsite.CallSiteArray.defaultCall(CallSiteArray.java:48)\r\n\tat org.codehaus.groovy.runtime.callsite.AbstractCallSite.call(AbstractCallSite.java:113)\r\n\tat org.codehaus.groovy.runtime.callsite.AbstractCallSite.call(AbstractCallSite.java:141)\r\n\tat TempTestSuite1542024827402.run(TempTestSuite1542024827402.groovy:36)\r\n\tat groovy.lang.GroovyShell.runScriptOrMainOrTestOrRunnable(GroovyShell.java:263)\r\n\tat groovy.lang.GroovyShell.run(GroovyShell.java:518)\r\n\tat groovy.lang.GroovyShell.run(GroovyShell.java:507)\r\n\tat groovy.ui.GroovyMain.processOnce(GroovyMain.java:653)\r\n\tat groovy.ui.GroovyMain.run(GroovyMain.java:384)\r\n\tat groovy.ui.GroovyMain.process(GroovyMain.java:370)\r\n\tat groovy.ui.GroovyMain.processArgs(GroovyMain.java:129)\r\n\tat groovy.ui.GroovyMain.main(GroovyMain.java:109)\r\n\tat sun.reflect.NativeMethodAccessorImpl.invoke0(Native Method)\r\n\tat sun.reflect.NativeMethodAccessorImpl.invoke(NativeMethodAccessorImpl.java:62)\r\n\tat sun.reflect.DelegatingMethodAccessorImpl.invoke(DelegatingMethodAccessorImpl.java:43)\r\n\tat java.lang.reflect.Method.invoke(Method.java:498)\r\n\tat org.codehaus.groovy.tools.GroovyStarter.rootLoader(GroovyStarter.java:109)\r\n\tat org.codehaus.groovy.tools.GroovyStarter.main(GroovyStarter.java:131)\r\n)","description":"","startTime":1542024829463,"endTime":1542024868510,"childRecords":[{"isOptional":false,"type":"TEST_CASE","name":"Test Cases/Associate Application/Change Password/TCBA01301","id":"Test Cases/Associate Application/Change Password/TCBA01301","source":"E:\\\\Bonanzha\\\\katalon Bonanzha\\\\Test Cases\\\\Associate Application\\\\Change Password\\\\TCBA01301.tc","message":"Test Cases/Associate Application/Change Password/TCBA01301","description":"","startTime":1542024830257,"endTime":1542024843737,"childRecords":[{"testStatus":{"stackTrace":"","statusValue":"INFO"},"type":"MESSAGE","name":"","message":"Evaluating variables for test case","startTime":1542024830296,"endTime":0,"childRecords":[],"interuppted":false},{"index":1,"isIgnoredIfFailed":false,"type":"TEST_STEP","name":"openBrowser","message":"Browser is opened with url: \u0027\u0027","description":"","startTime":1542024830734,"endTime":1542024834371,"childRecords":[{"testStatus":{"stackTrace":"","statusValue":"PASSED"},"type":"MESSAGE","name":"","message":"Browser is opened with url: \u0027\u0027","startTime":1542024834370,"endTime":0,"childRecords":[],"interuppted":false}],"interuppted":false},{"index":2,"isIgnoredIfFailed":false,"type":"TEST_STEP","name":"maximizeWindow","message":"Current window maximized","description":"","startTime":1542024834371,"endTime":1542024835518,"childRecords":[{"testStatus":{"stackTrace":"","statusValue":"PASSED"},"type":"MESSAGE","name":"","message":"Current window maximized","startTime":1542024835518,"endTime":0,"childRecords":[],"interuppted":false}],"interuppted":false},{"index":3,"isIgnoredIfFailed":false,"type":"TEST_STEP","name":"navigateToUrl","message":"Navigate to \u0027https://192.168.10.72/#/login\u0027 successfully","description":"","startTime":1542024835519,"endTime":1542024838801,"childRecords":[{"testStatus":{"stackTrace":"","statusValue":"PASSED"},"type":"MESSAGE","name":"","message":"Navigate to \u0027https://192.168.10.72/#/login\u0027 successfully","startTime":1542024838799,"endTime":0,"childRecords":[],"interuppted":false}],"interuppted":false},{"index":4,"isIgnoredIfFailed":false,"type":"TEST_STEP","name":"setText","message":"Text \u0027Shinto-Test2\u0027 is set on object \u0027Object Repository/Page_Log In  5-15/input_txtUserName\u0027","description":"","startTime":1542024838802,"endTime":1542024839477,"childRecords":[{"testStatus":{"stackTrace":"","statusValue":"PASSED"},"type":"MESSAGE","name":"","message":"Text \u0027Shinto-Test2\u0027 is set on object \u0027Object Repository/Page_Log In  5-15/input_txtUserName\u0027","startTime":1542024839476,"endTime":0,"childRecords":[],"interuppted":false}],"interuppted":false},{"index":5,"isIgnoredIfFailed":false,"type":"TEST_STEP","name":"setEncryptedText","message":"Text ****** has been set on object \u0027Object Repository/Page_Log In  5-15/input_txtPassword\u0027","description":"","startTime":1542024839477,"endTime":1542024839837,"childRecords":[{"testStatus":{"stackTrace":"","statusValue":"PASSED"},"type":"MESSAGE","name":"","message":"Text ****** has been set on object \u0027Object Repository/Page_Log In  5-15/input_txtPassword\u0027","startTime":1542024839836,"endTime":0,"childRecords":[],"interuppted":false}],"interuppted":false},{"index":6,"isIgnoredIfFailed":false,"type":"TEST_STEP","name":"click","message":"Object: \u0027Object Repository/Page_Log In  5-15/button_Log in\u0027 is clicked on","description":"","startTime":1542024839838,"endTime":1542024839991,"childRecords":[{"testStatus":{"stackTrace":"","statusValue":"PASSED"},"type":"MESSAGE","name":"","message":"Object: \u0027Object Repository/Page_Log In  5-15/button_Log in\u0027 is clicked on","startTime":1542024839990,"endTime":0,"childRecords":[],"interuppted":false}],"interuppted":false},{"index":7,"isIgnoredIfFailed":false,"type":"TEST_STEP","name":"click","message":"Object: \u0027Object Repository/Change Password/Page_Home  5-15/span_shinto-test2\u0027 is clicked on","description":"","startTime":1542024839992,"endTime":1542024843651,"childRecords":[{"testStatus":{"stackTrace":"","statusValue":"PASSED"},"type":"MESSAGE","name":"","message":"Object: \u0027Object Repository/Change Password/Page_Home  5-15/span_shinto-test2\u0027 is clicked on","startTime":1542024843650,"endTime":0,"childRecords":[],"interuppted":false}],"interuppted":false},{"index":8,"isIgnoredIfFailed":false,"type":"TEST_STEP","name":"verifyElementText","message":"Actual text and expected text of test object \u0027Object Repository/Change Password/Page_Home  5-15/span_Change Password\u0027 are matched.","description":"","startTime":1542024843651,"endTime":1542024843736,"childRecords":[{"testStatus":{"stackTrace":"","statusValue":"PASSED"},"type":"MESSAGE","name":"","message":"Actual text and expected text of test object \u0027Object Repository/Change Password/Page_Home  5-15/span_Change Password\u0027 are matched.","startTime":1542024843735,"endTime":0,"childRecords":[],"interuppted":false}],"interuppted":false},{"testStatus":{"stackTrace":"","statusValue":"PASSED"},"type":"MESSAGE","name":"","message":"Test Cases/Associate Application/Change Password/TCBA01301","startTime":1542024843736,"endTime":0,"childRecords":[],"interuppted":false}],"interuppted":false},{"isOptional":false,"type":"TEST_CASE","name":"Test Cases/Associate Application/Change Password/TCBA01302","id":"Test Cases/Associate Application/Change Password/TCBA01302","source":"E:\\\\Bonanzha\\\\katalon Bonanzha\\\\Test Cases\\\\Associate Application\\\\Change Password\\\\TCBA01302.tc","message":"Test Cases/Associate Application/Change Password/TCBA01302","description":"","startTime":1542024843741,"endTime":1542024850411,"childRecords":[{"testStatus":{"stackTrace":"","statusValue":"INFO"},"type":"MESSAGE","name":"","message":"Evaluating variables for test case","startTime":1542024843763,"endTime":0,"childRecords":[],"interuppted":false},{"index":1,"isIgnoredIfFailed":false,"type":"TEST_STEP","name":"click","message":"Object: \u0027Object Repository/Change Password/Page_Home  5-15/span_shinto-test2\u0027 is clicked on","description":"","startTime":1542024844018,"endTime":1542024844099,"childRecords":[{"testStatus":{"stackTrace":"","statusValue":"PASSED"},"type":"MESSAGE","name":"","message":"Object: \u0027Object Repository/Change Password/Page_Home  5-15/span_shinto-test2\u0027 is clicked on","startTime":1542024844098,"endTime":0,"childRecords":[],"interuppted":false}],"interuppted":false},{"index":2,"isIgnoredIfFailed":false,"type":"TEST_STEP","name":"delay","message":"Delayed 5 second(s)","description":"","startTime":1542024844099,"endTime":1542024849129,"childRecords":[{"testStatus":{"stackTrace":"","statusValue":"PASSED"},"type":"MESSAGE","name":"","message":"Delayed 5 second(s)","startTime":1542024849128,"endTime":0,"childRecords":[],"interuppted":false}],"interuppted":false},{"index":3,"isIgnoredIfFailed":false,"type":"TEST_STEP","name":"click","message":"Object: \u0027Object Repository/Change Password/Page_Home  5-15/span_shinto-test2\u0027 is clicked on","description":"","startTime":1542024849129,"endTime":1542024849248,"childRecords":[{"testStatus":{"stackTrace":"","statusValue":"PASSED"},"type":"MESSAGE","name":"","message":"Object: \u0027Object Repository/Change Password/Page_Home  5-15/span_shinto-test2\u0027 is clicked on","startTime":1542024849247,"endTime":0,"childRecords":[],"interuppted":false}],"interuppted":false},{"index":4,"isIgnoredIfFailed":false,"type":"TEST_STEP","name":"click","message":"Object: \u0027Object Repository/Change Password/Page_Home  5-15/span_Change Password\u0027 is clicked on","description":"","startTime":1542024849249,"endTime":1542024849446,"childRecords":[{"testStatus":{"stackTrace":"","statusValue":"PASSED"},"type":"MESSAGE","name":"","message":"Object: \u0027Object Repository/Change Password/Page_Home  5-15/span_Change Password\u0027 is clicked on","startTime":1542024849445,"endTime":0,"childRecords":[],"interuppted":false}],"interuppted":false},{"index":5,"isIgnoredIfFailed":false,"type":"TEST_STEP","name":"verifyElementText","message":"Actual text and expected text of test object \u0027Object Repository/Change Password/Page_Home  5-15/Change Pwd Text Label\u0027 are matched.","description":"","startTime":1542024849447,"endTime":1542024849535,"childRecords":[{"testStatus":{"stackTrace":"","statusValue":"PASSED"},"type":"MESSAGE","name":"","message":"Actual text and expected text of test object \u0027Object Repository/Change Password/Page_Home  5-15/Change Pwd Text Label\u0027 are matched.","startTime":1542024849534,"endTime":0,"childRecords":[],"interuppted":false}],"interuppted":false},{"index":6,"isIgnoredIfFailed":false,"type":"TEST_STEP","name":"verifyElementText","message":"Actual text and expected text of test object \u0027Object Repository/Change Password/Page_Home  5-15/label_Input current Password\u0027 are matched.","description":"","startTime":1542024849536,"endTime":1542024849623,"childRecords":[{"testStatus":{"stackTrace":"","statusValue":"PASSED"},"type":"MESSAGE","name":"","message":"Actual text and expected text of test object \u0027Object Repository/Change Password/Page_Home  5-15/label_Input current Password\u0027 are matched.","startTime":1542024849622,"endTime":0,"childRecords":[],"interuppted":false}],"interuppted":false},{"index":7,"isIgnoredIfFailed":false,"type":"TEST_STEP","name":"verifyElementText","message":"Actual text and expected text of test object \u0027Object Repository/Change Password/Page_Home  5-15/label_Input new password\u0027 are matched.","description":"","startTime":1542024849623,"endTime":1542024849696,"childRecords":[{"testStatus":{"stackTrace":"","statusValue":"PASSED"},"type":"MESSAGE","name":"","message":"Actual text and expected text of test object \u0027Object Repository/Change Password/Page_Home  5-15/label_Input new password\u0027 are matched.","startTime":1542024849694,"endTime":0,"childRecords":[],"interuppted":false}],"interuppted":false},{"index":8,"isIgnoredIfFailed":false,"type":"TEST_STEP","name":"verifyElementText","message":"Actual text and expected text of test object \u0027Object Repository/Change Password/Page_Home  5-15/label_Confirm new password\u0027 are matched.","description":"","startTime":1542024849696,"endTime":1542024849790,"childRecords":[{"testStatus":{"stackTrace":"","statusValue":"PASSED"},"type":"MESSAGE","name":"","message":"Actual text and expected text of test object \u0027Object Repository/Change Password/Page_Home  5-15/label_Confirm new password\u0027 are matched.","startTime":1542024849789,"endTime":0,"childRecords":[],"interuppted":false}],"interuppted":false},{"index":9,"isIgnoredIfFailed":false,"type":"TEST_STEP","name":"verifyElementText","message":"Actual text and expected text of test object \u0027Object Repository/Change Password/Page_Home  5-15/span_Update\u0027 are matched.","description":"","startTime":1542024849790,"endTime":1542024849874,"childRecords":[{"testStatus":{"stackTrace":"","statusValue":"PASSED"},"type":"MESSAGE","name":"","message":"Actual text and expected text of test object \u0027Object Repository/Change Password/Page_Home  5-15/span_Update\u0027 are matched.","startTime":1542024849873,"endTime":0,"childRecords":[],"interuppted":false}],"interuppted":false},{"index":10,"isIgnoredIfFailed":false,"type":"TEST_STEP","name":"click","message":"Object: \u0027Object Repository/Change Password/Page_Home  5-15/span_Update\u0027 is clicked on","description":"","startTime":1542024849875,"endTime":1542024849981,"childRecords":[{"testStatus":{"stackTrace":"","statusValue":"PASSED"},"type":"MESSAGE","name":"","message":"Object: \u0027Object Repository/Change Password/Page_Home  5-15/span_Update\u0027 is clicked on","startTime":1542024849981,"endTime":0,"childRecords":[],"interuppted":false}],"interuppted":false},{"index":11,"isIgnoredIfFailed":false,"type":"TEST_STEP","name":"verifyElementText","message":"Actual text and expected text of test object \u0027Object Repository/Change Password/Page_Home  5-15/label_Input current Password\u0027 are matched.","description":"","startTime":1542024849982,"endTime":1542024850027,"childRecords":[{"testStatus":{"stackTrace":"","statusValue":"PASSED"},"type":"MESSAGE","name":"","message":"Actual text and expected text of test object \u0027Object Repository/Change Password/Page_Home  5-15/label_Input current Password\u0027 are matched.","startTime":1542024850026,"endTime":0,"childRecords":[],"interuppted":false}],"interuppted":false},{"index":12,"isIgnoredIfFailed":false,"type":"TEST_STEP","name":"verifyElementText","message":"Actual text and expected text of test object \u0027Object Repository/Change Password/Page_Home  5-15/p_is required\u0027 are matched.","description":"","startTime":1542024850027,"endTime":1542024850102,"childRecords":[{"testStatus":{"stackTrace":"","statusValue":"PASSED"},"type":"MESSAGE","name":"","message":"Actual text and expected text of test object \u0027Object Repository/Change Password/Page_Home  5-15/p_is required\u0027 are matched.","startTime":1542024850101,"endTime":0,"childRecords":[],"interuppted":false}],"interuppted":false},{"index":13,"isIgnoredIfFailed":false,"type":"TEST_STEP","name":"verifyElementText","message":"Actual text and expected text of test object \u0027Object Repository/Change Password/Page_Home  5-15/label_Input new password\u0027 are matched.","description":"","startTime":1542024850102,"endTime":1542024850141,"childRecords":[{"testStatus":{"stackTrace":"","statusValue":"PASSED"},"type":"MESSAGE","name":"","message":"Actual text and expected text of test object \u0027Object Repository/Change Password/Page_Home  5-15/label_Input new password\u0027 are matched.","startTime":1542024850140,"endTime":0,"childRecords":[],"interuppted":false}],"interuppted":false},{"index":14,"isIgnoredIfFailed":false,"type":"TEST_STEP","name":"verifyElementText","message":"Actual text and expected text of test object \u0027Object Repository/Change Password/Page_Home  5-15/p_is required_1\u0027 are matched.","description":"","startTime":1542024850142,"endTime":1542024850204,"childRecords":[{"testStatus":{"stackTrace":"","statusValue":"PASSED"},"type":"MESSAGE","name":"","message":"Actual text and expected text of test object \u0027Object Repository/Change Password/Page_Home  5-15/p_is required_1\u0027 are matched.","startTime":1542024850203,"endTime":0,"childRecords":[],"interuppted":false}],"interuppted":false},{"index":15,"isIgnoredIfFailed":false,"type":"TEST_STEP","name":"verifyElementText","message":"Actual text and expected text of test object \u0027Object Repository/Change Password/Page_Home  5-15/label_Confirm new password\u0027 are matched.","description":"","startTime":1542024850204,"endTime":1542024850246,"childRecords":[{"testStatus":{"stackTrace":"","statusValue":"PASSED"},"type":"MESSAGE","name":"","message":"Actual text and expected text of test object \u0027Object Repository/Change Password/Page_Home  5-15/label_Confirm new password\u0027 are matched.","startTime":1542024850245,"endTime":0,"childRecords":[],"interuppted":false}],"interuppted":false},{"index":16,"isIgnoredIfFailed":false,"type":"TEST_STEP","name":"verifyElementText","message":"Actual text and expected text of test object \u0027Object Repository/Change Password/Page_Home  5-15/p_is required_2\u0027 are matched.","description":"","startTime":1542024850246,"endTime":1542024850300,"childRecords":[{"testStatus":{"stackTrace":"","statusValue":"PASSED"},"type":"MESSAGE","name":"","message":"Actual text and expected text of test object \u0027Object Repository/Change Password/Page_Home  5-15/p_is required_2\u0027 are matched.","startTime":1542024850299,"endTime":0,"childRecords":[],"interuppted":false}],"interuppted":false},{"index":17,"isIgnoredIfFailed":false,"type":"TEST_STEP","name":"click","message":"Object: \u0027Object Repository/Change Password/Page_Home  5-15/span_Update\u0027 is clicked on","description":"","startTime":1542024850300,"endTime":1542024850360,"childRecords":[{"testStatus":{"stackTrace":"","statusValue":"PASSED"},"type":"MESSAGE","name":"","message":"Object: \u0027Object Repository/Change Password/Page_Home  5-15/span_Update\u0027 is clicked on","startTime":1542024850359,"endTime":0,"childRecords":[],"interuppted":false}],"interuppted":false},{"index":18,"isIgnoredIfFailed":false,"type":"TEST_STEP","name":"verifyElementText","message":"Actual text and expected text of test object \u0027Object Repository/Change Password/Page_Home  5-15/span_Cancel\u0027 are matched.","description":"","startTime":1542024850360,"endTime":1542024850410,"childRecords":[{"testStatus":{"stackTrace":"","statusValue":"PASSED"},"type":"MESSAGE","name":"","message":"Actual text and expected text of test object \u0027Object Repository/Change Password/Page_Home  5-15/span_Cancel\u0027 are matched.","startTime":1542024850410,"endTime":0,"childRecords":[],"interuppted":false}],"interuppted":false},{"testStatus":{"stackTrace":"","statusValue":"PASSED"},"type":"MESSAGE","name":"","message":"Test Cases/Associate Application/Change Password/TCBA01302","startTime":1542024850411,"endTime":0,"childRecords":[],"interuppted":false}],"interuppted":false},{"isOptional":false,"type":"TEST_CASE","name":"Test Cases/Associate Application/Change Password/TCBA01303","id":"Test Cases/Associate Application/Change Password/TCBA01303","source":"E:\\\\Bonanzha\\\\katalon Bonanzha\\\\Test Cases\\\\Associate Application\\\\Change Password\\\\TCBA01303.tc","message":"Test Cases/Associate Application/Change Password/TCBA01303 FAILED because (of) (Stack trace: com.kms.katalon.core.exception.StepFailedException: Unable to click on object \u0027Object Repository/Change Password/Page_Home  5-15/span_shinto-test2\u0027 (Root cause: org.openqa.selenium.WebDriverException: unknown error: Element \u003cspan class\u003d\"icon-chevron-down\"\u003e\u003c/span\u003e is not clickable at point (1559, 34). Other element would receive the click: \u003cux-dialog-container style\u003d\"z-index: 999;\" class\u003d\"\"\u003e...\u003c/ux-dialog-container\u003e\n  (Session info: chrome\u003d70.0.3538.77)\n  (Driver info: chromedriver\u003d2.43.600210 (68dcf5eebde37173d4027fa8635e332711d2874a),platform\u003dWindows NT 10.0.17134 x86_64) (WARNING: The server did not provide any stacktrace information)\nCommand duration or timeout: 0 milliseconds\nBuild info: version: \u00273.7.1\u0027, revision: \u00278a0099a\u0027, time: \u00272017-11-06T21:07:36.161Z\u0027\nSystem info: host: \u0027VOFOX-SEBASTIAN\u0027, ip: \u0027192.168.10.130\u0027, os.name: \u0027Windows 10\u0027, os.arch: \u0027amd64\u0027, os.version: \u002710.0\u0027, java.version: \u00271.8.0_181\u0027\nDriver info: com.kms.katalon.selenium.driver.CChromeDriver\nCapabilities {acceptInsecureCerts: false, acceptSslCerts: false, applicationCacheEnabled: false, browserConnectionEnabled: false, browserName: chrome, chrome: {chromedriverVersion: 2.43.600210 (68dcf5eebde371..., userDataDir: C:\\Users\\SEBAST~1.VOF\\AppDa...}, cssSelectorsEnabled: true, databaseEnabled: false, goog:chromeOptions: {debuggerAddress: localhost:63130}, handlesAlerts: true, hasTouchScreen: false, javascriptEnabled: true, locationContextEnabled: true, mobileEmulationEnabled: false, nativeEvents: true, networkConnectionEnabled: false, pageLoadStrategy: normal, platform: XP, platformName: XP, rotatable: false, setWindowRect: true, takesHeapSnapshot: true, takesScreenshot: true, unexpectedAlertBehaviour: , unhandledPromptBehavior: , version: 70.0.3538.77, webStorageEnabled: true}\nSession ID: 5054669334261c440c5ef259247fd480)\r\n\tat com.kms.katalon.core.keyword.internal.KeywordMain.stepFailed(KeywordMain.groovy:36)\r\n\tat com.kms.katalon.core.webui.keyword.internal.WebUIKeywordMain.stepFailed(WebUIKeywordMain.groovy:65)\r\n\tat com.kms.katalon.core.webui.keyword.internal.WebUIKeywordMain.runKeyword(WebUIKeywordMain.groovy:27)\r\n\tat com.kms.katalon.core.webui.keyword.builtin.ClickKeyword.click(ClickKeyword.groovy:86)\r\n\tat com.kms.katalon.core.webui.keyword.builtin.ClickKeyword.execute(ClickKeyword.groovy:67)\r\n\tat com.kms.katalon.core.keyword.internal.KeywordExecutor.executeKeywordForPlatform(KeywordExecutor.groovy:53)\r\n\tat com.kms.katalon.core.webui.keyword.WebUiBuiltInKeywords.click(WebUiBuiltInKeywords.groovy:616)\r\n\tat com.kms.katalon.core.webui.keyword.WebUiBuiltInKeywords$click$4.call(Unknown Source)\r\n\tat org.codehaus.groovy.runtime.callsite.CallSiteArray.defaultCall(CallSiteArray.java:48)\r\n\tat org.codehaus.groovy.runtime.callsite.AbstractCallSite.call(AbstractCallSite.java:113)\r\n\tat org.codehaus.groovy.runtime.callsite.AbstractCallSite.call(AbstractCallSite.java:125)\r\n\tat Script1539260776828.run(Script1539260776828.groovy:25)\r\n\tat com.kms.katalon.core.main.ScriptEngine.run(ScriptEngine.java:183)\r\n\tat com.kms.katalon.core.main.ScriptEngine.runScriptAsRawText(ScriptEngine.java:108)\r\n\tat com.kms.katalon.core.main.TestCaseExecutor.runScript(TestCaseExecutor.java:294)\r\n\tat com.kms.katalon.core.main.TestCaseExecutor.doExecute(TestCaseExecutor.java:285)\r\n\tat com.kms.katalon.core.main.TestCaseExecutor.processExecutionPhase(TestCaseExecutor.java:264)\r\n\tat com.kms.katalon.core.main.TestCaseExecutor.accessMainPhase(TestCaseExecutor.java:256)\r\n\tat com.kms.katalon.core.main.TestCaseExecutor.execute(TestCaseExecutor.java:200)\r\n\tat com.kms.katalon.core.main.TestSuiteExecutor.accessTestCaseMainPhase(TestSuiteExecutor.java:129)\r\n\tat com.kms.katalon.core.main.TestSuiteExecutor.accessTestSuiteMainPhase(TestSuiteExecutor.java:112)\r\n\tat com.kms.katalon.core.main.TestSuiteExecutor.execute(TestSuiteExecutor.java:81)\r\n\tat com.kms.katalon.core.main.TestCaseMain.startTestSuite(TestCaseMain.java:142)\r\n\tat com.kms.katalon.core.main.TestCaseMain$startTestSuite$0.call(Unknown Source)\r\n\tat org.codehaus.groovy.runtime.callsite.CallSiteArray.defaultCall(CallSiteArray.java:48)\r\n\tat org.codehaus.groovy.runtime.callsite.AbstractCallSite.call(AbstractCallSite.java:113)\r\n\tat org.codehaus.groovy.runtime.callsite.AbstractCallSite.call(AbstractCallSite.java:141)\r\n\tat TempTestSuite1542024827402.run(TempTestSuite1542024827402.groovy:36)\r\n\tat groovy.lang.GroovyShell.runScriptOrMainOrTestOrRunnable(GroovyShell.java:263)\r\n\tat groovy.lang.GroovyShell.run(GroovyShell.java:518)\r\n\tat groovy.lang.GroovyShell.run(GroovyShell.java:507)\r\n\tat groovy.ui.GroovyMain.processOnce(GroovyMain.java:653)\r\n\tat groovy.ui.GroovyMain.run(GroovyMain.java:384)\r\n\tat groovy.ui.GroovyMain.process(GroovyMain.java:370)\r\n\tat groovy.ui.GroovyMain.processArgs(GroovyMain.java:129)\r\n\tat groovy.ui.GroovyMain.main(GroovyMain.java:109)\r\n\tat sun.reflect.NativeMethodAccessorImpl.invoke0(Native Method)\r\n\tat sun.reflect.NativeMethodAccessorImpl.invoke(NativeMethodAccessorImpl.java:62)\r\n\tat sun.reflect.DelegatingMethodAccessorImpl.invoke(DelegatingMethodAccessorImpl.java:43)\r\n\tat java.lang.reflect.Method.invoke(Method.java:498)\r\n\tat org.codehaus.groovy.tools.GroovyStarter.rootLoader(GroovyStarter.java:109)\r\n\tat org.codehaus.groovy.tools.GroovyStarter.main(GroovyStarter.java:131)\r\n)","description":"","startTime":1542024850413,"endTime":1542024851366,"childRecords":[{"testStatus":{"stackTrace":"","statusValue":"INFO"},"type":"MESSAGE","name":"","message":"Evaluating variables for test case","startTime":1542024850461,"endTime":0,"childRecords":[],"interuppted":false},{"index":1,"isIgnoredIfFailed":false,"type":"TEST_STEP","name":"click","message":"Object: \u0027Object Repository/Change Password/Page_Home  5-15/span_Cancel\u0027 is clicked on","description":"","startTime":1542024850714,"endTime":1542024850800,"childRecords":[{"testStatus":{"stackTrace":"","statusValue":"PASSED"},"type":"MESSAGE","name":"","message":"Object: \u0027Object Repository/Change Password/Page_Home  5-15/span_Cancel\u0027 is clicked on","startTime":1542024850799,"endTime":0,"childRecords":[],"interuppted":false}],"interuppted":false},{"attachment":"1542024850945.png","index":2,"isIgnoredIfFailed":false,"type":"TEST_STEP","name":"click","message":"Unable to click on object \u0027Object Repository/Change Password/Page_Home  5-15/span_shinto-test2\u0027 (Root cause: org.openqa.selenium.WebDriverException: unknown error: Element \u003cspan class\u003d\"icon-chevron-down\"\u003e\u003c/span\u003e is not clickable at point (1559, 34). Other element would receive the click: \u003cux-dialog-container style\u003d\"z-index: 999;\" class\u003d\"\"\u003e...\u003c/ux-dialog-container\u003e\n  (Session info: chrome\u003d70.0.3538.77)\n  (Driver info: chromedriver\u003d2.43.600210 (68dcf5eebde37173d4027fa8635e332711d2874a),platform\u003dWindows NT 10.0.17134 x86_64) (WARNING: The server did not provide any stacktrace information)\nCommand duration or timeout: 0 milliseconds\nBuild info: version: \u00273.7.1\u0027, revision: \u00278a0099a\u0027, time: \u00272017-11-06T21:07:36.161Z\u0027\nSystem info: host: \u0027VOFOX-SEBASTIAN\u0027, ip: \u0027192.168.10.130\u0027, os.name: \u0027Windows 10\u0027, os.arch: \u0027amd64\u0027, os.version: \u002710.0\u0027, java.version: \u00271.8.0_181\u0027\nDriver info: com.kms.katalon.selenium.driver.CChromeDriver\nCapabilities {acceptInsecureCerts: false, acceptSslCerts: false, applicationCacheEnabled: false, browserConnectionEnabled: false, browserName: chrome, chrome: {chromedriverVersion: 2.43.600210 (68dcf5eebde371..., userDataDir: C:\\Users\\SEBAST~1.VOF\\AppDa...}, cssSelectorsEnabled: true, databaseEnabled: false, goog:chromeOptions: {debuggerAddress: localhost:63130}, handlesAlerts: true, hasTouchScreen: false, javascriptEnabled: true, locationContextEnabled: true, mobileEmulationEnabled: false, nativeEvents: true, networkConnectionEnabled: false, pageLoadStrategy: normal, platform: XP, platformName: XP, rotatable: false, setWindowRect: true, takesHeapSnapshot: true, takesScreenshot: true, unexpectedAlertBehaviour: , unhandledPromptBehavior: , version: 70.0.3538.77, webStorageEnabled: true}\nSession ID: 5054669334261c440c5ef259247fd480)","description":"","startTime":1542024850800,"endTime":1542024851344,"childRecords":[{"testStatus":{"stackTrace":"","statusValue":"FAILED"},"attachment":"1542024850945.png","type":"MESSAGE","name":"","message":"Unable to click on object \u0027Object Repository/Change Password/Page_Home  5-15/span_shinto-test2\u0027 (Root cause: org.openqa.selenium.WebDriverException: unknown error: Element \u003cspan class\u003d\"icon-chevron-down\"\u003e\u003c/span\u003e is not clickable at point (1559, 34). Other element would receive the click: \u003cux-dialog-container style\u003d\"z-index: 999;\" class\u003d\"\"\u003e...\u003c/ux-dialog-container\u003e\n  (Session info: chrome\u003d70.0.3538.77)\n  (Driver info: chromedriver\u003d2.43.600210 (68dcf5eebde37173d4027fa8635e332711d2874a),platform\u003dWindows NT 10.0.17134 x86_64) (WARNING: The server did not provide any stacktrace information)\nCommand duration or timeout: 0 milliseconds\nBuild info: version: \u00273.7.1\u0027, revision: \u00278a0099a\u0027, time: \u00272017-11-06T21:07:36.161Z\u0027\nSystem info: host: \u0027VOFOX-SEBASTIAN\u0027, ip: \u0027192.168.10.130\u0027, os.name: \u0027Windows 10\u0027, os.arch: \u0027amd64\u0027, os.version: \u002710.0\u0027, java.version: \u00271.8.0_181\u0027\nDriver info: com.kms.katalon.selenium.driver.CChromeDriver\nCapabilities {acceptInsecureCerts: false, acceptSslCerts: false, applicationCacheEnabled: false, browserConnectionEnabled: false, browserName: chrome, chrome: {chromedriverVersion: 2.43.600210 (68dcf5eebde371..., userDataDir: C:\\Users\\SEBAST~1.VOF\\AppDa...}, cssSelectorsEnabled: true, databaseEnabled: false, goog:chromeOptions: {debuggerAddress: localhost:63130}, handlesAlerts: true, hasTouchScreen: false, javascriptEnabled: true, locationContextEnabled: true, mobileEmulationEnabled: false, nativeEvents: true, networkConnectionEnabled: false, pageLoadStrategy: normal, platform: XP, platformName: XP, rotatable: false, setWindowRect: true, takesHeapSnapshot: true, takesScreenshot: true, unexpectedAlertBehaviour: , unhandledPromptBehavior: , version: 70.0.3538.77, webStorageEnabled: true}\nSession ID: 5054669334261c440c5ef259247fd480)","startTime":1542024851342,"endTime":0,"childRecords":[],"interuppted":false}],"interuppted":false},{"testStatus":{"stackTrace":"","statusValue":"FAILED"},"type":"MESSAGE","name":"","message":"Test Cases/Associate Application/Change Password/TCBA01303 FAILED because (of) (Stack trace: com.kms.katalon.core.exception.StepFailedException: Unable to click on object \u0027Object Repository/Change Password/Page_Home  5-15/span_shinto-test2\u0027 (Root cause: org.openqa.selenium.WebDriverException: unknown error: Element \u003cspan class\u003d\"icon-chevron-down\"\u003e\u003c/span\u003e is not clickable at point (1559, 34). Other element would receive the click: \u003cux-dialog-container style\u003d\"z-index: 999;\" class\u003d\"\"\u003e...\u003c/ux-dialog-container\u003e\n  (Session info: chrome\u003d70.0.3538.77)\n  (Driver info: chromedriver\u003d2.43.600210 (68dcf5eebde37173d4027fa8635e332711d2874a),platform\u003dWindows NT 10.0.17134 x86_64) (WARNING: The server did not provide any stacktrace information)\nCommand duration or timeout: 0 milliseconds\nBuild info: version: \u00273.7.1\u0027, revision: \u00278a0099a\u0027, time: \u00272017-11-06T21:07:36.161Z\u0027\nSystem info: host: \u0027VOFOX-SEBASTIAN\u0027, ip: \u0027192.168.10.130\u0027, os.name: \u0027Windows 10\u0027, os.arch: \u0027amd64\u0027, os.version: \u002710.0\u0027, java.version: \u00271.8.0_181\u0027\nDriver info: com.kms.katalon.selenium.driver.CChromeDriver\nCapabilities {acceptInsecureCerts: false, acceptSslCerts: false, applicationCacheEnabled: false, browserConnectionEnabled: false, browserName: chrome, chrome: {chromedriverVersion: 2.43.600210 (68dcf5eebde371..., userDataDir: C:\\Users\\SEBAST~1.VOF\\AppDa...}, cssSelectorsEnabled: true, databaseEnabled: false, goog:chromeOptions: {debuggerAddress: localhost:63130}, handlesAlerts: true, hasTouchScreen: false, javascriptEnabled: true, locationContextEnabled: true, mobileEmulationEnabled: false, nativeEvents: true, networkConnectionEnabled: false, pageLoadStrategy: normal, platform: XP, platformName: XP, rotatable: false, setWindowRect: true, takesHeapSnapshot: true, takesScreenshot: true, unexpectedAlertBehaviour: , unhandledPromptBehavior: , version: 70.0.3538.77, webStorageEnabled: true}\nSession ID: 5054669334261c440c5ef259247fd480)\r\n\tat com.kms.katalon.core.keyword.internal.KeywordMain.stepFailed(KeywordMain.groovy:36)\r\n\tat com.kms.katalon.core.webui.keyword.internal.WebUIKeywordMain.stepFailed(WebUIKeywordMain.groovy:65)\r\n\tat com.kms.katalon.core.webui.keyword.internal.WebUIKeywordMain.runKeyword(WebUIKeywordMain.groovy:27)\r\n\tat com.kms.katalon.core.webui.keyword.builtin.ClickKeyword.click(ClickKeyword.groovy:86)\r\n\tat com.kms.katalon.core.webui.keyword.builtin.ClickKeyword.execute(ClickKeyword.groovy:67)\r\n\tat com.kms.katalon.core.keyword.internal.KeywordExecutor.executeKeywordForPlatform(KeywordExecutor.groovy:53)\r\n\tat com.kms.katalon.core.webui.keyword.WebUiBuiltInKeywords.click(WebUiBuiltInKeywords.groovy:616)\r\n\tat com.kms.katalon.core.webui.keyword.WebUiBuiltInKeywords$click$4.call(Unknown Source)\r\n\tat org.codehaus.groovy.runtime.callsite.CallSiteArray.defaultCall(CallSiteArray.java:48)\r\n\tat org.codehaus.groovy.runtime.callsite.AbstractCallSite.call(AbstractCallSite.java:113)\r\n\tat org.codehaus.groovy.runtime.callsite.AbstractCallSite.call(AbstractCallSite.java:125)\r\n\tat Script1539260776828.run(Script1539260776828.groovy:25)\r\n\tat com.kms.katalon.core.main.ScriptEngine.run(ScriptEngine.java:183)\r\n\tat com.kms.katalon.core.main.ScriptEngine.runScriptAsRawText(ScriptEngine.java:108)\r\n\tat com.kms.katalon.core.main.TestCaseExecutor.runScript(TestCaseExecutor.java:294)\r\n\tat com.kms.katalon.core.main.TestCaseExecutor.doExecute(TestCaseExecutor.java:285)\r\n\tat com.kms.katalon.core.main.TestCaseExecutor.processExecutionPhase(TestCaseExecutor.java:264)\r\n\tat com.kms.katalon.core.main.TestCaseExecutor.accessMainPhase(TestCaseExecutor.java:256)\r\n\tat com.kms.katalon.core.main.TestCaseExecutor.execute(TestCaseExecutor.java:200)\r\n\tat com.kms.katalon.core.main.TestSuiteExecutor.accessTestCaseMainPhase(TestSuiteExecutor.java:129)\r\n\tat com.kms.katalon.core.main.TestSuiteExecutor.accessTestSuiteMainPhase(TestSuiteExecutor.java:112)\r\n\tat com.kms.katalon.core.main.TestSuiteExecutor.execute(TestSuiteExecutor.java:81)\r\n\tat com.kms.katalon.core.main.TestCaseMain.startTestSuite(TestCaseMain.java:142)\r\n\tat com.kms.katalon.core.main.TestCaseMain$startTestSuite$0.call(Unknown Source)\r\n\tat org.codehaus.groovy.runtime.callsite.CallSiteArray.defaultCall(CallSiteArray.java:48)\r\n\tat org.codehaus.groovy.runtime.callsite.AbstractCallSite.call(AbstractCallSite.java:113)\r\n\tat org.codehaus.groovy.runtime.callsite.AbstractCallSite.call(AbstractCallSite.java:141)\r\n\tat TempTestSuite1542024827402.run(TempTestSuite1542024827402.groovy:36)\r\n\tat groovy.lang.GroovyShell.runScriptOrMainOrTestOrRunnable(GroovyShell.java:263)\r\n\tat groovy.lang.GroovyShell.run(GroovyShell.java:518)\r\n\tat groovy.lang.GroovyShell.run(GroovyShell.java:507)\r\n\tat groovy.ui.GroovyMain.processOnce(GroovyMain.java:653)\r\n\tat groovy.ui.GroovyMain.run(GroovyMain.java:384)\r\n\tat groovy.ui.GroovyMain.process(GroovyMain.java:370)\r\n\tat groovy.ui.GroovyMain.processArgs(GroovyMain.java:129)\r\n\tat groovy.ui.GroovyMain.main(GroovyMain.java:109)\r\n\tat sun.reflect.NativeMethodAccessorImpl.invoke0(Native Method)\r\n\tat sun.reflect.NativeMethodAccessorImpl.invoke(NativeMethodAccessorImpl.java:62)\r\n\tat sun.reflect.DelegatingMethodAccessorImpl.invoke(DelegatingMethodAccessorImpl.java:43)\r\n\tat java.lang.reflect.Method.invoke(Method.java:498)\r\n\tat org.codehaus.groovy.tools.GroovyStarter.rootLoader(GroovyStarter.java:109)\r\n\tat org.codehaus.groovy.tools.GroovyStarter.main(GroovyStarter.java:131)\r\n)","startTime":1542024851345,"endTime":0,"childRecords":[],"interuppted":false}],"interuppted":false},{"isOptional":false,"type":"TEST_CASE","name":"Test Cases/Associate Application/Change Password/TCBA01304","id":"Test Cases/Associate Application/Change Password/TCBA01304","source":"E:\\\\Bonanzha\\\\katalon Bonanzha\\\\Test Cases\\\\Associate Application\\\\Change Password\\\\TCBA01304.tc","message":"Test Cases/Associate Application/Change Password/TCBA01304","description":"","startTime":1542024851371,"endTime":1542024851986,"childRecords":[{"testStatus":{"stackTrace":"","statusValue":"INFO"},"type":"MESSAGE","name":"","message":"Evaluating variables for test case","startTime":1542024851393,"endTime":0,"childRecords":[],"interuppted":false},{"index":1,"isIgnoredIfFailed":false,"type":"TEST_STEP","name":"click","message":"Object: \u0027Object Repository/Change Password/Page_Home  5-15/span_shinto-test2\u0027 is clicked on","description":"","startTime":1542024851634,"endTime":1542024851715,"childRecords":[{"testStatus":{"stackTrace":"","statusValue":"PASSED"},"type":"MESSAGE","name":"","message":"Object: \u0027Object Repository/Change Password/Page_Home  5-15/span_shinto-test2\u0027 is clicked on","startTime":1542024851714,"endTime":0,"childRecords":[],"interuppted":false}],"interuppted":false},{"index":2,"isIgnoredIfFailed":false,"type":"TEST_STEP","name":"verifyElementText","message":"Actual text and expected text of test object \u0027Object Repository/Edit Profile/Page_Home  5-15/span_Log Off\u0027 are matched.","description":"","startTime":1542024851715,"endTime":1542024851777,"childRecords":[{"testStatus":{"stackTrace":"","statusValue":"PASSED"},"type":"MESSAGE","name":"","message":"Actual text and expected text of test object \u0027Object Repository/Edit Profile/Page_Home  5-15/span_Log Off\u0027 are matched.","startTime":1542024851776,"endTime":0,"childRecords":[],"interuppted":false}],"interuppted":false},{"index":3,"isIgnoredIfFailed":false,"type":"TEST_STEP","name":"click","message":"Object: \u0027Object Repository/Edit Profile/Page_Home  5-15/span_Log Off\u0027 is clicked on","description":"","startTime":1542024851777,"endTime":1542024851924,"childRecords":[{"testStatus":{"stackTrace":"","statusValue":"PASSED"},"type":"MESSAGE","name":"","message":"Object: \u0027Object Repository/Edit Profile/Page_Home  5-15/span_Log Off\u0027 is clicked on","startTime":1542024851923,"endTime":0,"childRecords":[],"interuppted":false}],"interuppted":false},{"index":4,"isIgnoredIfFailed":false,"type":"TEST_STEP","name":"verifyElementText","message":"Actual text and expected text of test object \u0027Object Repository/Edit Profile/Page_Log In  5-15/h1_Log In\u0027 are matched.","description":"","startTime":1542024851924,"endTime":1542024851986,"childRecords":[{"testStatus":{"stackTrace":"","statusValue":"PASSED"},"type":"MESSAGE","name":"","message":"Actual text and expected text of test object \u0027Object Repository/Edit Profile/Page_Log In  5-15/h1_Log In\u0027 are matched.","startTime":1542024851985,"endTime":0,"childRecords":[],"interuppted":false}],"interuppted":false},{"testStatus":{"stackTrace":"","statusValue":"PASSED"},"type":"MESSAGE","name":"","message":"Test Cases/Associate Application/Change Password/TCBA01304","startTime":1542024851986,"endTime":0,"childRecords":[],"interuppted":false}],"interuppted":false},{"isOptional":false,"type":"TEST_CASE","name":"Test Cases/Associate Application/Change Password/TCBA01305","id":"Test Cases/Associate Application/Change Password/TCBA01305","source":"E:\\\\Bonanzha\\\\katalon Bonanzha\\\\Test Cases\\\\Associate Application\\\\Change Password\\\\TCBA01305.tc","message":"Test Cases/Associate Application/Change Password/TCBA01305","description":"","startTime":1542024851990,"endTime":1542024866857,"childRecords":[{"testStatus":{"stackTrace":"","statusValue":"INFO"},"type":"MESSAGE","name":"","message":"Evaluating variables for test case","startTime":1542024852001,"endTime":0,"childRecords":[],"interuppted":false},{"index":1,"isIgnoredIfFailed":false,"type":"TEST_STEP","name":"setText","message":"Text \u0027\u0027 is set on object \u0027Object Repository/Change Password/Page_Log In  5-15/input_txtUserName\u0027","description":"","startTime":1542024852191,"endTime":1542024852379,"childRecords":[{"testStatus":{"stackTrace":"","statusValue":"PASSED"},"type":"MESSAGE","name":"","message":"Text \u0027\u0027 is set on object \u0027Object Repository/Change Password/Page_Log In  5-15/input_txtUserName\u0027","startTime":1542024852379,"endTime":0,"childRecords":[],"interuppted":false}],"interuppted":false},{"index":2,"isIgnoredIfFailed":false,"type":"TEST_STEP","name":"setEncryptedText","message":"Text ****** has been set on object \u0027Object Repository/Change Password/Page_Log In  5-15/input_txtPassword\u0027","description":"","startTime":1542024852380,"endTime":1542024852524,"childRecords":[{"testStatus":{"stackTrace":"","statusValue":"PASSED"},"type":"MESSAGE","name":"","message":"Text ****** has been set on object \u0027Object Repository/Change Password/Page_Log In  5-15/input_txtPassword\u0027","startTime":1542024852524,"endTime":0,"childRecords":[],"interuppted":false}],"interuppted":false},{"index":3,"isIgnoredIfFailed":false,"type":"TEST_STEP","name":"setText","message":"Text \u0027Shinto-Test2\u0027 is set on object \u0027Object Repository/Edit Profile/Page_Log In  5-15/input_txtUserName\u0027","description":"","startTime":1542024852525,"endTime":1542024852733,"childRecords":[{"testStatus":{"stackTrace":"","statusValue":"PASSED"},"type":"MESSAGE","name":"","message":"Text \u0027Shinto-Test2\u0027 is set on object \u0027Object Repository/Edit Profile/Page_Log In  5-15/input_txtUserName\u0027","startTime":1542024852733,"endTime":0,"childRecords":[],"interuppted":false}],"interuppted":false},{"index":4,"isIgnoredIfFailed":false,"type":"TEST_STEP","name":"setEncryptedText","message":"Text ****** has been set on object \u0027Object Repository/Edit Profile/Page_Log In  5-15/input_txtPassword\u0027","description":"","startTime":1542024852734,"endTime":1542024852928,"childRecords":[{"testStatus":{"stackTrace":"","statusValue":"PASSED"},"type":"MESSAGE","name":"","message":"Text ****** has been set on object \u0027Object Repository/Edit Profile/Page_Log In  5-15/input_txtPassword\u0027","startTime":1542024852928,"endTime":0,"childRecords":[],"interuppted":false}],"interuppted":false},{"index":5,"isIgnoredIfFailed":false,"type":"TEST_STEP","name":"click","message":"Object: \u0027Object Repository/Edit Profile/Page_Log In  5-15/button_Log in\u0027 is clicked on","description":"","startTime":1542024852929,"endTime":1542024853050,"childRecords":[{"testStatus":{"stackTrace":"","statusValue":"PASSED"},"type":"MESSAGE","name":"","message":"Object: \u0027Object Repository/Edit Profile/Page_Log In  5-15/button_Log in\u0027 is clicked on","startTime":1542024853050,"endTime":0,"childRecords":[],"interuppted":false}],"interuppted":false},{"index":6,"isIgnoredIfFailed":false,"type":"TEST_STEP","name":"verifyElementText","message":"Actual text and expected text of test object \u0027Object Repository/Change Password/Page_Home  5-15/span_My Title\u0027 are matched.","description":"","startTime":1542024853051,"endTime":1542024855378,"childRecords":[{"testStatus":{"stackTrace":"","statusValue":"PASSED"},"type":"MESSAGE","name":"","message":"Actual text and expected text of test object \u0027Object Repository/Change Password/Page_Home  5-15/span_My Title\u0027 are matched.","startTime":1542024855378,"endTime":0,"childRecords":[],"interuppted":false}],"interuppted":false},{"index":7,"isIgnoredIfFailed":false,"type":"TEST_STEP","name":"click","message":"Object: \u0027Object Repository/Change Password/Page_Home  5-15/span_shinto-test2\u0027 is clicked on","description":"","startTime":1542024855379,"endTime":1542024855510,"childRecords":[{"testStatus":{"stackTrace":"","statusValue":"PASSED"},"type":"MESSAGE","name":"","message":"Object: \u0027Object Repository/Change Password/Page_Home  5-15/span_shinto-test2\u0027 is clicked on","startTime":1542024855509,"endTime":0,"childRecords":[],"interuppted":false}],"interuppted":false},{"index":8,"isIgnoredIfFailed":false,"type":"TEST_STEP","name":"click","message":"Object: \u0027Object Repository/Change Password/Page_Home  5-15/span_Change Password\u0027 is clicked on","description":"","startTime":1542024855510,"endTime":1542024855659,"childRecords":[{"testStatus":{"stackTrace":"","statusValue":"PASSED"},"type":"MESSAGE","name":"","message":"Object: \u0027Object Repository/Change Password/Page_Home  5-15/span_Change Password\u0027 is clicked on","startTime":1542024855658,"endTime":0,"childRecords":[],"interuppted":false}],"interuppted":false},{"index":9,"isIgnoredIfFailed":false,"type":"TEST_STEP","name":"verifyElementText","message":"Actual text and expected text of test object \u0027Object Repository/Change Password/Page_Home  5-15/Change Pwd Text Label\u0027 are matched.","description":"","startTime":1542024855659,"endTime":1542024855751,"childRecords":[{"testStatus":{"stackTrace":"","statusValue":"PASSED"},"type":"MESSAGE","name":"","message":"Actual text and expected text of test object \u0027Object Repository/Change Password/Page_Home  5-15/Change Pwd Text Label\u0027 are matched.","startTime":1542024855750,"endTime":0,"childRecords":[],"interuppted":false}],"interuppted":false},{"index":10,"isIgnoredIfFailed":false,"type":"TEST_STEP","name":"setEncryptedText","message":"Text ****** has been set on object \u0027Object Repository/Change Password/Page_Home  5-15/input_txtPassword\u0027","description":"","startTime":1542024855751,"endTime":1542024855935,"childRecords":[{"testStatus":{"stackTrace":"","statusValue":"PASSED"},"type":"MESSAGE","name":"","message":"Text ****** has been set on object \u0027Object Repository/Change Password/Page_Home  5-15/input_txtPassword\u0027","startTime":1542024855934,"endTime":0,"childRecords":[],"interuppted":false}],"interuppted":false},{"index":11,"isIgnoredIfFailed":false,"type":"TEST_STEP","name":"setEncryptedText","message":"Text ****** has been set on object \u0027Object Repository/Change Password/Page_Home  5-15/input_txtNewPassword\u0027","description":"","startTime":1542024855935,"endTime":1542024856076,"childRecords":[{"testStatus":{"stackTrace":"","statusValue":"PASSED"},"type":"MESSAGE","name":"","message":"Text ****** has been set on object \u0027Object Repository/Change Password/Page_Home  5-15/input_txtNewPassword\u0027","startTime":1542024856076,"endTime":0,"childRecords":[],"interuppted":false}],"interuppted":false},{"index":12,"isIgnoredIfFailed":false,"type":"TEST_STEP","name":"setEncryptedText","message":"Text ****** has been set on object \u0027Object Repository/Change Password/Page_Home  5-15/input_txtConfirmPassword\u0027","description":"","startTime":1542024856077,"endTime":1542024856328,"childRecords":[{"testStatus":{"stackTrace":"","statusValue":"PASSED"},"type":"MESSAGE","name":"","message":"Text ****** has been set on object \u0027Object Repository/Change Password/Page_Home  5-15/input_txtConfirmPassword\u0027","startTime":1542024856327,"endTime":0,"childRecords":[],"interuppted":false}],"interuppted":false},{"index":13,"isIgnoredIfFailed":false,"type":"TEST_STEP","name":"setEncryptedText","message":"Text ****** has been set on object \u0027Object Repository/Change Password/Page_Home  5-15/input_txtPassword\u0027","description":"","startTime":1542024856329,"endTime":1542024856452,"childRecords":[{"testStatus":{"stackTrace":"","statusValue":"PASSED"},"type":"MESSAGE","name":"","message":"Text ****** has been set on object \u0027Object Repository/Change Password/Page_Home  5-15/input_txtPassword\u0027","startTime":1542024856452,"endTime":0,"childRecords":[],"interuppted":false}],"interuppted":false},{"index":14,"isIgnoredIfFailed":false,"type":"TEST_STEP","name":"setEncryptedText","message":"Text ****** has been set on object \u0027Object Repository/Change Password/Page_Home  5-15/input_txtNewPassword\u0027","description":"","startTime":1542024856452,"endTime":1542024856575,"childRecords":[{"testStatus":{"stackTrace":"","statusValue":"PASSED"},"type":"MESSAGE","name":"","message":"Text ****** has been set on object \u0027Object Repository/Change Password/Page_Home  5-15/input_txtNewPassword\u0027","startTime":1542024856574,"endTime":0,"childRecords":[],"interuppted":false}],"interuppted":false},{"index":15,"isIgnoredIfFailed":false,"type":"TEST_STEP","name":"setEncryptedText","message":"Text ****** has been set on object \u0027Object Repository/Change Password/Page_Home  5-15/input_txtConfirmPassword\u0027","description":"","startTime":1542024856575,"endTime":1542024856706,"childRecords":[{"testStatus":{"stackTrace":"","statusValue":"PASSED"},"type":"MESSAGE","name":"","message":"Text ****** has been set on object \u0027Object Repository/Change Password/Page_Home  5-15/input_txtConfirmPassword\u0027","startTime":1542024856705,"endTime":0,"childRecords":[],"interuppted":false}],"interuppted":false},{"index":16,"isIgnoredIfFailed":false,"type":"TEST_STEP","name":"verifyElementText","message":"Actual text and expected text of test object \u0027Object Repository/Change Password/Page_Home  5-15/span_Update\u0027 are matched.","description":"","startTime":1542024856706,"endTime":1542024856754,"childRecords":[{"testStatus":{"stackTrace":"","statusValue":"PASSED"},"type":"MESSAGE","name":"","message":"Actual text and expected text of test object \u0027Object Repository/Change Password/Page_Home  5-15/span_Update\u0027 are matched.","startTime":1542024856753,"endTime":0,"childRecords":[],"interuppted":false}],"interuppted":false},{"index":17,"isIgnoredIfFailed":false,"type":"TEST_STEP","name":"click","message":"Object: \u0027Object Repository/Change Password/Page_Home  5-15/span_Update\u0027 is clicked on","description":"","startTime":1542024856754,"endTime":1542024856855,"childRecords":[{"testStatus":{"stackTrace":"","statusValue":"PASSED"},"type":"MESSAGE","name":"","message":"Object: \u0027Object Repository/Change Password/Page_Home  5-15/span_Update\u0027 is clicked on","startTime":1542024856854,"endTime":0,"childRecords":[],"interuppted":false}],"interuppted":false},{"index":18,"isIgnoredIfFailed":false,"type":"TEST_STEP","name":"delay","message":"Delayed 10 second(s)","description":"","startTime":1542024856855,"endTime":1542024866856,"childRecords":[{"testStatus":{"stackTrace":"","statusValue":"PASSED"},"type":"MESSAGE","name":"","message":"Delayed 10 second(s)","startTime":1542024866856,"endTime":0,"childRecords":[],"interuppted":false}],"interuppted":false},{"testStatus":{"stackTrace":"","statusValue":"PASSED"},"type":"MESSAGE","name":"","message":"Test Cases/Associate Application/Change Password/TCBA01305","startTime":1542024866857,"endTime":0,"childRecords":[],"interuppted":false}],"interuppted":false},{"isOptional":false,"type":"TEST_CASE","name":"Test Cases/Associate Application/Change Password/TCBA01306","id":"Test Cases/Associate Application/Change Password/TCBA01306","source":"E:\\\\Bonanzha\\\\katalon Bonanzha\\\\Test Cases\\\\Associate Application\\\\Change Password\\\\TCBA01306.tc","message":"Test Cases/Associate Application/Change Password/TCBA01306 FAILED because (of) (Stack trace: com.kms.katalon.core.exception.StepFailedException: Unable to click on object \u0027Object Repository/Change Password/Page_Home  5-15/span_shinto-test2\u0027 (Root cause: org.openqa.selenium.WebDriverException: unknown error: Element \u003cspan class\u003d\"icon-chevron-down\"\u003e\u003c/span\u003e is not clickable at point (1559, 34). Other element would receive the click: \u003cux-dialog-container style\u003d\"z-index: 999;\" class\u003d\"active\"\u003e...\u003c/ux-dialog-container\u003e\n  (Session info: chrome\u003d70.0.3538.77)\n  (Driver info: chromedriver\u003d2.43.600210 (68dcf5eebde37173d4027fa8635e332711d2874a),platform\u003dWindows NT 10.0.17134 x86_64) (WARNING: The server did not provide any stacktrace information)\nCommand duration or timeout: 0 milliseconds\nBuild info: version: \u00273.7.1\u0027, revision: \u00278a0099a\u0027, time: \u00272017-11-06T21:07:36.161Z\u0027\nSystem info: host: \u0027VOFOX-SEBASTIAN\u0027, ip: \u0027192.168.10.130\u0027, os.name: \u0027Windows 10\u0027, os.arch: \u0027amd64\u0027, os.version: \u002710.0\u0027, java.version: \u00271.8.0_181\u0027\nDriver info: com.kms.katalon.selenium.driver.CChromeDriver\nCapabilities {acceptInsecureCerts: false, acceptSslCerts: false, applicationCacheEnabled: false, browserConnectionEnabled: false, browserName: chrome, chrome: {chromedriverVersion: 2.43.600210 (68dcf5eebde371..., userDataDir: C:\\Users\\SEBAST~1.VOF\\AppDa...}, cssSelectorsEnabled: true, databaseEnabled: false, goog:chromeOptions: {debuggerAddress: localhost:63130}, handlesAlerts: true, hasTouchScreen: false, javascriptEnabled: true, locationContextEnabled: true, mobileEmulationEnabled: false, nativeEvents: true, networkConnectionEnabled: false, pageLoadStrategy: normal, platform: XP, platformName: XP, rotatable: false, setWindowRect: true, takesHeapSnapshot: true, takesScreenshot: true, unexpectedAlertBehaviour: , unhandledPromptBehavior: , version: 70.0.3538.77, webStorageEnabled: true}\nSession ID: 5054669334261c440c5ef259247fd480)\r\n\tat com.kms.katalon.core.keyword.internal.KeywordMain.stepFailed(KeywordMain.groovy:36)\r\n\tat com.kms.katalon.core.webui.keyword.internal.WebUIKeywordMain.stepFailed(WebUIKeywordMain.groovy:65)\r\n\tat com.kms.katalon.core.webui.keyword.internal.WebUIKeywordMain.runKeyword(WebUIKeywordMain.groovy:27)\r\n\tat com.kms.katalon.core.webui.keyword.builtin.ClickKeyword.click(ClickKeyword.groovy:86)\r\n\tat com.kms.katalon.core.webui.keyword.builtin.ClickKeyword.execute(ClickKeyword.groovy:67)\r\n\tat com.kms.katalon.core.keyword.internal.KeywordExecutor.executeKeywordForPlatform(KeywordExecutor.groovy:53)\r\n\tat com.kms.katalon.core.webui.keyword.WebUiBuiltInKeywords.click(WebUiBuiltInKeywords.groovy:616)\r\n\tat com.kms.katalon.core.webui.keyword.WebUiBuiltInKeywords$click$4.call(Unknown Source)\r\n\tat org.codehaus.groovy.runtime.callsite.CallSiteArray.defaultCall(CallSiteArray.java:48)\r\n\tat org.codehaus.groovy.runtime.callsite.AbstractCallSite.call(AbstractCallSite.java:113)\r\n\tat org.codehaus.groovy.runtime.callsite.AbstractCallSite.call(AbstractCallSite.java:125)\r\n\tat Script1539265834720.run(Script1539265834720.groovy:23)\r\n\tat com.kms.katalon.core.main.ScriptEngine.run(ScriptEngine.java:183)\r\n\tat com.kms.katalon.core.main.ScriptEngine.runScriptAsRawText(ScriptEngine.java:108)\r\n\tat com.kms.katalon.core.main.TestCaseExecutor.runScript(TestCaseExecutor.java:294)\r\n\tat com.kms.katalon.core.main.TestCaseExecutor.doExecute(TestCaseExecutor.java:285)\r\n\tat com.kms.katalon.core.main.TestCaseExecutor.processExecutionPhase(TestCaseExecutor.java:264)\r\n\tat com.kms.katalon.core.main.TestCaseExecutor.accessMainPhase(TestCaseExecutor.java:256)\r\n\tat com.kms.katalon.core.main.TestCaseExecutor.execute(TestCaseExecutor.java:200)\r\n\tat com.kms.katalon.core.main.TestSuiteExecutor.accessTestCaseMainPhase(TestSuiteExecutor.java:129)\r\n\tat com.kms.katalon.core.main.TestSuiteExecutor.accessTestSuiteMainPhase(TestSuiteExecutor.java:112)\r\n\tat com.kms.katalon.core.main.TestSuiteExecutor.execute(TestSuiteExecutor.java:81)\r\n\tat com.kms.katalon.core.main.TestCaseMain.startTestSuite(TestCaseMain.java:142)\r\n\tat com.kms.katalon.core.main.TestCaseMain$startTestSuite$0.call(Unknown Source)\r\n\tat org.codehaus.groovy.runtime.callsite.CallSiteArray.defaultCall(CallSiteArray.java:48)\r\n\tat org.codehaus.groovy.runtime.callsite.AbstractCallSite.call(AbstractCallSite.java:113)\r\n\tat org.codehaus.groovy.runtime.callsite.AbstractCallSite.call(AbstractCallSite.java:141)\r\n\tat TempTestSuite1542024827402.run(TempTestSuite1542024827402.groovy:36)\r\n\tat groovy.lang.GroovyShell.runScriptOrMainOrTestOrRunnable(GroovyShell.java:263)\r\n\tat groovy.lang.GroovyShell.run(GroovyShell.java:518)\r\n\tat groovy.lang.GroovyShell.run(GroovyShell.java:507)\r\n\tat groovy.ui.GroovyMain.processOnce(GroovyMain.java:653)\r\n\tat groovy.ui.GroovyMain.run(GroovyMain.java:384)\r\n\tat groovy.ui.GroovyMain.process(GroovyMain.java:370)\r\n\tat groovy.ui.GroovyMain.processArgs(GroovyMain.java:129)\r\n\tat groovy.ui.GroovyMain.main(GroovyMain.java:109)\r\n\tat sun.reflect.NativeMethodAccessorImpl.invoke0(Native Method)\r\n\tat sun.reflect.NativeMethodAccessorImpl.invoke(NativeMethodAccessorImpl.java:62)\r\n\tat sun.reflect.DelegatingMethodAccessorImpl.invoke(DelegatingMethodAccessorImpl.java:43)\r\n\tat java.lang.reflect.Method.invoke(Method.java:498)\r\n\tat org.codehaus.groovy.tools.GroovyStarter.rootLoader(GroovyStarter.java:109)\r\n\tat org.codehaus.groovy.tools.GroovyStarter.main(GroovyStarter.java:131)\r\n)","description":"","startTime":1542024866863,"endTime":1542024867636,"childRecords":[{"testStatus":{"stackTrace":"","statusValue":"INFO"},"type":"MESSAGE","name":"","message":"Evaluating variables for test case","startTime":1542024866882,"endTime":0,"childRecords":[],"interuppted":false},{"attachment":"1542024867302.png","index":1,"isIgnoredIfFailed":false,"type":"TEST_STEP","name":"click","message":"Unable to click on object \u0027Object Repository/Change Password/Page_Home  5-15/span_shinto-test2\u0027 (Root cause: org.openqa.selenium.WebDriverException: unknown error: Element \u003cspan class\u003d\"icon-chevron-down\"\u003e\u003c/span\u003e is not clickable at point (1559, 34). Other element would receive the click: \u003cux-dialog-container style\u003d\"z-index: 999;\" class\u003d\"active\"\u003e...\u003c/ux-dialog-container\u003e\n  (Session info: chrome\u003d70.0.3538.77)\n  (Driver info: chromedriver\u003d2.43.600210 (68dcf5eebde37173d4027fa8635e332711d2874a),platform\u003dWindows NT 10.0.17134 x86_64) (WARNING: The server did not provide any stacktrace information)\nCommand duration or timeout: 0 milliseconds\nBuild info: version: \u00273.7.1\u0027, revision: \u00278a0099a\u0027, time: \u00272017-11-06T21:07:36.161Z\u0027\nSystem info: host: \u0027VOFOX-SEBASTIAN\u0027, ip: \u0027192.168.10.130\u0027, os.name: \u0027Windows 10\u0027, os.arch: \u0027amd64\u0027, os.version: \u002710.0\u0027, java.version: \u00271.8.0_181\u0027\nDriver info: com.kms.katalon.selenium.driver.CChromeDriver\nCapabilities {acceptInsecureCerts: false, acceptSslCerts: false, applicationCacheEnabled: false, browserConnectionEnabled: false, browserName: chrome, chrome: {chromedriverVersion: 2.43.600210 (68dcf5eebde371..., userDataDir: C:\\Users\\SEBAST~1.VOF\\AppDa...}, cssSelectorsEnabled: true, databaseEnabled: false, goog:chromeOptions: {debuggerAddress: localhost:63130}, handlesAlerts: true, hasTouchScreen: false, javascriptEnabled: true, locationContextEnabled: true, mobileEmulationEnabled: false, nativeEvents: true, networkConnectionEnabled: false, pageLoadStrategy: normal, platform: XP, platformName: XP, rotatable: false, setWindowRect: true, takesHeapSnapshot: true, takesScreenshot: true, unexpectedAlertBehaviour: , unhandledPromptBehavior: , version: 70.0.3538.77, webStorageEnabled: true}\nSession ID: 5054669334261c440c5ef259247fd480)","description":"","startTime":1542024867220,"endTime":1542024867633,"childRecords":[{"testStatus":{"stackTrace":"","statusValue":"FAILED"},"attachment":"1542024867302.png","type":"MESSAGE","name":"","message":"Unable to click on object \u0027Object Repository/Change Password/Page_Home  5-15/span_shinto-test2\u0027 (Root cause: org.openqa.selenium.WebDriverException: unknown error: Element \u003cspan class\u003d\"icon-chevron-down\"\u003e\u003c/span\u003e is not clickable at point (1559, 34). Other element would receive the click: \u003cux-dialog-container style\u003d\"z-index: 999;\" class\u003d\"active\"\u003e...\u003c/ux-dialog-container\u003e\n  (Session info: chrome\u003d70.0.3538.77)\n  (Driver info: chromedriver\u003d2.43.600210 (68dcf5eebde37173d4027fa8635e332711d2874a),platform\u003dWindows NT 10.0.17134 x86_64) (WARNING: The server did not provide any stacktrace information)\nCommand duration or timeout: 0 milliseconds\nBuild info: version: \u00273.7.1\u0027, revision: \u00278a0099a\u0027, time: \u00272017-11-06T21:07:36.161Z\u0027\nSystem info: host: \u0027VOFOX-SEBASTIAN\u0027, ip: \u0027192.168.10.130\u0027, os.name: \u0027Windows 10\u0027, os.arch: \u0027amd64\u0027, os.version: \u002710.0\u0027, java.version: \u00271.8.0_181\u0027\nDriver info: com.kms.katalon.selenium.driver.CChromeDriver\nCapabilities {acceptInsecureCerts: false, acceptSslCerts: false, applicationCacheEnabled: false, browserConnectionEnabled: false, browserName: chrome, chrome: {chromedriverVersion: 2.43.600210 (68dcf5eebde371..., userDataDir: C:\\Users\\SEBAST~1.VOF\\AppDa...}, cssSelectorsEnabled: true, databaseEnabled: false, goog:chromeOptions: {debuggerAddress: localhost:63130}, handlesAlerts: true, hasTouchScreen: false, javascriptEnabled: true, locationContextEnabled: true, mobileEmulationEnabled: false, nativeEvents: true, networkConnectionEnabled: false, pageLoadStrategy: normal, platform: XP, platformName: XP, rotatable: false, setWindowRect: true, takesHeapSnapshot: true, takesScreenshot: true, unexpectedAlertBehaviour: , unhandledPromptBehavior: , version: 70.0.3538.77, webStorageEnabled: true}\nSession ID: 5054669334261c440c5ef259247fd480)","startTime":1542024867632,"endTime":0,"childRecords":[],"interuppted":false}],"interuppted":false},{"testStatus":{"stackTrace":"","statusValue":"FAILED"},"type":"MESSAGE","name":"","message":"Test Cases/Associate Application/Change Password/TCBA01306 FAILED because (of) (Stack trace: com.kms.katalon.core.exception.StepFailedException: Unable to click on object \u0027Object Repository/Change Password/Page_Home  5-15/span_shinto-test2\u0027 (Root cause: org.openqa.selenium.WebDriverException: unknown error: Element \u003cspan class\u003d\"icon-chevron-down\"\u003e\u003c/span\u003e is not clickable at point (1559, 34). Other element would receive the click: \u003cux-dialog-container style\u003d\"z-index: 999;\" class\u003d\"active\"\u003e...\u003c/ux-dialog-container\u003e\n  (Session info: chrome\u003d70.0.3538.77)\n  (Driver info: chromedriver\u003d2.43.600210 (68dcf5eebde37173d4027fa8635e332711d2874a),platform\u003dWindows NT 10.0.17134 x86_64) (WARNING: The server did not provide any stacktrace information)\nCommand duration or timeout: 0 milliseconds\nBuild info: version: \u00273.7.1\u0027, revision: \u00278a0099a\u0027, time: \u00272017-11-06T21:07:36.161Z\u0027\nSystem info: host: \u0027VOFOX-SEBASTIAN\u0027, ip: \u0027192.168.10.130\u0027, os.name: \u0027Windows 10\u0027, os.arch: \u0027amd64\u0027, os.version: \u002710.0\u0027, java.version: \u00271.8.0_181\u0027\nDriver info: com.kms.katalon.selenium.driver.CChromeDriver\nCapabilities {acceptInsecureCerts: false, acceptSslCerts: false, applicationCacheEnabled: false, browserConnectionEnabled: false, browserName: chrome, chrome: {chromedriverVersion: 2.43.600210 (68dcf5eebde371..., userDataDir: C:\\Users\\SEBAST~1.VOF\\AppDa...}, cssSelectorsEnabled: true, databaseEnabled: false, goog:chromeOptions: {debuggerAddress: localhost:63130}, handlesAlerts: true, hasTouchScreen: false, javascriptEnabled: true, locationContextEnabled: true, mobileEmulationEnabled: false, nativeEvents: true, networkConnectionEnabled: false, pageLoadStrategy: normal, platform: XP, platformName: XP, rotatable: false, setWindowRect: true, takesHeapSnapshot: true, takesScreenshot: true, unexpectedAlertBehaviour: , unhandledPromptBehavior: , version: 70.0.3538.77, webStorageEnabled: true}\nSession ID: 5054669334261c440c5ef259247fd480)\r\n\tat com.kms.katalon.core.keyword.internal.KeywordMain.stepFailed(KeywordMain.groovy:36)\r\n\tat com.kms.katalon.core.webui.keyword.internal.WebUIKeywordMain.stepFailed(WebUIKeywordMain.groovy:65)\r\n\tat com.kms.katalon.core.webui.keyword.internal.WebUIKeywordMain.runKeyword(WebUIKeywordMain.groovy:27)\r\n\tat com.kms.katalon.core.webui.keyword.builtin.ClickKeyword.click(ClickKeyword.groovy:86)\r\n\tat com.kms.katalon.core.webui.keyword.builtin.ClickKeyword.execute(ClickKeyword.groovy:67)\r\n\tat com.kms.katalon.core.keyword.internal.KeywordExecutor.executeKeywordForPlatform(KeywordExecutor.groovy:53)\r\n\tat com.kms.katalon.core.webui.keyword.WebUiBuiltInKeywords.click(WebUiBuiltInKeywords.groovy:616)\r\n\tat com.kms.katalon.core.webui.keyword.WebUiBuiltInKeywords$click$4.call(Unknown Source)\r\n\tat org.codehaus.groovy.runtime.callsite.CallSiteArray.defaultCall(CallSiteArray.java:48)\r\n\tat org.codehaus.groovy.runtime.callsite.AbstractCallSite.call(AbstractCallSite.java:113)\r\n\tat org.codehaus.groovy.runtime.callsite.AbstractCallSite.call(AbstractCallSite.java:125)\r\n\tat Script1539265834720.run(Script1539265834720.groovy:23)\r\n\tat com.kms.katalon.core.main.ScriptEngine.run(ScriptEngine.java:183)\r\n\tat com.kms.katalon.core.main.ScriptEngine.runScriptAsRawText(ScriptEngine.java:108)\r\n\tat com.kms.katalon.core.main.TestCaseExecutor.runScript(TestCaseExecutor.java:294)\r\n\tat com.kms.katalon.core.main.TestCaseExecutor.doExecute(TestCaseExecutor.java:285)\r\n\tat com.kms.katalon.core.main.TestCaseExecutor.processExecutionPhase(TestCaseExecutor.java:264)\r\n\tat com.kms.katalon.core.main.TestCaseExecutor.accessMainPhase(TestCaseExecutor.java:256)\r\n\tat com.kms.katalon.core.main.TestCaseExecutor.execute(TestCaseExecutor.java:200)\r\n\tat com.kms.katalon.core.main.TestSuiteExecutor.accessTestCaseMainPhase(TestSuiteExecutor.java:129)\r\n\tat com.kms.katalon.core.main.TestSuiteExecutor.accessTestSuiteMainPhase(TestSuiteExecutor.java:112)\r\n\tat com.kms.katalon.core.main.TestSuiteExecutor.execute(TestSuiteExecutor.java:81)\r\n\tat com.kms.katalon.core.main.TestCaseMain.startTestSuite(TestCaseMain.java:142)\r\n\tat com.kms.katalon.core.main.TestCaseMain$startTestSuite$0.call(Unknown Source)\r\n\tat org.codehaus.groovy.runtime.callsite.CallSiteArray.defaultCall(CallSiteArray.java:48)\r\n\tat org.codehaus.groovy.runtime.callsite.AbstractCallSite.call(AbstractCallSite.java:113)\r\n\tat org.codehaus.groovy.runtime.callsite.AbstractCallSite.call(AbstractCallSite.java:141)\r\n\tat TempTestSuite1542024827402.run(TempTestSuite1542024827402.groovy:36)\r\n\tat groovy.lang.GroovyShell.runScriptOrMainOrTestOrRunnable(GroovyShell.java:263)\r\n\tat groovy.lang.GroovyShell.run(GroovyShell.java:518)\r\n\tat groovy.lang.GroovyShell.run(GroovyShell.java:507)\r\n\tat groovy.ui.GroovyMain.processOnce(GroovyMain.java:653)\r\n\tat groovy.ui.GroovyMain.run(GroovyMain.java:384)\r\n\tat groovy.ui.GroovyMain.process(GroovyMain.java:370)\r\n\tat groovy.ui.GroovyMain.processArgs(GroovyMain.java:129)\r\n\tat groovy.ui.GroovyMain.main(GroovyMain.java:109)\r\n\tat sun.reflect.NativeMethodAccessorImpl.invoke0(Native Method)\r\n\tat sun.reflect.NativeMethodAccessorImpl.invoke(NativeMethodAccessorImpl.java:62)\r\n\tat sun.reflect.DelegatingMethodAccessorImpl.invoke(DelegatingMethodAccessorImpl.java:43)\r\n\tat java.lang.reflect.Method.invoke(Method.java:498)\r\n\tat org.codehaus.groovy.tools.GroovyStarter.rootLoader(GroovyStarter.java:109)\r\n\tat org.codehaus.groovy.tools.GroovyStarter.main(GroovyStarter.java:131)\r\n)","startTime":1542024867634,"endTime":0,"childRecords":[],"interuppted":false}],"interuppted":false}],"interuppted":false}