<?xml version="1.0" encoding="UTF-8"?>
<testsuites name="VBZ0010-Associate Login" time="76" tests="7" failures="1" errors="0">
   <testsuite name="VBZ0010-Associate Login" tests="7" failures="1" errors="0" time="76" timestamp="2018-10-23 16:23:49" hostname="shinto - Vofox-Shinto.vofox.com" id="Test Suites/VBZ0010-Associate Login">
      <properties>
         <property name="deviceName" value=""/>
         <property name="devicePlatform" value=""/>
         <property name="logFolder" value="F:\\VofoxQA\\Bonanza\\Katalon\\Reports\\VBZ0010-Associate Login\\20181023_162347"/>
         <property name="logFiles" value="F:\\VofoxQA\\Bonanza\\Katalon\\Reports\\VBZ0010-Associate Login\\20181023_162347\\execution0.log"/>
         <property name="attachments" value="F:\\VofoxQA\\Bonanza\\Katalon\\Reports\\VBZ0010-Associate Login\\20181023_162347\\1540292098928.png"/>
         <property name="hostName" value="shinto - Vofox-Shinto.vofox.com"/>
         <property name="os" value="Windows 10 32bit"/>
         <property name="katalonVersion" value="5.8.0.1"/>
         <property name="browser" value="Chrome 69.0.3497.100"/>
         <property name="hostAddress" value="192.168.10.134"/>
         <property name="sessionId" value="5605e2ba2c926863452aff94e97587d0"/>
         <property name="seleniumVersion" value="3.7.1"/>
         <property name="proxyInformation" value="ProxyInformation{proxyOption=NO_PROXY, proxyServerType=HTTP, password=, proxyServerAddress=, proxyServerPort=0}"/>
         <property name="platform" value="Windows 10"/>
      </properties>
      <testcase name="Test Cases/Associate Application/Associate Login/TCBA01001" classname="Test Cases/Associate Application/Associate Login/TCBA01001" status="PASSED">
         <system-out><![CDATA[2018-10-23 16:23:50 - [TEST_CASE][PASSED] - Test Cases/Associate Application/Associate Login/TCBA01001: Test Cases/Associate Application/Associate Login/TCBA01001

2018-10-23 16:23:50 - [TEST_STEP][PASSED] - openBrowser: Browser is opened with url: ''

2018-10-23 16:23:53 - [MESSAGE][PASSED] - Browser is opened with url: ''

2018-10-23 16:23:53 - [TEST_STEP][PASSED] - navigateToUrl: Navigate to 'https://192.168.10.72/#/login' successfully

2018-10-23 16:24:46 - [MESSAGE][PASSED] - Navigate to 'https://192.168.10.72/#/login' successfully

2018-10-23 16:24:46 - [TEST_STEP][PASSED] - maximizeWindow: Current window maximized

2018-10-23 16:24:48 - [MESSAGE][PASSED] - Current window maximized

2018-10-23 16:24:48 - [TEST_STEP][PASSED] - verifyElementPresent: Object 'Object Repository/Page_Log In  5-15/h1_Log In' is present

2018-10-23 16:24:48 - [MESSAGE][PASSED] - Object 'Object Repository/Page_Log In  5-15/h1_Log In' is present

2018-10-23 16:24:48 - [TEST_STEP][PASSED] - click: Object: 'Object Repository/Page_Log In  5-15/button_Log in' is clicked on

2018-10-23 16:24:48 - [MESSAGE][PASSED] - Object: 'Object Repository/Page_Log In  5-15/button_Log in' is clicked on

2018-10-23 16:24:48 - [TEST_STEP][PASSED] - verifyElementPresent: Object 'Object Repository/Page_Log In  5-15/Username' is present

2018-10-23 16:24:48 - [MESSAGE][PASSED] - Object 'Object Repository/Page_Log In  5-15/Username' is present

2018-10-23 16:24:48 - [TEST_STEP][PASSED] - verifyElementPresent: Object 'Object Repository/Page_Log In  5-15/p_is required' is present

2018-10-23 16:24:48 - [MESSAGE][PASSED] - Object 'Object Repository/Page_Log In  5-15/p_is required' is present

2018-10-23 16:24:48 - [TEST_STEP][PASSED] - verifyElementPresent: Object 'Object Repository/Page_Log In  5-15/label_Password' is present

2018-10-23 16:24:48 - [MESSAGE][PASSED] - Object 'Object Repository/Page_Log In  5-15/label_Password' is present

2018-10-23 16:24:48 - [TEST_STEP][PASSED] - verifyElementPresent: Object 'Object Repository/Page_Log In  5-15/Required' is present

2018-10-23 16:24:48 - [MESSAGE][PASSED] - Object 'Object Repository/Page_Log In  5-15/Required' is present]]></system-out>
         <system-err><![CDATA[]]></system-err>
      </testcase>
      <testcase name="Test Cases/Associate Application/Associate Login/TCBA01002" classname="Test Cases/Associate Application/Associate Login/TCBA01002" status="PASSED">
         <system-out><![CDATA[2018-10-23 16:24:48 - [TEST_CASE][PASSED] - Test Cases/Associate Application/Associate Login/TCBA01002: Test Cases/Associate Application/Associate Login/TCBA01002

2018-10-23 16:24:48 - [TEST_STEP][PASSED] - setEncryptedText: Text ****** has been set on object 'Object Repository/Page_Log In  5-15/input_txtPassword'

2018-10-23 16:24:49 - [MESSAGE][PASSED] - Text ****** has been set on object 'Object Repository/Page_Log In  5-15/input_txtPassword'

2018-10-23 16:24:49 - [TEST_STEP][PASSED] - click: Object: 'Object Repository/Page_Log In  5-15/button_Log in' is clicked on

2018-10-23 16:24:49 - [MESSAGE][PASSED] - Object: 'Object Repository/Page_Log In  5-15/button_Log in' is clicked on

2018-10-23 16:24:49 - [TEST_STEP][PASSED] - verifyElementPresent: Object 'Object Repository/Page_Log In  5-15/label_User Name' is present

2018-10-23 16:24:49 - [MESSAGE][PASSED] - Object 'Object Repository/Page_Log In  5-15/label_User Name' is present

2018-10-23 16:24:49 - [TEST_STEP][PASSED] - verifyElementPresent: Object 'Object Repository/Page_Log In  5-15/p_is required' is present

2018-10-23 16:24:49 - [MESSAGE][PASSED] - Object 'Object Repository/Page_Log In  5-15/p_is required' is present]]></system-out>
         <system-err><![CDATA[]]></system-err>
      </testcase>
      <testcase name="Test Cases/Associate Application/Associate Login/TCBA01003" classname="Test Cases/Associate Application/Associate Login/TCBA01003" status="PASSED">
         <system-out><![CDATA[2018-10-23 16:24:49 - [TEST_CASE][PASSED] - Test Cases/Associate Application/Associate Login/TCBA01003: Test Cases/Associate Application/Associate Login/TCBA01003

2018-10-23 16:24:50 - [TEST_STEP][PASSED] - setText: Text '' is set on object 'Object Repository/Page_Log In  5-15/input_txtPassword'

2018-10-23 16:24:50 - [MESSAGE][PASSED] - Text '' is set on object 'Object Repository/Page_Log In  5-15/input_txtPassword'

2018-10-23 16:24:50 - [TEST_STEP][PASSED] - setText: Text 'Shinto-Test' is set on object 'Object Repository/Page_Log In  5-15/input_txtUserName'

2018-10-23 16:24:50 - [MESSAGE][PASSED] - Text 'Shinto-Test' is set on object 'Object Repository/Page_Log In  5-15/input_txtUserName'

2018-10-23 16:24:50 - [TEST_STEP][PASSED] - click: Object: 'Object Repository/Page_Log In  5-15/button_Log in' is clicked on

2018-10-23 16:24:50 - [MESSAGE][PASSED] - Object: 'Object Repository/Page_Log In  5-15/button_Log in' is clicked on

2018-10-23 16:24:50 - [TEST_STEP][PASSED] - click: Object: 'Object Repository/Page_Log In  5-15/label_Password' is clicked on

2018-10-23 16:24:51 - [MESSAGE][PASSED] - Object: 'Object Repository/Page_Log In  5-15/label_Password' is clicked on

2018-10-23 16:24:51 - [TEST_STEP][PASSED] - verifyElementPresent: Object 'Object Repository/Page_Log In  5-15/Un Required' is present

2018-10-23 16:24:51 - [MESSAGE][WARNING] - Timeout '0' is invalid. Using default page load timeout: '30'

2018-10-23 16:24:51 - [MESSAGE][PASSED] - Object 'Object Repository/Page_Log In  5-15/Un Required' is present]]></system-out>
         <system-err><![CDATA[]]></system-err>
      </testcase>
      <testcase name="Test Cases/Associate Application/Associate Login/TCBA01004" classname="Test Cases/Associate Application/Associate Login/TCBA01004" status="PASSED">
         <system-out><![CDATA[2018-10-23 16:24:51 - [TEST_CASE][PASSED] - Test Cases/Associate Application/Associate Login/TCBA01004: Test Cases/Associate Application/Associate Login/TCBA01004

2018-10-23 16:24:51 - [TEST_STEP][PASSED] - setText: Text '' is set on object 'Object Repository/Page_Log In  5-15/input_txtUserName'

2018-10-23 16:24:51 - [MESSAGE][PASSED] - Text '' is set on object 'Object Repository/Page_Log In  5-15/input_txtUserName'

2018-10-23 16:24:51 - [TEST_STEP][PASSED] - setText: Text '' is set on object 'Object Repository/Page_Log In  5-15/input_txtPassword'

2018-10-23 16:24:52 - [MESSAGE][PASSED] - Text '' is set on object 'Object Repository/Page_Log In  5-15/input_txtPassword'

2018-10-23 16:24:52 - [TEST_STEP][PASSED] - setText: Text '21212121@##@#@3' is set on object 'Object Repository/Page_Log In  5-15/input_txtUserName'

2018-10-23 16:24:52 - [MESSAGE][PASSED] - Text '21212121@##@#@3' is set on object 'Object Repository/Page_Log In  5-15/input_txtUserName'

2018-10-23 16:24:52 - [TEST_STEP][PASSED] - setEncryptedText: Text ****** has been set on object 'Object Repository/Page_Log In  5-15/input_txtPassword'

2018-10-23 16:24:52 - [MESSAGE][PASSED] - Text ****** has been set on object 'Object Repository/Page_Log In  5-15/input_txtPassword'

2018-10-23 16:24:52 - [TEST_STEP][PASSED] - click: Object: 'Object Repository/Page_Log In  5-15/button_Log in' is clicked on

2018-10-23 16:24:52 - [MESSAGE][PASSED] - Object: 'Object Repository/Page_Log In  5-15/button_Log in' is clicked on

2018-10-23 16:24:52 - [TEST_STEP][PASSED] - verifyElementPresent: Object 'Object Repository/Page_Log In  5-15/div_Username was not found.' is present

2018-10-23 16:24:52 - [MESSAGE][WARNING] - Timeout '0' is invalid. Using default page load timeout: '30'

2018-10-23 16:24:53 - [MESSAGE][PASSED] - Object 'Object Repository/Page_Log In  5-15/div_Username was not found.' is present]]></system-out>
         <system-err><![CDATA[]]></system-err>
      </testcase>
      <testcase name="Test Cases/Associate Application/Associate Login/TCBA01005" classname="Test Cases/Associate Application/Associate Login/TCBA01005" status="PASSED">
         <system-out><![CDATA[2018-10-23 16:24:53 - [TEST_CASE][PASSED] - Test Cases/Associate Application/Associate Login/TCBA01005: Test Cases/Associate Application/Associate Login/TCBA01005

2018-10-23 16:24:53 - [TEST_STEP][PASSED] - setText: Text '' is set on object 'Object Repository/Page_Log In  5-15/input_txtUserName'

2018-10-23 16:24:53 - [MESSAGE][PASSED] - Text '' is set on object 'Object Repository/Page_Log In  5-15/input_txtUserName'

2018-10-23 16:24:53 - [TEST_STEP][PASSED] - setText: Text '' is set on object 'Object Repository/Page_Log In  5-15/input_txtPassword'

2018-10-23 16:24:53 - [MESSAGE][PASSED] - Text '' is set on object 'Object Repository/Page_Log In  5-15/input_txtPassword'

2018-10-23 16:24:53 - [TEST_STEP][PASSED] - setText: Text 'Shinto-test' is set on object 'Object Repository/Page_Log In  5-15/input_txtUserName'

2018-10-23 16:24:53 - [MESSAGE][PASSED] - Text 'Shinto-test' is set on object 'Object Repository/Page_Log In  5-15/input_txtUserName'

2018-10-23 16:24:53 - [TEST_STEP][PASSED] - setEncryptedText: Text ****** has been set on object 'Object Repository/Page_Log In  5-15/input_txtPassword'

2018-10-23 16:24:54 - [MESSAGE][PASSED] - Text ****** has been set on object 'Object Repository/Page_Log In  5-15/input_txtPassword'

2018-10-23 16:24:54 - [TEST_STEP][PASSED] - click: Object: 'Object Repository/Page_Log In  5-15/button_Log in' is clicked on

2018-10-23 16:24:54 - [MESSAGE][PASSED] - Object: 'Object Repository/Page_Log In  5-15/button_Log in' is clicked on

2018-10-23 16:24:54 - [TEST_STEP][PASSED] - verifyElementPresent: Object 'Object Repository/Page_Log In  5-15/div_Invalid username or passwo' is present

2018-10-23 16:24:54 - [MESSAGE][WARNING] - Timeout '0' is invalid. Using default page load timeout: '30'

2018-10-23 16:24:54 - [MESSAGE][PASSED] - Object 'Object Repository/Page_Log In  5-15/div_Invalid username or passwo' is present]]></system-out>
         <system-err><![CDATA[]]></system-err>
      </testcase>
      <testcase name="Test Cases/Associate Application/Associate Login/TCBA01006" classname="Test Cases/Associate Application/Associate Login/TCBA01006" status="FAILED">
         <failure type="FAILED" message="(Stack trace: com.kms.katalon.core.exception.StepFailedException: Unable to verify text 'Username was not found.' is present  (Root cause: Text 'Username was not found.' is not present on page )
	at com.kms.katalon.core.keyword.internal.KeywordMain.stepFailed(KeywordMain.groovy:36)
	at com.kms.katalon.core.webui.keyword.internal.WebUIKeywordMain.stepFailed(WebUIKeywordMain.groovy:65)
	at com.kms.katalon.core.webui.keyword.internal.WebUIKeywordMain.runKeyword(WebUIKeywordMain.groovy:27)
	at com.kms.katalon.core.webui.keyword.builtin.VerifyTextPresentKeyword.verifyTextPresent(VerifyTextPresentKeyword.groovy:83)
	at com.kms.katalon.core.webui.keyword.builtin.VerifyTextPresentKeyword.execute(VerifyTextPresentKeyword.groovy:68)
	at com.kms.katalon.core.keyword.internal.KeywordExecutor.executeKeywordForPlatform(KeywordExecutor.groovy:53)
	at com.kms.katalon.core.webui.keyword.WebUiBuiltInKeywords.verifyTextPresent(WebUiBuiltInKeywords.groovy:1693)
	at com.kms.katalon.core.webui.keyword.WebUiBuiltInKeywords$verifyTextPresent$6.call(Unknown Source)
	at org.codehaus.groovy.runtime.callsite.CallSiteArray.defaultCall(CallSiteArray.java:48)
	at org.codehaus.groovy.runtime.callsite.AbstractCallSite.call(AbstractCallSite.java:113)
	at org.codehaus.groovy.runtime.callsite.AbstractCallSite.call(AbstractCallSite.java:133)
	at Script1538991414059.run(Script1538991414059.groovy:35)
	at com.kms.katalon.core.main.ScriptEngine.run(ScriptEngine.java:183)
	at com.kms.katalon.core.main.ScriptEngine.runScriptAsRawText(ScriptEngine.java:108)
	at com.kms.katalon.core.main.TestCaseExecutor.runScript(TestCaseExecutor.java:294)
	at com.kms.katalon.core.main.TestCaseExecutor.doExecute(TestCaseExecutor.java:285)
	at com.kms.katalon.core.main.TestCaseExecutor.processExecutionPhase(TestCaseExecutor.java:264)
	at com.kms.katalon.core.main.TestCaseExecutor.accessMainPhase(TestCaseExecutor.java:256)
	at com.kms.katalon.core.main.TestCaseExecutor.execute(TestCaseExecutor.java:200)
	at com.kms.katalon.core.main.TestSuiteExecutor.accessTestCaseMainPhase(TestSuiteExecutor.java:129)
	at com.kms.katalon.core.main.TestSuiteExecutor.accessTestSuiteMainPhase(TestSuiteExecutor.java:112)
	at com.kms.katalon.core.main.TestSuiteExecutor.execute(TestSuiteExecutor.java:81)
	at com.kms.katalon.core.main.TestCaseMain.startTestSuite(TestCaseMain.java:142)
	at com.kms.katalon.core.main.TestCaseMain$startTestSuite$0.call(Unknown Source)
	at org.codehaus.groovy.runtime.callsite.CallSiteArray.defaultCall(CallSiteArray.java:48)
	at org.codehaus.groovy.runtime.callsite.AbstractCallSite.call(AbstractCallSite.java:113)
	at org.codehaus.groovy.runtime.callsite.AbstractCallSite.call(AbstractCallSite.java:141)
	at TempTestSuite1540292027198.run(TempTestSuite1540292027198.groovy:36)
	at groovy.lang.GroovyShell.runScriptOrMainOrTestOrRunnable(GroovyShell.java:263)
	at groovy.lang.GroovyShell.run(GroovyShell.java:518)
	at groovy.lang.GroovyShell.run(GroovyShell.java:507)
	at groovy.ui.GroovyMain.processOnce(GroovyMain.java:653)
	at groovy.ui.GroovyMain.run(GroovyMain.java:384)
	at groovy.ui.GroovyMain.process(GroovyMain.java:370)
	at groovy.ui.GroovyMain.processArgs(GroovyMain.java:129)
	at groovy.ui.GroovyMain.main(GroovyMain.java:109)
	at sun.reflect.NativeMethodAccessorImpl.invoke0(Native Method)
	at sun.reflect.NativeMethodAccessorImpl.invoke(NativeMethodAccessorImpl.java:62)
	at sun.reflect.DelegatingMethodAccessorImpl.invoke(DelegatingMethodAccessorImpl.java:43)
	at java.lang.reflect.Method.invoke(Method.java:498)
	at org.codehaus.groovy.tools.GroovyStarter.rootLoader(GroovyStarter.java:109)
	at org.codehaus.groovy.tools.GroovyStarter.main(GroovyStarter.java:131)
)"/>
         <system-out><![CDATA[2018-10-23 16:24:54 - [TEST_CASE][FAILED] - Test Cases/Associate Application/Associate Login/TCBA01006: Test Cases/Associate Application/Associate Login/TCBA01006 FAILED because (of) (Stack trace: com.kms.katalon.core.exception.StepFailedException: Unable to verify text 'Username was not found.' is present  (Root cause: Text 'Username was not found.' is not present on page )
	at com.kms.katalon.core.keyword.internal.KeywordMain.stepFailed(KeywordMain.groovy:36)
	at com.kms.katalon.core.webui.keyword.internal.WebUIKeywordMain.stepFailed(WebUIKeywordMain.groovy:65)
	at com.kms.katalon.core.webui.keyword.internal.WebUIKeywordMain.runKeyword(WebUIKeywordMain.groovy:27)
	at com.kms.katalon.core.webui.keyword.builtin.VerifyTextPresentKeyword.verifyTextPresent(VerifyTextPresentKeyword.groovy:83)
	at com.kms.katalon.core.webui.keyword.builtin.VerifyTextPresentKeyword.execute(VerifyTextPresentKeyword.groovy:68)
	at com.kms.katalon.core.keyword.internal.KeywordExecutor.executeKeywordForPlatform(KeywordExecutor.groovy:53)
	at com.kms.katalon.core.webui.keyword.WebUiBuiltInKeywords.verifyTextPresent(WebUiBuiltInKeywords.groovy:1693)
	at com.kms.katalon.core.webui.keyword.WebUiBuiltInKeywords$verifyTextPresent$6.call(Unknown Source)
	at org.codehaus.groovy.runtime.callsite.CallSiteArray.defaultCall(CallSiteArray.java:48)
	at org.codehaus.groovy.runtime.callsite.AbstractCallSite.call(AbstractCallSite.java:113)
	at org.codehaus.groovy.runtime.callsite.AbstractCallSite.call(AbstractCallSite.java:133)
	at Script1538991414059.run(Script1538991414059.groovy:35)
	at com.kms.katalon.core.main.ScriptEngine.run(ScriptEngine.java:183)
	at com.kms.katalon.core.main.ScriptEngine.runScriptAsRawText(ScriptEngine.java:108)
	at com.kms.katalon.core.main.TestCaseExecutor.runScript(TestCaseExecutor.java:294)
	at com.kms.katalon.core.main.TestCaseExecutor.doExecute(TestCaseExecutor.java:285)
	at com.kms.katalon.core.main.TestCaseExecutor.processExecutionPhase(TestCaseExecutor.java:264)
	at com.kms.katalon.core.main.TestCaseExecutor.accessMainPhase(TestCaseExecutor.java:256)
	at com.kms.katalon.core.main.TestCaseExecutor.execute(TestCaseExecutor.java:200)
	at com.kms.katalon.core.main.TestSuiteExecutor.accessTestCaseMainPhase(TestSuiteExecutor.java:129)
	at com.kms.katalon.core.main.TestSuiteExecutor.accessTestSuiteMainPhase(TestSuiteExecutor.java:112)
	at com.kms.katalon.core.main.TestSuiteExecutor.execute(TestSuiteExecutor.java:81)
	at com.kms.katalon.core.main.TestCaseMain.startTestSuite(TestCaseMain.java:142)
	at com.kms.katalon.core.main.TestCaseMain$startTestSuite$0.call(Unknown Source)
	at org.codehaus.groovy.runtime.callsite.CallSiteArray.defaultCall(CallSiteArray.java:48)
	at org.codehaus.groovy.runtime.callsite.AbstractCallSite.call(AbstractCallSite.java:113)
	at org.codehaus.groovy.runtime.callsite.AbstractCallSite.call(AbstractCallSite.java:141)
	at TempTestSuite1540292027198.run(TempTestSuite1540292027198.groovy:36)
	at groovy.lang.GroovyShell.runScriptOrMainOrTestOrRunnable(GroovyShell.java:263)
	at groovy.lang.GroovyShell.run(GroovyShell.java:518)
	at groovy.lang.GroovyShell.run(GroovyShell.java:507)
	at groovy.ui.GroovyMain.processOnce(GroovyMain.java:653)
	at groovy.ui.GroovyMain.run(GroovyMain.java:384)
	at groovy.ui.GroovyMain.process(GroovyMain.java:370)
	at groovy.ui.GroovyMain.processArgs(GroovyMain.java:129)
	at groovy.ui.GroovyMain.main(GroovyMain.java:109)
	at sun.reflect.NativeMethodAccessorImpl.invoke0(Native Method)
	at sun.reflect.NativeMethodAccessorImpl.invoke(NativeMethodAccessorImpl.java:62)
	at sun.reflect.DelegatingMethodAccessorImpl.invoke(DelegatingMethodAccessorImpl.java:43)
	at java.lang.reflect.Method.invoke(Method.java:498)
	at org.codehaus.groovy.tools.GroovyStarter.rootLoader(GroovyStarter.java:109)
	at org.codehaus.groovy.tools.GroovyStarter.main(GroovyStarter.java:131)
)

2018-10-23 16:24:54 - [TEST_STEP][PASSED] - setText: Text '' is set on object 'Object Repository/Page_Log In  5-15/input_txtUserName'

2018-10-23 16:24:54 - [MESSAGE][PASSED] - Text '' is set on object 'Object Repository/Page_Log In  5-15/input_txtUserName'

2018-10-23 16:24:54 - [TEST_STEP][PASSED] - setText: Text '' is set on object 'Object Repository/Page_Log In  5-15/input_txtPassword'

2018-10-23 16:24:55 - [MESSAGE][PASSED] - Text '' is set on object 'Object Repository/Page_Log In  5-15/input_txtPassword'

2018-10-23 16:24:55 - [TEST_STEP][PASSED] - setText: Text '232323@#@#@#@' is set on object 'Object Repository/Page_Log In  5-15/input_txtUserName'

2018-10-23 16:24:55 - [MESSAGE][PASSED] - Text '232323@#@#@#@' is set on object 'Object Repository/Page_Log In  5-15/input_txtUserName'

2018-10-23 16:24:55 - [TEST_STEP][PASSED] - setEncryptedText: Text ****** has been set on object 'Object Repository/Page_Log In  5-15/input_txtPassword'

2018-10-23 16:24:55 - [MESSAGE][PASSED] - Text ****** has been set on object 'Object Repository/Page_Log In  5-15/input_txtPassword'

2018-10-23 16:24:55 - [TEST_STEP][PASSED] - click: Object: 'Object Repository/Page_Log In  5-15/button_Log in' is clicked on

2018-10-23 16:24:55 - [MESSAGE][PASSED] - Object: 'Object Repository/Page_Log In  5-15/button_Log in' is clicked on

2018-10-23 16:24:55 - [TEST_STEP][PASSED] - delay: Delayed 3 second(s)

2018-10-23 16:24:58 - [MESSAGE][PASSED] - Delayed 3 second(s)

2018-10-23 16:24:58 - [TEST_STEP][FAILED] - verifyTextPresent: Unable to verify text 'Username was not found.' is present  (Root cause: Text 'Username was not found.' is not present on page )

2018-10-23 16:24:58 - [MESSAGE][FAILED] - Text 'Username was not found.' is not present on page 

2018-10-23 16:24:59 - [MESSAGE][FAILED] - Unable to verify text 'Username was not found.' is present  (Root cause: Text 'Username was not found.' is not present on page )
[[ATTACHMENT|F:\\VofoxQA\\Bonanza\\Katalon\\Reports\\VBZ0010-Associate Login\\20181023_162347\\1540292098928.png]]]]></system-out>
         <system-err><![CDATA[2018-10-23 16:24:54 - [TEST_CASE][FAILED] - Test Cases/Associate Application/Associate Login/TCBA01006: Test Cases/Associate Application/Associate Login/TCBA01006 FAILED because (of) (Stack trace: com.kms.katalon.core.exception.StepFailedException: Unable to verify text 'Username was not found.' is present  (Root cause: Text 'Username was not found.' is not present on page )
	at com.kms.katalon.core.keyword.internal.KeywordMain.stepFailed(KeywordMain.groovy:36)
	at com.kms.katalon.core.webui.keyword.internal.WebUIKeywordMain.stepFailed(WebUIKeywordMain.groovy:65)
	at com.kms.katalon.core.webui.keyword.internal.WebUIKeywordMain.runKeyword(WebUIKeywordMain.groovy:27)
	at com.kms.katalon.core.webui.keyword.builtin.VerifyTextPresentKeyword.verifyTextPresent(VerifyTextPresentKeyword.groovy:83)
	at com.kms.katalon.core.webui.keyword.builtin.VerifyTextPresentKeyword.execute(VerifyTextPresentKeyword.groovy:68)
	at com.kms.katalon.core.keyword.internal.KeywordExecutor.executeKeywordForPlatform(KeywordExecutor.groovy:53)
	at com.kms.katalon.core.webui.keyword.WebUiBuiltInKeywords.verifyTextPresent(WebUiBuiltInKeywords.groovy:1693)
	at com.kms.katalon.core.webui.keyword.WebUiBuiltInKeywords$verifyTextPresent$6.call(Unknown Source)
	at org.codehaus.groovy.runtime.callsite.CallSiteArray.defaultCall(CallSiteArray.java:48)
	at org.codehaus.groovy.runtime.callsite.AbstractCallSite.call(AbstractCallSite.java:113)
	at org.codehaus.groovy.runtime.callsite.AbstractCallSite.call(AbstractCallSite.java:133)
	at Script1538991414059.run(Script1538991414059.groovy:35)
	at com.kms.katalon.core.main.ScriptEngine.run(ScriptEngine.java:183)
	at com.kms.katalon.core.main.ScriptEngine.runScriptAsRawText(ScriptEngine.java:108)
	at com.kms.katalon.core.main.TestCaseExecutor.runScript(TestCaseExecutor.java:294)
	at com.kms.katalon.core.main.TestCaseExecutor.doExecute(TestCaseExecutor.java:285)
	at com.kms.katalon.core.main.TestCaseExecutor.processExecutionPhase(TestCaseExecutor.java:264)
	at com.kms.katalon.core.main.TestCaseExecutor.accessMainPhase(TestCaseExecutor.java:256)
	at com.kms.katalon.core.main.TestCaseExecutor.execute(TestCaseExecutor.java:200)
	at com.kms.katalon.core.main.TestSuiteExecutor.accessTestCaseMainPhase(TestSuiteExecutor.java:129)
	at com.kms.katalon.core.main.TestSuiteExecutor.accessTestSuiteMainPhase(TestSuiteExecutor.java:112)
	at com.kms.katalon.core.main.TestSuiteExecutor.execute(TestSuiteExecutor.java:81)
	at com.kms.katalon.core.main.TestCaseMain.startTestSuite(TestCaseMain.java:142)
	at com.kms.katalon.core.main.TestCaseMain$startTestSuite$0.call(Unknown Source)
	at org.codehaus.groovy.runtime.callsite.CallSiteArray.defaultCall(CallSiteArray.java:48)
	at org.codehaus.groovy.runtime.callsite.AbstractCallSite.call(AbstractCallSite.java:113)
	at org.codehaus.groovy.runtime.callsite.AbstractCallSite.call(AbstractCallSite.java:141)
	at TempTestSuite1540292027198.run(TempTestSuite1540292027198.groovy:36)
	at groovy.lang.GroovyShell.runScriptOrMainOrTestOrRunnable(GroovyShell.java:263)
	at groovy.lang.GroovyShell.run(GroovyShell.java:518)
	at groovy.lang.GroovyShell.run(GroovyShell.java:507)
	at groovy.ui.GroovyMain.processOnce(GroovyMain.java:653)
	at groovy.ui.GroovyMain.run(GroovyMain.java:384)
	at groovy.ui.GroovyMain.process(GroovyMain.java:370)
	at groovy.ui.GroovyMain.processArgs(GroovyMain.java:129)
	at groovy.ui.GroovyMain.main(GroovyMain.java:109)
	at sun.reflect.NativeMethodAccessorImpl.invoke0(Native Method)
	at sun.reflect.NativeMethodAccessorImpl.invoke(NativeMethodAccessorImpl.java:62)
	at sun.reflect.DelegatingMethodAccessorImpl.invoke(DelegatingMethodAccessorImpl.java:43)
	at java.lang.reflect.Method.invoke(Method.java:498)
	at org.codehaus.groovy.tools.GroovyStarter.rootLoader(GroovyStarter.java:109)
	at org.codehaus.groovy.tools.GroovyStarter.main(GroovyStarter.java:131)
)]]></system-err>
      </testcase>
      <testcase name="Test Cases/Associate Application/Associate Login/TCBA01007" classname="Test Cases/Associate Application/Associate Login/TCBA01007" status="PASSED">
         <system-out><![CDATA[2018-10-23 16:24:59 - [TEST_CASE][PASSED] - Test Cases/Associate Application/Associate Login/TCBA01007: Test Cases/Associate Application/Associate Login/TCBA01007

2018-10-23 16:24:59 - [TEST_STEP][PASSED] - setText: Text '' is set on object 'Object Repository/Page_Log In  5-15/input_txtUserName'

2018-10-23 16:24:59 - [MESSAGE][PASSED] - Text '' is set on object 'Object Repository/Page_Log In  5-15/input_txtUserName'

2018-10-23 16:24:59 - [TEST_STEP][PASSED] - setText: Text '' is set on object 'Object Repository/Page_Log In  5-15/input_txtPassword'

2018-10-23 16:24:59 - [MESSAGE][PASSED] - Text '' is set on object 'Object Repository/Page_Log In  5-15/input_txtPassword'

2018-10-23 16:24:59 - [TEST_STEP][PASSED] - setText: Text 'Shinto-Test2' is set on object 'Object Repository/Page_Log In  5-15/input_txtUserName'

2018-10-23 16:25:00 - [MESSAGE][PASSED] - Text 'Shinto-Test2' is set on object 'Object Repository/Page_Log In  5-15/input_txtUserName'

2018-10-23 16:25:00 - [TEST_STEP][PASSED] - setEncryptedText: Text ****** has been set on object 'Object Repository/Page_Log In  5-15/input_txtPassword'

2018-10-23 16:25:00 - [MESSAGE][PASSED] - Text ****** has been set on object 'Object Repository/Page_Log In  5-15/input_txtPassword'

2018-10-23 16:25:00 - [TEST_STEP][PASSED] - click: Object: 'Object Repository/Page_Log In  5-15/button_Log in' is clicked on

2018-10-23 16:25:00 - [MESSAGE][PASSED] - Object: 'Object Repository/Page_Log In  5-15/button_Log in' is clicked on

2018-10-23 16:25:00 - [TEST_STEP][PASSED] - setText: Text '' is set on object 'Object Repository/Page_Log In  5-15/input_txtUserName'

2018-10-23 16:25:00 - [MESSAGE][PASSED] - Text '' is set on object 'Object Repository/Page_Log In  5-15/input_txtUserName'

2018-10-23 16:25:00 - [TEST_STEP][PASSED] - setText: Text '' is set on object 'Object Repository/Page_Log In  5-15/input_txtPassword'

2018-10-23 16:25:00 - [MESSAGE][PASSED] - Text '' is set on object 'Object Repository/Page_Log In  5-15/input_txtPassword'

2018-10-23 16:25:00 - [TEST_STEP][PASSED] - setText: Text 'Shinto-Test2' is set on object 'Object Repository/Page_Log In  5-15/input_txtUserName'

2018-10-23 16:25:01 - [MESSAGE][PASSED] - Text 'Shinto-Test2' is set on object 'Object Repository/Page_Log In  5-15/input_txtUserName'

2018-10-23 16:25:01 - [TEST_STEP][PASSED] - setEncryptedText: Text ****** has been set on object 'Object Repository/Page_Log In  5-15/input_txtPassword'

2018-10-23 16:25:01 - [MESSAGE][PASSED] - Text ****** has been set on object 'Object Repository/Page_Log In  5-15/input_txtPassword'

2018-10-23 16:25:01 - [TEST_STEP][PASSED] - click: Object: 'Object Repository/Page_Log In  5-15/button_Log in' is clicked on

2018-10-23 16:25:01 - [MESSAGE][PASSED] - Object: 'Object Repository/Page_Log In  5-15/button_Log in' is clicked on

2018-10-23 16:25:01 - [TEST_STEP][PASSED] - setText: Text '' is set on object 'Object Repository/Page_Log In  5-15/input_txtUserName'

2018-10-23 16:25:01 - [MESSAGE][PASSED] - Text '' is set on object 'Object Repository/Page_Log In  5-15/input_txtUserName'

2018-10-23 16:25:01 - [TEST_STEP][PASSED] - setText: Text '' is set on object 'Object Repository/Page_Log In  5-15/input_txtPassword'

2018-10-23 16:25:01 - [MESSAGE][PASSED] - Text '' is set on object 'Object Repository/Page_Log In  5-15/input_txtPassword'

2018-10-23 16:25:01 - [TEST_STEP][PASSED] - setText: Text 'Shinto-Test2' is set on object 'Object Repository/Page_Log In  5-15/input_txtUserName'

2018-10-23 16:25:02 - [MESSAGE][PASSED] - Text 'Shinto-Test2' is set on object 'Object Repository/Page_Log In  5-15/input_txtUserName'

2018-10-23 16:25:02 - [TEST_STEP][PASSED] - setEncryptedText: Text ****** has been set on object 'Object Repository/Page_Log In  5-15/input_txtPassword'

2018-10-23 16:25:02 - [MESSAGE][PASSED] - Text ****** has been set on object 'Object Repository/Page_Log In  5-15/input_txtPassword'

2018-10-23 16:25:02 - [TEST_STEP][PASSED] - click: Object: 'Object Repository/Page_Log In  5-15/button_Log in' is clicked on

2018-10-23 16:25:02 - [MESSAGE][PASSED] - Object: 'Object Repository/Page_Log In  5-15/button_Log in' is clicked on

2018-10-23 16:25:02 - [TEST_STEP][PASSED] - verifyElementPresent: Object 'Object Repository/Page_Log In  5-15/div_You have been locked out.' is present

2018-10-23 16:25:02 - [MESSAGE][WARNING] - Timeout '0' is invalid. Using default page load timeout: '30'

2018-10-23 16:25:03 - [MESSAGE][PASSED] - Object 'Object Repository/Page_Log In  5-15/div_You have been locked out.' is present]]></system-out>
         <system-err><![CDATA[]]></system-err>
      </testcase>
      <testcase name="Test Cases/Associate Application/Associate Login/TCBA01008" classname="Test Cases/Associate Application/Associate Login/TCBA01008" status="PASSED">
         <system-out><![CDATA[2018-10-23 16:25:03 - [TEST_CASE][PASSED] - Test Cases/Associate Application/Associate Login/TCBA01008: Test Cases/Associate Application/Associate Login/TCBA01008

2018-10-23 16:25:03 - [TEST_STEP][PASSED] - setText: Text '' is set on object 'Object Repository/Page_Log In  5-15/input_txtUserName'

2018-10-23 16:25:03 - [MESSAGE][PASSED] - Text '' is set on object 'Object Repository/Page_Log In  5-15/input_txtUserName'

2018-10-23 16:25:03 - [TEST_STEP][PASSED] - setText: Text '' is set on object 'Object Repository/Page_Log In  5-15/input_txtPassword'

2018-10-23 16:25:04 - [MESSAGE][PASSED] - Text '' is set on object 'Object Repository/Page_Log In  5-15/input_txtPassword'

2018-10-23 16:25:04 - [TEST_STEP][PASSED] - setText: Text 'Shinto-Test' is set on object 'Object Repository/Page_Log In  5-15/input_txtUserName'

2018-10-23 16:25:04 - [MESSAGE][PASSED] - Text 'Shinto-Test' is set on object 'Object Repository/Page_Log In  5-15/input_txtUserName'

2018-10-23 16:25:04 - [TEST_STEP][PASSED] - setEncryptedText: Text ****** has been set on object 'Object Repository/Page_Log In  5-15/input_txtPassword'

2018-10-23 16:25:04 - [MESSAGE][PASSED] - Text ****** has been set on object 'Object Repository/Page_Log In  5-15/input_txtPassword'

2018-10-23 16:25:04 - [TEST_STEP][PASSED] - click: Object: 'Object Repository/Page_Log In  5-15/button_Log in' is clicked on

2018-10-23 16:25:04 - [MESSAGE][PASSED] - Object: 'Object Repository/Page_Log In  5-15/button_Log in' is clicked on]]></system-out>
         <system-err><![CDATA[]]></system-err>
      </testcase>
      <system-out><![CDATA[2018-10-23 16:23:49 - [TEST_SUITE][FAILED] - VBZ0010-Associate Login: Test Cases/Associate Application/Associate Login/TCBA01006 FAILED because (of) (Stack trace: com.kms.katalon.core.exception.StepFailedException: Unable to verify text 'Username was not found.' is present  (Root cause: Text 'Username was not found.' is not present on page )
	at com.kms.katalon.core.keyword.internal.KeywordMain.stepFailed(KeywordMain.groovy:36)
	at com.kms.katalon.core.webui.keyword.internal.WebUIKeywordMain.stepFailed(WebUIKeywordMain.groovy:65)
	at com.kms.katalon.core.webui.keyword.internal.WebUIKeywordMain.runKeyword(WebUIKeywordMain.groovy:27)
	at com.kms.katalon.core.webui.keyword.builtin.VerifyTextPresentKeyword.verifyTextPresent(VerifyTextPresentKeyword.groovy:83)
	at com.kms.katalon.core.webui.keyword.builtin.VerifyTextPresentKeyword.execute(VerifyTextPresentKeyword.groovy:68)
	at com.kms.katalon.core.keyword.internal.KeywordExecutor.executeKeywordForPlatform(KeywordExecutor.groovy:53)
	at com.kms.katalon.core.webui.keyword.WebUiBuiltInKeywords.verifyTextPresent(WebUiBuiltInKeywords.groovy:1693)
	at com.kms.katalon.core.webui.keyword.WebUiBuiltInKeywords$verifyTextPresent$6.call(Unknown Source)
	at org.codehaus.groovy.runtime.callsite.CallSiteArray.defaultCall(CallSiteArray.java:48)
	at org.codehaus.groovy.runtime.callsite.AbstractCallSite.call(AbstractCallSite.java:113)
	at org.codehaus.groovy.runtime.callsite.AbstractCallSite.call(AbstractCallSite.java:133)
	at Script1538991414059.run(Script1538991414059.groovy:35)
	at com.kms.katalon.core.main.ScriptEngine.run(ScriptEngine.java:183)
	at com.kms.katalon.core.main.ScriptEngine.runScriptAsRawText(ScriptEngine.java:108)
	at com.kms.katalon.core.main.TestCaseExecutor.runScript(TestCaseExecutor.java:294)
	at com.kms.katalon.core.main.TestCaseExecutor.doExecute(TestCaseExecutor.java:285)
	at com.kms.katalon.core.main.TestCaseExecutor.processExecutionPhase(TestCaseExecutor.java:264)
	at com.kms.katalon.core.main.TestCaseExecutor.accessMainPhase(TestCaseExecutor.java:256)
	at com.kms.katalon.core.main.TestCaseExecutor.execute(TestCaseExecutor.java:200)
	at com.kms.katalon.core.main.TestSuiteExecutor.accessTestCaseMainPhase(TestSuiteExecutor.java:129)
	at com.kms.katalon.core.main.TestSuiteExecutor.accessTestSuiteMainPhase(TestSuiteExecutor.java:112)
	at com.kms.katalon.core.main.TestSuiteExecutor.execute(TestSuiteExecutor.java:81)
	at com.kms.katalon.core.main.TestCaseMain.startTestSuite(TestCaseMain.java:142)
	at com.kms.katalon.core.main.TestCaseMain$startTestSuite$0.call(Unknown Source)
	at org.codehaus.groovy.runtime.callsite.CallSiteArray.defaultCall(CallSiteArray.java:48)
	at org.codehaus.groovy.runtime.callsite.AbstractCallSite.call(AbstractCallSite.java:113)
	at org.codehaus.groovy.runtime.callsite.AbstractCallSite.call(AbstractCallSite.java:141)
	at TempTestSuite1540292027198.run(TempTestSuite1540292027198.groovy:36)
	at groovy.lang.GroovyShell.runScriptOrMainOrTestOrRunnable(GroovyShell.java:263)
	at groovy.lang.GroovyShell.run(GroovyShell.java:518)
	at groovy.lang.GroovyShell.run(GroovyShell.java:507)
	at groovy.ui.GroovyMain.processOnce(GroovyMain.java:653)
	at groovy.ui.GroovyMain.run(GroovyMain.java:384)
	at groovy.ui.GroovyMain.process(GroovyMain.java:370)
	at groovy.ui.GroovyMain.processArgs(GroovyMain.java:129)
	at groovy.ui.GroovyMain.main(GroovyMain.java:109)
	at sun.reflect.NativeMethodAccessorImpl.invoke0(Native Method)
	at sun.reflect.NativeMethodAccessorImpl.invoke(NativeMethodAccessorImpl.java:62)
	at sun.reflect.DelegatingMethodAccessorImpl.invoke(DelegatingMethodAccessorImpl.java:43)
	at java.lang.reflect.Method.invoke(Method.java:498)
	at org.codehaus.groovy.tools.GroovyStarter.rootLoader(GroovyStarter.java:109)
	at org.codehaus.groovy.tools.GroovyStarter.main(GroovyStarter.java:131)
)]]></system-out>
      <system-err><![CDATA[2018-10-23 16:23:49 - [TEST_SUITE][FAILED] - VBZ0010-Associate Login: Test Cases/Associate Application/Associate Login/TCBA01006 FAILED because (of) (Stack trace: com.kms.katalon.core.exception.StepFailedException: Unable to verify text 'Username was not found.' is present  (Root cause: Text 'Username was not found.' is not present on page )
	at com.kms.katalon.core.keyword.internal.KeywordMain.stepFailed(KeywordMain.groovy:36)
	at com.kms.katalon.core.webui.keyword.internal.WebUIKeywordMain.stepFailed(WebUIKeywordMain.groovy:65)
	at com.kms.katalon.core.webui.keyword.internal.WebUIKeywordMain.runKeyword(WebUIKeywordMain.groovy:27)
	at com.kms.katalon.core.webui.keyword.builtin.VerifyTextPresentKeyword.verifyTextPresent(VerifyTextPresentKeyword.groovy:83)
	at com.kms.katalon.core.webui.keyword.builtin.VerifyTextPresentKeyword.execute(VerifyTextPresentKeyword.groovy:68)
	at com.kms.katalon.core.keyword.internal.KeywordExecutor.executeKeywordForPlatform(KeywordExecutor.groovy:53)
	at com.kms.katalon.core.webui.keyword.WebUiBuiltInKeywords.verifyTextPresent(WebUiBuiltInKeywords.groovy:1693)
	at com.kms.katalon.core.webui.keyword.WebUiBuiltInKeywords$verifyTextPresent$6.call(Unknown Source)
	at org.codehaus.groovy.runtime.callsite.CallSiteArray.defaultCall(CallSiteArray.java:48)
	at org.codehaus.groovy.runtime.callsite.AbstractCallSite.call(AbstractCallSite.java:113)
	at org.codehaus.groovy.runtime.callsite.AbstractCallSite.call(AbstractCallSite.java:133)
	at Script1538991414059.run(Script1538991414059.groovy:35)
	at com.kms.katalon.core.main.ScriptEngine.run(ScriptEngine.java:183)
	at com.kms.katalon.core.main.ScriptEngine.runScriptAsRawText(ScriptEngine.java:108)
	at com.kms.katalon.core.main.TestCaseExecutor.runScript(TestCaseExecutor.java:294)
	at com.kms.katalon.core.main.TestCaseExecutor.doExecute(TestCaseExecutor.java:285)
	at com.kms.katalon.core.main.TestCaseExecutor.processExecutionPhase(TestCaseExecutor.java:264)
	at com.kms.katalon.core.main.TestCaseExecutor.accessMainPhase(TestCaseExecutor.java:256)
	at com.kms.katalon.core.main.TestCaseExecutor.execute(TestCaseExecutor.java:200)
	at com.kms.katalon.core.main.TestSuiteExecutor.accessTestCaseMainPhase(TestSuiteExecutor.java:129)
	at com.kms.katalon.core.main.TestSuiteExecutor.accessTestSuiteMainPhase(TestSuiteExecutor.java:112)
	at com.kms.katalon.core.main.TestSuiteExecutor.execute(TestSuiteExecutor.java:81)
	at com.kms.katalon.core.main.TestCaseMain.startTestSuite(TestCaseMain.java:142)
	at com.kms.katalon.core.main.TestCaseMain$startTestSuite$0.call(Unknown Source)
	at org.codehaus.groovy.runtime.callsite.CallSiteArray.defaultCall(CallSiteArray.java:48)
	at org.codehaus.groovy.runtime.callsite.AbstractCallSite.call(AbstractCallSite.java:113)
	at org.codehaus.groovy.runtime.callsite.AbstractCallSite.call(AbstractCallSite.java:141)
	at TempTestSuite1540292027198.run(TempTestSuite1540292027198.groovy:36)
	at groovy.lang.GroovyShell.runScriptOrMainOrTestOrRunnable(GroovyShell.java:263)
	at groovy.lang.GroovyShell.run(GroovyShell.java:518)
	at groovy.lang.GroovyShell.run(GroovyShell.java:507)
	at groovy.ui.GroovyMain.processOnce(GroovyMain.java:653)
	at groovy.ui.GroovyMain.run(GroovyMain.java:384)
	at groovy.ui.GroovyMain.process(GroovyMain.java:370)
	at groovy.ui.GroovyMain.processArgs(GroovyMain.java:129)
	at groovy.ui.GroovyMain.main(GroovyMain.java:109)
	at sun.reflect.NativeMethodAccessorImpl.invoke0(Native Method)
	at sun.reflect.NativeMethodAccessorImpl.invoke(NativeMethodAccessorImpl.java:62)
	at sun.reflect.DelegatingMethodAccessorImpl.invoke(DelegatingMethodAccessorImpl.java:43)
	at java.lang.reflect.Method.invoke(Method.java:498)
	at org.codehaus.groovy.tools.GroovyStarter.rootLoader(GroovyStarter.java:109)
	at org.codehaus.groovy.tools.GroovyStarter.main(GroovyStarter.java:131)
)]]></system-err>
   </testsuite>
</testsuites>
